   9.99999978E-03              NaN              NaN              NaN
   1.99999996E-02              NaN              NaN              NaN
   2.99999993E-02              NaN              NaN              NaN
   3.99999991E-02              NaN              NaN              NaN
   4.99999970E-02              NaN              NaN              NaN
   5.99999987E-02              NaN              NaN              NaN
   7.00000003E-02              NaN              NaN              NaN
   7.99999982E-02              NaN              NaN              NaN
   8.99999961E-02              NaN              NaN              NaN
   9.99999940E-02              NaN              NaN              NaN
  0.109999999                  NaN              NaN              NaN
  0.119999997                  NaN              NaN              NaN
  0.129999995                  NaN              NaN              NaN
  0.140000001                  NaN              NaN              NaN
  0.149999991                  NaN              NaN              NaN
  0.159999996                  NaN              NaN              NaN
  0.170000002                  NaN              NaN              NaN
  0.179999992                  NaN              NaN              NaN
  0.189999998                  NaN              NaN              NaN
  0.199999988                  NaN              NaN              NaN
  0.209999993                  NaN              NaN              NaN
  0.219999999                  NaN              NaN              NaN
  0.229999989                  NaN              NaN              NaN
  0.239999995                  NaN              NaN              NaN
  0.250000000                  NaN              NaN              NaN
  0.259999990                  NaN              NaN              NaN
  0.269999981                  NaN              NaN              NaN
  0.280000001                  NaN              NaN              NaN
  0.289999992                  NaN              NaN              NaN
  0.299999982                  NaN              NaN              NaN
  0.310000002                  NaN              NaN              NaN
  0.319999993                  NaN              NaN              NaN
  0.329999983                  NaN              NaN              NaN
  0.340000004                  NaN              NaN              NaN
  0.349999994                  NaN              NaN              NaN
  0.359999985                  NaN              NaN              NaN
  0.370000005                  NaN              NaN              NaN
  0.379999995                  NaN              NaN              NaN
  0.389999986                  NaN              NaN              NaN
  0.399999976                  NaN              NaN              NaN
  0.409999996                  NaN              NaN              NaN
  0.419999987                  NaN              NaN              NaN
  0.429999977                  NaN              NaN              NaN
  0.439999998                  NaN              NaN              NaN
  0.449999988                  NaN              NaN              NaN
  0.459999979                  NaN              NaN              NaN
  0.469999999                  NaN              NaN              NaN
  0.479999989                  NaN              NaN              NaN
  0.489999980                  NaN              NaN              NaN
  0.500000000                  NaN              NaN              NaN
  0.509999990                  NaN              NaN              NaN
  0.519999981                  NaN              NaN              NaN
  0.529999971                  NaN              NaN              NaN
  0.539999962                  NaN              NaN              NaN
  0.550000012                  NaN              NaN              NaN
  0.560000002                  NaN              NaN              NaN
  0.569999993                  NaN              NaN              NaN
  0.579999983                  NaN              NaN              NaN
  0.589999974                  NaN              NaN              NaN
  0.599999964                  NaN              NaN              NaN
  0.610000014                  NaN              NaN              NaN
  0.620000005                  NaN              NaN              NaN
  0.629999995                  NaN              NaN              NaN
  0.639999986                  NaN              NaN              NaN
  0.649999976                  NaN              NaN              NaN
  0.659999967                  NaN              NaN              NaN
  0.669999957                  NaN              NaN              NaN
  0.680000007                  NaN              NaN              NaN
  0.689999998                  NaN              NaN              NaN
  0.699999988                  NaN              NaN              NaN
  0.709999979                  NaN              NaN              NaN
  0.719999969                  NaN              NaN              NaN
  0.729999959                  NaN              NaN              NaN
  0.740000010                  NaN              NaN              NaN
  0.750000000                  NaN              NaN              NaN
  0.759999990                  NaN              NaN              NaN
  0.769999981                  NaN              NaN              NaN
  0.779999971                  NaN              NaN              NaN
  0.789999962                  NaN              NaN              NaN
  0.799999952                  NaN              NaN              NaN
  0.810000002                  NaN              NaN              NaN
  0.819999993                  NaN              NaN              NaN
  0.829999983                  NaN              NaN              NaN
  0.839999974                  NaN              NaN              NaN
  0.849999964                  NaN              NaN              NaN
  0.859999955                  NaN              NaN              NaN
  0.870000005                  NaN              NaN              NaN
  0.879999995                  NaN              NaN              NaN
  0.889999986                  NaN              NaN              NaN
  0.899999976                  NaN              NaN              NaN
  0.909999967                  NaN              NaN              NaN
  0.919999957                  NaN              NaN              NaN
  0.930000007                  NaN              NaN              NaN
  0.939999998                  NaN              NaN              NaN
  0.949999988                  NaN              NaN              NaN
  0.959999979                  NaN              NaN              NaN
  0.969999969                  NaN              NaN              NaN
  0.979999959                  NaN              NaN              NaN
  0.989999950                  NaN              NaN              NaN
   1.00000000                  NaN              NaN              NaN
   1.00999999                  NaN              NaN              NaN
   1.01999998                  NaN              NaN              NaN
   1.02999997                  NaN              NaN              NaN
   1.03999996                  NaN              NaN              NaN
   1.04999995                  NaN              NaN              NaN
   1.05999994                  NaN              NaN              NaN
   1.06999993                  NaN              NaN              NaN
   1.07999992                  NaN              NaN              NaN
   1.09000003                  NaN              NaN              NaN
   1.10000002                  NaN              NaN              NaN
   1.11000001                  NaN              NaN              NaN
   1.12000000                  NaN              NaN              NaN
   1.13000000                  NaN              NaN              NaN
   1.13999999                  NaN              NaN              NaN
   1.14999998                  NaN              NaN              NaN
   1.15999997                  NaN              NaN              NaN
   1.16999996                  NaN              NaN              NaN
   1.17999995                  NaN              NaN              NaN
   1.18999994                  NaN              NaN              NaN
   1.19999993                  NaN              NaN              NaN
   1.20999992                  NaN              NaN              NaN
   1.22000003                  NaN              NaN              NaN
   1.23000002                  NaN              NaN              NaN
   1.24000001                  NaN              NaN              NaN
   1.25000000                  NaN              NaN              NaN
   1.25999999                  NaN              NaN              NaN
   1.26999998                  NaN              NaN              NaN
   1.27999997                  NaN              NaN              NaN
   1.28999996                  NaN              NaN              NaN
   1.29999995                  NaN              NaN              NaN
   1.30999994                  NaN              NaN              NaN
   1.31999993                  NaN              NaN              NaN
   1.32999992                  NaN              NaN              NaN
   1.33999991                  NaN              NaN              NaN
   1.35000002                  NaN              NaN              NaN
   1.36000001                  NaN              NaN              NaN
   1.37000000                  NaN              NaN              NaN
   1.38000000                  NaN              NaN              NaN
   1.38999999                  NaN              NaN              NaN
   1.39999998                  NaN              NaN              NaN
   1.40999997                  NaN              NaN              NaN
   1.41999996                  NaN              NaN              NaN
   1.42999995                  NaN              NaN              NaN
   1.43999994                  NaN              NaN              NaN
   1.44999993                  NaN              NaN              NaN
   1.45999992                  NaN              NaN              NaN
   1.46999991                  NaN              NaN              NaN
   1.48000002                  NaN              NaN              NaN
   1.49000001                  NaN              NaN              NaN
   1.50000000                  NaN              NaN              NaN
   1.50999999                  NaN              NaN              NaN
   1.51999998                  NaN              NaN              NaN
   1.52999997                  NaN              NaN              NaN
   1.53999996                  NaN              NaN              NaN
   1.54999995                  NaN              NaN              NaN
   1.55999994                  NaN              NaN              NaN
   1.56999993                  NaN              NaN              NaN
   1.57999992                  NaN              NaN              NaN
   1.58999991                  NaN              NaN              NaN
   1.59999990                  NaN              NaN              NaN
   1.61000001                  NaN              NaN              NaN
   1.62000000                  NaN              NaN              NaN
   1.63000000                  NaN              NaN              NaN
   1.63999999                  NaN              NaN              NaN
   1.64999998                  NaN              NaN              NaN
   1.65999997                  NaN              NaN              NaN
   1.66999996                  NaN              NaN              NaN
   1.67999995                  NaN              NaN              NaN
   1.68999994                  NaN              NaN              NaN
   1.69999993                  NaN              NaN              NaN
   1.70999992                  NaN              NaN              NaN
   1.71999991                  NaN              NaN              NaN
   1.73000002                  NaN              NaN              NaN
   1.74000001                  NaN              NaN              NaN
   1.75000000                  NaN              NaN              NaN
   1.75999999                  NaN              NaN              NaN
   1.76999998                  NaN              NaN              NaN
   1.77999997                  NaN              NaN              NaN
   1.78999996                  NaN              NaN              NaN
   1.79999995                  NaN              NaN              NaN
   1.80999994                  NaN              NaN              NaN
   1.81999993                  NaN              NaN              NaN
   1.82999992                  NaN              NaN              NaN
   1.83999991                  NaN              NaN              NaN
   1.84999990                  NaN              NaN              NaN
   1.86000001                  NaN              NaN              NaN
   1.87000000                  NaN              NaN              NaN
   1.88000000                  NaN              NaN              NaN
   1.88999999                  NaN              NaN              NaN
   1.89999998                  NaN              NaN              NaN
   1.90999997                  NaN              NaN              NaN
   1.91999996                  NaN              NaN              NaN
   1.92999995                  NaN              NaN              NaN
   1.93999994                  NaN              NaN              NaN
   1.94999993                  NaN              NaN              NaN
   1.95999992                  NaN              NaN              NaN
   1.96999991                  NaN              NaN              NaN
   1.97999990                  NaN              NaN              NaN
   1.99000001                  NaN              NaN              NaN
   2.00000000                  NaN              NaN              NaN
   2.00999999                  NaN              NaN              NaN
   2.01999998                  NaN              NaN              NaN
   2.02999997                  NaN              NaN              NaN
   2.03999996                  NaN              NaN              NaN
   2.04999995                  NaN              NaN              NaN
   2.05999994                  NaN              NaN              NaN
   2.06999993                  NaN              NaN              NaN
   2.07999992                  NaN              NaN              NaN
   2.08999991                  NaN              NaN              NaN
   2.09999990                  NaN              NaN              NaN
   2.10999990                  NaN              NaN              NaN
   2.11999989                  NaN              NaN              NaN
   2.12999988                  NaN              NaN              NaN
   2.13999987                  NaN              NaN              NaN
   2.14999986                  NaN              NaN              NaN
   2.15999985                  NaN              NaN              NaN
   2.16999984                  NaN              NaN              NaN
   2.18000007                  NaN              NaN              NaN
   2.19000006                  NaN              NaN              NaN
   2.20000005                  NaN              NaN              NaN
   2.21000004                  NaN              NaN              NaN
   2.22000003                  NaN              NaN              NaN
   2.23000002                  NaN              NaN              NaN
   2.24000001                  NaN              NaN              NaN
   2.25000000                  NaN              NaN              NaN
   2.25999999                  NaN              NaN              NaN
   2.26999998                  NaN              NaN              NaN
   2.27999997                  NaN              NaN              NaN
   2.28999996                  NaN              NaN              NaN
   2.29999995                  NaN              NaN              NaN
   2.30999994                  NaN              NaN              NaN
   2.31999993                  NaN              NaN              NaN
   2.32999992                  NaN              NaN              NaN
   2.33999991                  NaN              NaN              NaN
   2.34999990                  NaN              NaN              NaN
   2.35999990                  NaN              NaN              NaN
   2.36999989                  NaN              NaN              NaN
   2.37999988                  NaN              NaN              NaN
   2.38999987                  NaN              NaN              NaN
   2.39999986                  NaN              NaN              NaN
   2.40999985                  NaN              NaN              NaN
   2.41999984                  NaN              NaN              NaN
   2.42999983                  NaN              NaN              NaN
   2.44000006                  NaN              NaN              NaN
   2.45000005                  NaN              NaN              NaN
   2.46000004                  NaN              NaN              NaN
   2.47000003                  NaN              NaN              NaN
   2.48000002                  NaN              NaN              NaN
   2.49000001                  NaN              NaN              NaN
   2.50000000                  NaN              NaN              NaN
   2.50999999                  NaN              NaN              NaN
   2.51999998                  NaN              NaN              NaN
   2.52999997                  NaN              NaN              NaN
   2.53999996                  NaN              NaN              NaN
   2.54999995                  NaN              NaN              NaN
   2.55999994                  NaN              NaN              NaN
   2.56999993                  NaN              NaN              NaN
   2.57999992                  NaN              NaN              NaN
   2.58999991                  NaN              NaN              NaN
   2.59999990                  NaN              NaN              NaN
   2.60999990                  NaN              NaN              NaN
   2.61999989                  NaN              NaN              NaN
   2.62999988                  NaN              NaN              NaN
   2.63999987                  NaN              NaN              NaN
   2.64999986                  NaN              NaN              NaN
   2.65999985                  NaN              NaN              NaN
   2.66999984                  NaN              NaN              NaN
   2.67999983                  NaN              NaN              NaN
   2.69000006                  NaN              NaN              NaN
   2.70000005                  NaN              NaN              NaN
   2.71000004                  NaN              NaN              NaN
   2.72000003                  NaN              NaN              NaN
   2.73000002                  NaN              NaN              NaN
   2.74000001                  NaN              NaN              NaN
   2.75000000                  NaN              NaN              NaN
   2.75999999                  NaN              NaN              NaN
   2.76999998                  NaN              NaN              NaN
   2.77999997                  NaN              NaN              NaN
   2.78999996                  NaN              NaN              NaN
   2.79999995                  NaN              NaN              NaN
   2.80999994                  NaN              NaN              NaN
   2.81999993                  NaN              NaN              NaN
   2.82999992                  NaN              NaN              NaN
   2.83999991                  NaN              NaN              NaN
   2.84999990                  NaN              NaN              NaN
   2.85999990                  NaN              NaN              NaN
   2.86999989                  NaN              NaN              NaN
   2.87999988                  NaN              NaN              NaN
   2.88999987                  NaN              NaN              NaN
   2.89999986                  NaN              NaN              NaN
   2.90999985                  NaN              NaN              NaN
   2.91999984                  NaN              NaN              NaN
   2.92999983                  NaN              NaN              NaN
   2.93999982                  NaN              NaN              NaN
   2.95000005                  NaN              NaN              NaN
   2.96000004                  NaN              NaN              NaN
   2.97000003                  NaN              NaN              NaN
   2.98000002                  NaN              NaN              NaN
   2.99000001                  NaN              NaN              NaN
   3.00000000                  NaN              NaN              NaN
   3.00999999                  NaN              NaN              NaN
   3.01999998                  NaN              NaN              NaN
   3.02999997                  NaN              NaN              NaN
   3.03999996                  NaN              NaN              NaN
   3.04999995                  NaN              NaN              NaN
   3.05999994                  NaN              NaN              NaN
   3.06999993                  NaN              NaN              NaN
   3.07999992                  NaN              NaN              NaN
   3.08999991                  NaN              NaN              NaN
   3.09999990                  NaN              NaN              NaN
   3.10999990                  NaN              NaN              NaN
   3.11999989                  NaN              NaN              NaN
   3.12999988                  NaN              NaN              NaN
   3.13999987                  NaN              NaN              NaN
   3.14999986                  NaN              NaN              NaN
   3.15999985                  NaN              NaN              NaN
   3.16999984                  NaN              NaN              NaN
   3.17999983                  NaN              NaN              NaN
   3.18999982                  NaN              NaN              NaN
   3.19999981                  NaN              NaN              NaN
   3.21000004                  NaN              NaN              NaN
   3.22000003                  NaN              NaN              NaN
   3.23000002                  NaN              NaN              NaN
   3.24000001                  NaN              NaN              NaN
   3.25000000                  NaN              NaN              NaN
   3.25999999                  NaN              NaN              NaN
   3.26999998                  NaN              NaN              NaN
   3.27999997                  NaN              NaN              NaN
   3.28999996                  NaN              NaN              NaN
   3.29999995                  NaN              NaN              NaN
   3.30999994                  NaN              NaN              NaN
   3.31999993                  NaN              NaN              NaN
   3.32999992                  NaN              NaN              NaN
   3.33999991                  NaN              NaN              NaN
   3.34999990                  NaN              NaN              NaN
   3.35999990                  NaN              NaN              NaN
   3.36999989                  NaN              NaN              NaN
   3.37999988                  NaN              NaN              NaN
   3.38999987                  NaN              NaN              NaN
   3.39999986                  NaN              NaN              NaN
   3.40999985                  NaN              NaN              NaN
   3.41999984                  NaN              NaN              NaN
   3.42999983                  NaN              NaN              NaN
   3.43999982                  NaN              NaN              NaN
   3.44999981                  NaN              NaN              NaN
   3.46000004                  NaN              NaN              NaN
   3.47000003                  NaN              NaN              NaN
   3.48000002                  NaN              NaN              NaN
   3.49000001                  NaN              NaN              NaN
   3.50000000                  NaN              NaN              NaN
   3.50999999                  NaN              NaN              NaN
   3.51999998                  NaN              NaN              NaN
   3.52999997                  NaN              NaN              NaN
   3.53999996                  NaN              NaN              NaN
   3.54999995                  NaN              NaN              NaN
   3.55999994                  NaN              NaN              NaN
   3.56999993                  NaN              NaN              NaN
   3.57999992                  NaN              NaN              NaN
   3.58999991                  NaN              NaN              NaN
   3.59999990                  NaN              NaN              NaN
   3.60999990                  NaN              NaN              NaN
   3.61999989                  NaN              NaN              NaN
   3.62999988                  NaN              NaN              NaN
   3.63999987                  NaN              NaN              NaN
   3.64999986                  NaN              NaN              NaN
   3.65999985                  NaN              NaN              NaN
   3.66999984                  NaN              NaN              NaN
   3.67999983                  NaN              NaN              NaN
   3.68999982                  NaN              NaN              NaN
   3.69999981                  NaN              NaN              NaN
   3.70999980                  NaN              NaN              NaN
   3.72000003                  NaN              NaN              NaN
   3.73000002                  NaN              NaN              NaN
   3.74000001                  NaN              NaN              NaN
   3.75000000                  NaN              NaN              NaN
   3.75999999                  NaN              NaN              NaN
   3.76999998                  NaN              NaN              NaN
   3.77999997                  NaN              NaN              NaN
   3.78999996                  NaN              NaN              NaN
   3.79999995                  NaN              NaN              NaN
   3.80999994                  NaN              NaN              NaN
   3.81999993                  NaN              NaN              NaN
   3.82999992                  NaN              NaN              NaN
   3.83999991                  NaN              NaN              NaN
   3.84999990                  NaN              NaN              NaN
   3.85999990                  NaN              NaN              NaN
   3.86999989                  NaN              NaN              NaN
   3.87999988                  NaN              NaN              NaN
   3.88999987                  NaN              NaN              NaN
   3.89999986                  NaN              NaN              NaN
   3.90999985                  NaN              NaN              NaN
   3.91999984                  NaN              NaN              NaN
   3.92999983                  NaN              NaN              NaN
   3.93999982                  NaN              NaN              NaN
   3.94999981                  NaN              NaN              NaN
   3.95999980                  NaN              NaN              NaN
   3.97000003                  NaN              NaN              NaN
   3.98000002                  NaN              NaN              NaN
   3.99000001                  NaN              NaN              NaN
   4.00000000                  NaN              NaN              NaN
   4.00999975                  NaN              NaN              NaN
   4.01999998                  NaN              NaN              NaN
   4.02999973                  NaN              NaN              NaN
   4.03999996                  NaN              NaN              NaN
   4.04999971                  NaN              NaN              NaN
   4.05999994                  NaN              NaN              NaN
   4.06999969                  NaN              NaN              NaN
   4.07999992                  NaN              NaN              NaN
   4.08999968                  NaN              NaN              NaN
   4.09999990                  NaN              NaN              NaN
   4.11000013                  NaN              NaN              NaN
   4.11999989                  NaN              NaN              NaN
   4.13000011                  NaN              NaN              NaN
   4.13999987                  NaN              NaN              NaN
   4.15000010                  NaN              NaN              NaN
   4.15999985                  NaN              NaN              NaN
   4.17000008                  NaN              NaN              NaN
   4.17999983                  NaN              NaN              NaN
   4.19000006                  NaN              NaN              NaN
   4.19999981                  NaN              NaN              NaN
   4.21000004                  NaN              NaN              NaN
   4.21999979                  NaN              NaN              NaN
   4.23000002                  NaN              NaN              NaN
   4.23999977                  NaN              NaN              NaN
   4.25000000                  NaN              NaN              NaN
   4.25999975                  NaN              NaN              NaN
   4.26999998                  NaN              NaN              NaN
   4.27999973                  NaN              NaN              NaN
   4.28999996                  NaN              NaN              NaN
   4.29999971                  NaN              NaN              NaN
   4.30999994                  NaN              NaN              NaN
   4.31999969                  NaN              NaN              NaN
   4.32999992                  NaN              NaN              NaN
   4.33999968                  NaN              NaN              NaN
   4.34999990                  NaN              NaN              NaN
   4.36000013                  NaN              NaN              NaN
   4.36999989                  NaN              NaN              NaN
   4.38000011                  NaN              NaN              NaN
   4.38999987                  NaN              NaN              NaN
   4.40000010                  NaN              NaN              NaN
   4.40999985                  NaN              NaN              NaN
   4.42000008                  NaN              NaN              NaN
   4.42999983                  NaN              NaN              NaN
   4.44000006                  NaN              NaN              NaN
   4.44999981                  NaN              NaN              NaN
   4.46000004                  NaN              NaN              NaN
   4.46999979                  NaN              NaN              NaN
   4.48000002                  NaN              NaN              NaN
   4.48999977                  NaN              NaN              NaN
   4.50000000                  NaN              NaN              NaN
   4.50999975                  NaN              NaN              NaN
   4.51999998                  NaN              NaN              NaN
   4.52999973                  NaN              NaN              NaN
   4.53999996                  NaN              NaN              NaN
   4.54999971                  NaN              NaN              NaN
   4.55999994                  NaN              NaN              NaN
   4.56999969                  NaN              NaN              NaN
   4.57999992                  NaN              NaN              NaN
   4.58999968                  NaN              NaN              NaN
   4.59999990                  NaN              NaN              NaN
   4.61000013                  NaN              NaN              NaN
   4.61999989                  NaN              NaN              NaN
   4.63000011                  NaN              NaN              NaN
   4.63999987                  NaN              NaN              NaN
   4.65000010                  NaN              NaN              NaN
   4.65999985                  NaN              NaN              NaN
   4.67000008                  NaN              NaN              NaN
   4.67999983                  NaN              NaN              NaN
   4.69000006                  NaN              NaN              NaN
   4.69999981                  NaN              NaN              NaN
   4.71000004                  NaN              NaN              NaN
   4.71999979                  NaN              NaN              NaN
   4.73000002                  NaN              NaN              NaN
   4.73999977                  NaN              NaN              NaN
   4.75000000                  NaN              NaN              NaN
   4.75999975                  NaN              NaN              NaN
   4.76999998                  NaN              NaN              NaN
   4.77999973                  NaN              NaN              NaN
   4.78999996                  NaN              NaN              NaN
   4.79999971                  NaN              NaN              NaN
   4.80999994                  NaN              NaN              NaN
   4.81999969                  NaN              NaN              NaN
   4.82999992                  NaN              NaN              NaN
   4.83999968                  NaN              NaN              NaN
   4.84999990                  NaN              NaN              NaN
   4.85999966                  NaN              NaN              NaN
   4.86999989                  NaN              NaN              NaN
   4.88000011                  NaN              NaN              NaN
   4.88999987                  NaN              NaN              NaN
   4.90000010                  NaN              NaN              NaN
   4.90999985                  NaN              NaN              NaN
   4.92000008                  NaN              NaN              NaN
   4.92999983                  NaN              NaN              NaN
   4.94000006                  NaN              NaN              NaN
   4.94999981                  NaN              NaN              NaN
   4.96000004                  NaN              NaN              NaN
   4.96999979                  NaN              NaN              NaN
   4.98000002                  NaN              NaN              NaN
   4.98999977                  NaN              NaN              NaN
   5.00000000                  NaN              NaN              NaN
   5.00999975                  NaN              NaN              NaN
   5.01999998                  NaN              NaN              NaN
   5.02999973                  NaN              NaN              NaN
   5.03999996                  NaN              NaN              NaN
   5.04999971                  NaN              NaN              NaN
   5.05999994                  NaN              NaN              NaN
   5.06999969                  NaN              NaN              NaN
   5.07999992                  NaN              NaN              NaN
   5.08999968                  NaN              NaN              NaN
   5.09999990                  NaN              NaN              NaN
   5.10999966                  NaN              NaN              NaN
   5.11999989                  NaN              NaN              NaN
   5.13000011                  NaN              NaN              NaN
   5.13999987                  NaN              NaN              NaN
   5.15000010                  NaN              NaN              NaN
   5.15999985                  NaN              NaN              NaN
   5.17000008                  NaN              NaN              NaN
   5.17999983                  NaN              NaN              NaN
   5.19000006                  NaN              NaN              NaN
   5.19999981                  NaN              NaN              NaN
   5.21000004                  NaN              NaN              NaN
   5.21999979                  NaN              NaN              NaN
   5.23000002                  NaN              NaN              NaN
   5.23999977                  NaN              NaN              NaN
   5.25000000                  NaN              NaN              NaN
   5.25999975                  NaN              NaN              NaN
   5.26999998                  NaN              NaN              NaN
   5.27999973                  NaN              NaN              NaN
   5.28999996                  NaN              NaN              NaN
   5.29999971                  NaN              NaN              NaN
   5.30999994                  NaN              NaN              NaN
   5.31999969                  NaN              NaN              NaN
   5.32999992                  NaN              NaN              NaN
   5.33999968                  NaN              NaN              NaN
   5.34999990                  NaN              NaN              NaN
   5.35999966                  NaN              NaN              NaN
   5.36999989                  NaN              NaN              NaN
   5.38000011                  NaN              NaN              NaN
   5.38999987                  NaN              NaN              NaN
   5.40000010                  NaN              NaN              NaN
   5.40999985                  NaN              NaN              NaN
   5.42000008                  NaN              NaN              NaN
   5.42999983                  NaN              NaN              NaN
   5.44000006                  NaN              NaN              NaN
   5.44999981                  NaN              NaN              NaN
   5.46000004                  NaN              NaN              NaN
   5.46999979                  NaN              NaN              NaN
   5.48000002                  NaN              NaN              NaN
   5.48999977                  NaN              NaN              NaN
   5.50000000                  NaN              NaN              NaN
   5.50999975                  NaN              NaN              NaN
   5.51999998                  NaN              NaN              NaN
   5.52999973                  NaN              NaN              NaN
   5.53999996                  NaN              NaN              NaN
   5.54999971                  NaN              NaN              NaN
   5.55999994                  NaN              NaN              NaN
   5.56999969                  NaN              NaN              NaN
   5.57999992                  NaN              NaN              NaN
   5.58999968                  NaN              NaN              NaN
   5.59999990                  NaN              NaN              NaN
   5.60999966                  NaN              NaN              NaN
   5.61999989                  NaN              NaN              NaN
   5.62999964                  NaN              NaN              NaN
   5.63999987                  NaN              NaN              NaN
   5.65000010                  NaN              NaN              NaN
   5.65999985                  NaN              NaN              NaN
   5.67000008                  NaN              NaN              NaN
   5.67999983                  NaN              NaN              NaN
   5.69000006                  NaN              NaN              NaN
   5.69999981                  NaN              NaN              NaN
   5.71000004                  NaN              NaN              NaN
   5.71999979                  NaN              NaN              NaN
   5.73000002                  NaN              NaN              NaN
   5.73999977                  NaN              NaN              NaN
   5.75000000                  NaN              NaN              NaN
   5.75999975                  NaN              NaN              NaN
   5.76999998                  NaN              NaN              NaN
   5.77999973                  NaN              NaN              NaN
   5.78999996                  NaN              NaN              NaN
   5.79999971                  NaN              NaN              NaN
   5.80999994                  NaN              NaN              NaN
   5.81999969                  NaN              NaN              NaN
   5.82999992                  NaN              NaN              NaN
   5.83999968                  NaN              NaN              NaN
   5.84999990                  NaN              NaN              NaN
   5.85999966                  NaN              NaN              NaN
   5.86999989                  NaN              NaN              NaN
   5.87999964                  NaN              NaN              NaN
   5.88999987                  NaN              NaN              NaN
   5.90000010                  NaN              NaN              NaN
   5.90999985                  NaN              NaN              NaN
   5.92000008                  NaN              NaN              NaN
   5.92999983                  NaN              NaN              NaN
   5.94000006                  NaN              NaN              NaN
   5.94999981                  NaN              NaN              NaN
   5.96000004                  NaN              NaN              NaN
   5.96999979                  NaN              NaN              NaN
   5.98000002                  NaN              NaN              NaN
   5.98999977                  NaN              NaN              NaN
   6.00000000                  NaN              NaN              NaN
   6.00999975                  NaN              NaN              NaN
   6.01999998                  NaN              NaN              NaN
   6.02999973                  NaN              NaN              NaN
   6.03999996                  NaN              NaN              NaN
   6.04999971                  NaN              NaN              NaN
   6.05999994                  NaN              NaN              NaN
   6.06999969                  NaN              NaN              NaN
   6.07999992                  NaN              NaN              NaN
   6.08999968                  NaN              NaN              NaN
   6.09999990                  NaN              NaN              NaN
   6.10999966                  NaN              NaN              NaN
   6.11999989                  NaN              NaN              NaN
   6.12999964                  NaN              NaN              NaN
   6.13999987                  NaN              NaN              NaN
   6.15000010                  NaN              NaN              NaN
   6.15999985                  NaN              NaN              NaN
   6.17000008                  NaN              NaN              NaN
   6.17999983                  NaN              NaN              NaN
   6.19000006                  NaN              NaN              NaN
   6.19999981                  NaN              NaN              NaN
   6.21000004                  NaN              NaN              NaN
   6.21999979                  NaN              NaN              NaN
   6.23000002                  NaN              NaN              NaN
   6.23999977                  NaN              NaN              NaN
   6.25000000                  NaN              NaN              NaN
   6.25999975                  NaN              NaN              NaN
   6.26999998                  NaN              NaN              NaN
   6.27999973                  NaN              NaN              NaN
   6.28999996                  NaN              NaN              NaN
   6.29999971                  NaN              NaN              NaN
   6.30999994                  NaN              NaN              NaN
   6.31999969                  NaN              NaN              NaN
   6.32999992                  NaN              NaN              NaN
   6.33999968                  NaN              NaN              NaN
   6.34999990                  NaN              NaN              NaN
   6.35999966                  NaN              NaN              NaN
   6.36999989                  NaN              NaN              NaN
   6.37999964                  NaN              NaN              NaN
   6.38999987                  NaN              NaN              NaN
   6.39999962                  NaN              NaN              NaN
   6.40999985                  NaN              NaN              NaN
   6.42000008                  NaN              NaN              NaN
   6.42999983                  NaN              NaN              NaN
   6.44000006                  NaN              NaN              NaN
   6.44999981                  NaN              NaN              NaN
   6.46000004                  NaN              NaN              NaN
   6.46999979                  NaN              NaN              NaN
   6.48000002                  NaN              NaN              NaN
   6.48999977                  NaN              NaN              NaN
   6.50000000                  NaN              NaN              NaN
   6.50999975                  NaN              NaN              NaN
   6.51999998                  NaN              NaN              NaN
   6.52999973                  NaN              NaN              NaN
   6.53999996                  NaN              NaN              NaN
   6.54999971                  NaN              NaN              NaN
   6.55999994                  NaN              NaN              NaN
   6.56999969                  NaN              NaN              NaN
   6.57999992                  NaN              NaN              NaN
   6.58999968                  NaN              NaN              NaN
   6.59999990                  NaN              NaN              NaN
   6.60999966                  NaN              NaN              NaN
   6.61999989                  NaN              NaN              NaN
   6.62999964                  NaN              NaN              NaN
   6.63999987                  NaN              NaN              NaN
   6.64999962                  NaN              NaN              NaN
   6.65999985                  NaN              NaN              NaN
   6.67000008                  NaN              NaN              NaN
   6.67999983                  NaN              NaN              NaN
   6.69000006                  NaN              NaN              NaN
   6.69999981                  NaN              NaN              NaN
   6.71000004                  NaN              NaN              NaN
   6.71999979                  NaN              NaN              NaN
   6.73000002                  NaN              NaN              NaN
   6.73999977                  NaN              NaN              NaN
   6.75000000                  NaN              NaN              NaN
   6.75999975                  NaN              NaN              NaN
   6.76999998                  NaN              NaN              NaN
   6.77999973                  NaN              NaN              NaN
   6.78999996                  NaN              NaN              NaN
   6.79999971                  NaN              NaN              NaN
   6.80999994                  NaN              NaN              NaN
   6.81999969                  NaN              NaN              NaN
   6.82999992                  NaN              NaN              NaN
   6.83999968                  NaN              NaN              NaN
   6.84999990                  NaN              NaN              NaN
   6.85999966                  NaN              NaN              NaN
   6.86999989                  NaN              NaN              NaN
   6.87999964                  NaN              NaN              NaN
   6.88999987                  NaN              NaN              NaN
   6.89999962                  NaN              NaN              NaN
   6.90999985                  NaN              NaN              NaN
   6.92000008                  NaN              NaN              NaN
   6.92999983                  NaN              NaN              NaN
   6.94000006                  NaN              NaN              NaN
   6.94999981                  NaN              NaN              NaN
   6.96000004                  NaN              NaN              NaN
   6.96999979                  NaN              NaN              NaN
   6.98000002                  NaN              NaN              NaN
   6.98999977                  NaN              NaN              NaN
   7.00000000                  NaN              NaN              NaN
   7.00999975                  NaN              NaN              NaN
   7.01999998                  NaN              NaN              NaN
   7.02999973                  NaN              NaN              NaN
   7.03999996                  NaN              NaN              NaN
   7.04999971                  NaN              NaN              NaN
   7.05999994                  NaN              NaN              NaN
   7.06999969                  NaN              NaN              NaN
   7.07999992                  NaN              NaN              NaN
   7.08999968                  NaN              NaN              NaN
   7.09999990                  NaN              NaN              NaN
   7.10999966                  NaN              NaN              NaN
   7.11999989                  NaN              NaN              NaN
   7.12999964                  NaN              NaN              NaN
   7.13999987                  NaN              NaN              NaN
   7.14999962                  NaN              NaN              NaN
   7.15999985                  NaN              NaN              NaN
   7.17000008                  NaN              NaN              NaN
   7.17999983                  NaN              NaN              NaN
   7.19000006                  NaN              NaN              NaN
   7.19999981                  NaN              NaN              NaN
   7.21000004                  NaN              NaN              NaN
   7.21999979                  NaN              NaN              NaN
   7.23000002                  NaN              NaN              NaN
   7.23999977                  NaN              NaN              NaN
   7.25000000                  NaN              NaN              NaN
   7.25999975                  NaN              NaN              NaN
   7.26999998                  NaN              NaN              NaN
   7.27999973                  NaN              NaN              NaN
   7.28999996                  NaN              NaN              NaN
   7.29999971                  NaN              NaN              NaN
   7.30999994                  NaN              NaN              NaN
   7.31999969                  NaN              NaN              NaN
   7.32999992                  NaN              NaN              NaN
   7.33999968                  NaN              NaN              NaN
   7.34999990                  NaN              NaN              NaN
   7.35999966                  NaN              NaN              NaN
   7.36999989                  NaN              NaN              NaN
   7.37999964                  NaN              NaN              NaN
   7.38999987                  NaN              NaN              NaN
   7.39999962                  NaN              NaN              NaN
   7.40999985                  NaN              NaN              NaN
   7.41999960                  NaN              NaN              NaN
   7.42999983                  NaN              NaN              NaN
   7.44000006                  NaN              NaN              NaN
   7.44999981                  NaN              NaN              NaN
   7.46000004                  NaN              NaN              NaN
   7.46999979                  NaN              NaN              NaN
   7.48000002                  NaN              NaN              NaN
   7.48999977                  NaN              NaN              NaN
   7.50000000                  NaN              NaN              NaN
   7.50999975                  NaN              NaN              NaN
   7.51999998                  NaN              NaN              NaN
   7.52999973                  NaN              NaN              NaN
   7.53999996                  NaN              NaN              NaN
   7.54999971                  NaN              NaN              NaN
   7.55999994                  NaN              NaN              NaN
   7.56999969                  NaN              NaN              NaN
   7.57999992                  NaN              NaN              NaN
   7.58999968                  NaN              NaN              NaN
   7.59999990                  NaN              NaN              NaN
   7.60999966                  NaN              NaN              NaN
   7.61999989                  NaN              NaN              NaN
   7.62999964                  NaN              NaN              NaN
   7.63999987                  NaN              NaN              NaN
   7.64999962                  NaN              NaN              NaN
   7.65999985                  NaN              NaN              NaN
   7.66999960                  NaN              NaN              NaN
   7.67999983                  NaN              NaN              NaN
   7.69000006                  NaN              NaN              NaN
   7.69999981                  NaN              NaN              NaN
   7.71000004                  NaN              NaN              NaN
   7.71999979                  NaN              NaN              NaN
   7.73000002                  NaN              NaN              NaN
   7.73999977                  NaN              NaN              NaN
   7.75000000                  NaN              NaN              NaN
   7.75999975                  NaN              NaN              NaN
   7.76999998                  NaN              NaN              NaN
   7.77999973                  NaN              NaN              NaN
   7.78999996                  NaN              NaN              NaN
   7.79999971                  NaN              NaN              NaN
   7.80999994                  NaN              NaN              NaN
   7.81999969                  NaN              NaN              NaN
   7.82999992                  NaN              NaN              NaN
   7.83999968                  NaN              NaN              NaN
   7.84999990                  NaN              NaN              NaN
   7.85999966                  NaN              NaN              NaN
   7.86999989                  NaN              NaN              NaN
   7.87999964                  NaN              NaN              NaN
   7.88999987                  NaN              NaN              NaN
   7.89999962                  NaN              NaN              NaN
   7.90999985                  NaN              NaN              NaN
   7.91999960                  NaN              NaN              NaN
   7.92999983                  NaN              NaN              NaN
   7.94000006                  NaN              NaN              NaN
   7.94999981                  NaN              NaN              NaN
   7.96000004                  NaN              NaN              NaN
   7.96999979                  NaN              NaN              NaN
   7.98000002                  NaN              NaN              NaN
   7.98999977                  NaN              NaN              NaN
   8.00000000                  NaN              NaN              NaN
   8.01000023                  NaN              NaN              NaN
   8.01999950                  NaN              NaN              NaN
   8.02999973                  NaN              NaN              NaN
   8.03999996                  NaN              NaN              NaN
   8.05000019                  NaN              NaN              NaN
   8.05999947                  NaN              NaN              NaN
   8.06999969                  NaN              NaN              NaN
   8.07999992                  NaN              NaN              NaN
   8.09000015                  NaN              NaN              NaN
   8.09999943                  NaN              NaN              NaN
   8.10999966                  NaN              NaN              NaN
   8.11999989                  NaN              NaN              NaN
   8.13000011                  NaN              NaN              NaN
   8.13999939                  NaN              NaN              NaN
   8.14999962                  NaN              NaN              NaN
   8.15999985                  NaN              NaN              NaN
   8.17000008                  NaN              NaN              NaN
   8.17999935                  NaN              NaN              NaN
   8.18999958                  NaN              NaN              NaN
   8.19999981                  NaN              NaN              NaN
   8.21000004                  NaN              NaN              NaN
   8.22000027                  NaN              NaN              NaN
   8.22999954                  NaN              NaN              NaN
   8.23999977                  NaN              NaN              NaN
   8.25000000                  NaN              NaN              NaN
   8.26000023                  NaN              NaN              NaN
   8.26999950                  NaN              NaN              NaN
   8.27999973                  NaN              NaN              NaN
   8.28999996                  NaN              NaN              NaN
   8.30000019                  NaN              NaN              NaN
   8.30999947                  NaN              NaN              NaN
   8.31999969                  NaN              NaN              NaN
   8.32999992                  NaN              NaN              NaN
   8.34000015                  NaN              NaN              NaN
   8.34999943                  NaN              NaN              NaN
   8.35999966                  NaN              NaN              NaN
   8.36999989                  NaN              NaN              NaN
   8.38000011                  NaN              NaN              NaN
   8.38999939                  NaN              NaN              NaN
   8.39999962                  NaN              NaN              NaN
   8.40999985                  NaN              NaN              NaN
   8.42000008                  NaN              NaN              NaN
   8.42999935                  NaN              NaN              NaN
   8.43999958                  NaN              NaN              NaN
   8.44999981                  NaN              NaN              NaN
   8.46000004                  NaN              NaN              NaN
   8.47000027                  NaN              NaN              NaN
   8.47999954                  NaN              NaN              NaN
   8.48999977                  NaN              NaN              NaN
   8.50000000                  NaN              NaN              NaN
   8.51000023                  NaN              NaN              NaN
   8.51999950                  NaN              NaN              NaN
   8.52999973                  NaN              NaN              NaN
   8.53999996                  NaN              NaN              NaN
   8.55000019                  NaN              NaN              NaN
   8.55999947                  NaN              NaN              NaN
   8.56999969                  NaN              NaN              NaN
   8.57999992                  NaN              NaN              NaN
   8.59000015                  NaN              NaN              NaN
   8.59999943                  NaN              NaN              NaN
   8.60999966                  NaN              NaN              NaN
   8.61999989                  NaN              NaN              NaN
   8.63000011                  NaN              NaN              NaN
   8.63999939                  NaN              NaN              NaN
   8.64999962                  NaN              NaN              NaN
   8.65999985                  NaN              NaN              NaN
   8.67000008                  NaN              NaN              NaN
   8.67999935                  NaN              NaN              NaN
   8.68999958                  NaN              NaN              NaN
   8.69999981                  NaN              NaN              NaN
   8.71000004                  NaN              NaN              NaN
   8.72000027                  NaN              NaN              NaN
   8.72999954                  NaN              NaN              NaN
   8.73999977                  NaN              NaN              NaN
   8.75000000                  NaN              NaN              NaN
   8.76000023                  NaN              NaN              NaN
   8.76999950                  NaN              NaN              NaN
   8.77999973                  NaN              NaN              NaN
   8.78999996                  NaN              NaN              NaN
   8.80000019                  NaN              NaN              NaN
   8.80999947                  NaN              NaN              NaN
   8.81999969                  NaN              NaN              NaN
   8.82999992                  NaN              NaN              NaN
   8.84000015                  NaN              NaN              NaN
   8.84999943                  NaN              NaN              NaN
   8.85999966                  NaN              NaN              NaN
   8.86999989                  NaN              NaN              NaN
   8.88000011                  NaN              NaN              NaN
   8.88999939                  NaN              NaN              NaN
   8.89999962                  NaN              NaN              NaN
   8.90999985                  NaN              NaN              NaN
   8.92000008                  NaN              NaN              NaN
   8.92999935                  NaN              NaN              NaN
   8.93999958                  NaN              NaN              NaN
   8.94999981                  NaN              NaN              NaN
   8.96000004                  NaN              NaN              NaN
   8.97000027                  NaN              NaN              NaN
   8.97999954                  NaN              NaN              NaN
   8.98999977                  NaN              NaN              NaN
   9.00000000                  NaN              NaN              NaN
   9.01000023                  NaN              NaN              NaN
   9.01999950                  NaN              NaN              NaN
   9.02999973                  NaN              NaN              NaN
   9.03999996                  NaN              NaN              NaN
   9.05000019                  NaN              NaN              NaN
   9.05999947                  NaN              NaN              NaN
   9.06999969                  NaN              NaN              NaN
   9.07999992                  NaN              NaN              NaN
   9.09000015                  NaN              NaN              NaN
   9.09999943                  NaN              NaN              NaN
   9.10999966                  NaN              NaN              NaN
   9.11999989                  NaN              NaN              NaN
   9.13000011                  NaN              NaN              NaN
   9.13999939                  NaN              NaN              NaN
   9.14999962                  NaN              NaN              NaN
   9.15999985                  NaN              NaN              NaN
   9.17000008                  NaN              NaN              NaN
   9.17999935                  NaN              NaN              NaN
   9.18999958                  NaN              NaN              NaN
   9.19999981                  NaN              NaN              NaN
   9.21000004                  NaN              NaN              NaN
   9.22000027                  NaN              NaN              NaN
   9.22999954                  NaN              NaN              NaN
   9.23999977                  NaN              NaN              NaN
   9.25000000                  NaN              NaN              NaN
   9.26000023                  NaN              NaN              NaN
   9.26999950                  NaN              NaN              NaN
   9.27999973                  NaN              NaN              NaN
   9.28999996                  NaN              NaN              NaN
   9.30000019                  NaN              NaN              NaN
   9.30999947                  NaN              NaN              NaN
   9.31999969                  NaN              NaN              NaN
   9.32999992                  NaN              NaN              NaN
   9.34000015                  NaN              NaN              NaN
   9.34999943                  NaN              NaN              NaN
   9.35999966                  NaN              NaN              NaN
   9.36999989                  NaN              NaN              NaN
   9.38000011                  NaN              NaN              NaN
   9.38999939                  NaN              NaN              NaN
   9.39999962                  NaN              NaN              NaN
   9.40999985                  NaN              NaN              NaN
   9.42000008                  NaN              NaN              NaN
   9.42999935                  NaN              NaN              NaN
   9.43999958                  NaN              NaN              NaN
   9.44999981                  NaN              NaN              NaN
   9.46000004                  NaN              NaN              NaN
   9.46999931                  NaN              NaN              NaN
   9.47999954                  NaN              NaN              NaN
   9.48999977                  NaN              NaN              NaN
   9.50000000                  NaN              NaN              NaN
   9.51000023                  NaN              NaN              NaN
   9.51999950                  NaN              NaN              NaN
   9.52999973                  NaN              NaN              NaN
   9.53999996                  NaN              NaN              NaN
   9.55000019                  NaN              NaN              NaN
   9.55999947                  NaN              NaN              NaN
   9.56999969                  NaN              NaN              NaN
   9.57999992                  NaN              NaN              NaN
   9.59000015                  NaN              NaN              NaN
   9.59999943                  NaN              NaN              NaN
   9.60999966                  NaN              NaN              NaN
   9.61999989                  NaN              NaN              NaN
   9.63000011                  NaN              NaN              NaN
   9.63999939                  NaN              NaN              NaN
   9.64999962                  NaN              NaN              NaN
   9.65999985                  NaN              NaN              NaN
   9.67000008                  NaN              NaN              NaN
   9.67999935                  NaN              NaN              NaN
   9.68999958                  NaN              NaN              NaN
   9.69999981                  NaN              NaN              NaN
   9.71000004                  NaN              NaN              NaN
   9.71999931                  NaN              NaN              NaN
   9.72999954                  NaN              NaN              NaN
   9.73999977                  NaN              NaN              NaN
   9.75000000                  NaN              NaN              NaN
   9.76000023                  NaN              NaN              NaN
   9.76999950                  NaN              NaN              NaN
   9.77999973                  NaN              NaN              NaN
   9.78999996                  NaN              NaN              NaN
   9.80000019                  NaN              NaN              NaN
   9.80999947                  NaN              NaN              NaN
   9.81999969                  NaN              NaN              NaN
   9.82999992                  NaN              NaN              NaN
   9.84000015                  NaN              NaN              NaN
   9.84999943                  NaN              NaN              NaN
   9.85999966                  NaN              NaN              NaN
   9.86999989                  NaN              NaN              NaN
   9.88000011                  NaN              NaN              NaN
   9.88999939                  NaN              NaN              NaN
   9.89999962                  NaN              NaN              NaN
   9.90999985                  NaN              NaN              NaN
   9.92000008                  NaN              NaN              NaN
   9.92999935                  NaN              NaN              NaN
   9.93999958                  NaN              NaN              NaN
   9.94999981                  NaN              NaN              NaN
   9.96000004                  NaN              NaN              NaN
   9.96999931                  NaN              NaN              NaN
   9.97999954                  NaN              NaN              NaN
   9.98999977                  NaN              NaN              NaN
   10.0000000                  NaN              NaN              NaN
