   9.99999978E-03              NaN
   1.99999996E-02              NaN
   2.99999993E-02              NaN
   3.99999991E-02              NaN
   4.99999970E-02              NaN
   5.99999987E-02              NaN
   7.00000003E-02              NaN
   7.99999982E-02              NaN
   8.99999961E-02              NaN
   9.99999940E-02              NaN
  0.109999999                  NaN
  0.119999997                  NaN
  0.129999995                  NaN
  0.140000001                  NaN
  0.149999991                  NaN
  0.159999996                  NaN
  0.170000002                  NaN
  0.179999992                  NaN
  0.189999998                  NaN
  0.199999988                  NaN
  0.209999993                  NaN
  0.219999999                  NaN
  0.229999989                  NaN
  0.239999995                  NaN
  0.250000000                  NaN
  0.259999990                  NaN
  0.269999981                  NaN
  0.280000001                  NaN
  0.289999992                  NaN
  0.299999982                  NaN
  0.310000002                  NaN
  0.319999993                  NaN
  0.329999983                  NaN
  0.340000004                  NaN
  0.349999994                  NaN
  0.359999985                  NaN
  0.370000005                  NaN
  0.379999995                  NaN
  0.389999986                  NaN
  0.399999976                  NaN
  0.409999996                  NaN
  0.419999987                  NaN
  0.429999977                  NaN
  0.439999998                  NaN
  0.449999988                  NaN
  0.459999979                  NaN
  0.469999999                  NaN
  0.479999989                  NaN
  0.489999980                  NaN
  0.500000000                  NaN
  0.509999990                  NaN
  0.519999981                  NaN
  0.529999971                  NaN
  0.539999962                  NaN
  0.550000012                  NaN
  0.560000002                  NaN
  0.569999993                  NaN
  0.579999983                  NaN
  0.589999974                  NaN
  0.599999964                  NaN
  0.610000014                  NaN
  0.620000005                  NaN
  0.629999995                  NaN
  0.639999986                  NaN
  0.649999976                  NaN
  0.659999967                  NaN
  0.669999957                  NaN
  0.680000007                  NaN
  0.689999998                  NaN
  0.699999988                  NaN
  0.709999979                  NaN
  0.719999969                  NaN
  0.729999959                  NaN
  0.740000010                  NaN
  0.750000000                  NaN
  0.759999990                  NaN
  0.769999981                  NaN
  0.779999971                  NaN
  0.789999962                  NaN
  0.799999952                  NaN
  0.810000002                  NaN
  0.819999993                  NaN
  0.829999983                  NaN
  0.839999974                  NaN
  0.849999964                  NaN
  0.859999955                  NaN
  0.870000005                  NaN
  0.879999995                  NaN
  0.889999986                  NaN
  0.899999976                  NaN
  0.909999967                  NaN
  0.919999957                  NaN
  0.930000007                  NaN
  0.939999998                  NaN
  0.949999988                  NaN
  0.959999979                  NaN
  0.969999969                  NaN
  0.979999959                  NaN
  0.989999950                  NaN
   1.00000000                  NaN
   1.00999999                  NaN
   1.01999998                  NaN
   1.02999997                  NaN
   1.03999996                  NaN
   1.04999995                  NaN
   1.05999994                  NaN
   1.06999993                  NaN
   1.07999992                  NaN
   1.09000003                  NaN
   1.10000002                  NaN
   1.11000001                  NaN
   1.12000000                  NaN
   1.13000000                  NaN
   1.13999999                  NaN
   1.14999998                  NaN
   1.15999997                  NaN
   1.16999996                  NaN
   1.17999995                  NaN
   1.18999994                  NaN
   1.19999993                  NaN
   1.20999992                  NaN
   1.22000003                  NaN
   1.23000002                  NaN
   1.24000001                  NaN
   1.25000000                  NaN
   1.25999999                  NaN
   1.26999998                  NaN
   1.27999997                  NaN
   1.28999996                  NaN
   1.29999995                  NaN
   1.30999994                  NaN
   1.31999993                  NaN
   1.32999992                  NaN
   1.33999991                  NaN
   1.35000002                  NaN
   1.36000001                  NaN
   1.37000000                  NaN
   1.38000000                  NaN
   1.38999999                  NaN
   1.39999998                  NaN
   1.40999997                  NaN
   1.41999996                  NaN
   1.42999995                  NaN
   1.43999994                  NaN
   1.44999993                  NaN
   1.45999992                  NaN
   1.46999991                  NaN
   1.48000002                  NaN
   1.49000001                  NaN
   1.50000000                  NaN
   1.50999999                  NaN
   1.51999998                  NaN
   1.52999997                  NaN
   1.53999996                  NaN
   1.54999995                  NaN
   1.55999994                  NaN
   1.56999993                  NaN
   1.57999992                  NaN
   1.58999991                  NaN
   1.59999990                  NaN
   1.61000001                  NaN
   1.62000000                  NaN
   1.63000000                  NaN
   1.63999999                  NaN
   1.64999998                  NaN
   1.65999997                  NaN
   1.66999996                  NaN
   1.67999995                  NaN
   1.68999994                  NaN
   1.69999993                  NaN
   1.70999992                  NaN
   1.71999991                  NaN
   1.73000002                  NaN
   1.74000001                  NaN
   1.75000000                  NaN
   1.75999999                  NaN
   1.76999998                  NaN
   1.77999997                  NaN
   1.78999996                  NaN
   1.79999995                  NaN
   1.80999994                  NaN
   1.81999993                  NaN
   1.82999992                  NaN
   1.83999991                  NaN
   1.84999990                  NaN
   1.86000001                  NaN
   1.87000000                  NaN
   1.88000000                  NaN
   1.88999999                  NaN
   1.89999998                  NaN
   1.90999997                  NaN
   1.91999996                  NaN
   1.92999995                  NaN
   1.93999994                  NaN
   1.94999993                  NaN
   1.95999992                  NaN
   1.96999991                  NaN
   1.97999990                  NaN
   1.99000001                  NaN
   2.00000000                  NaN
   2.00999999                  NaN
   2.01999998                  NaN
   2.02999997                  NaN
   2.03999996                  NaN
   2.04999995                  NaN
   2.05999994                  NaN
   2.06999993                  NaN
   2.07999992                  NaN
   2.08999991                  NaN
   2.09999990                  NaN
   2.10999990                  NaN
   2.11999989                  NaN
   2.12999988                  NaN
   2.13999987                  NaN
   2.14999986                  NaN
   2.15999985                  NaN
   2.16999984                  NaN
   2.18000007                  NaN
   2.19000006                  NaN
   2.20000005                  NaN
   2.21000004                  NaN
   2.22000003                  NaN
   2.23000002                  NaN
   2.24000001                  NaN
   2.25000000                  NaN
   2.25999999                  NaN
   2.26999998                  NaN
   2.27999997                  NaN
   2.28999996                  NaN
   2.29999995                  NaN
   2.30999994                  NaN
   2.31999993                  NaN
   2.32999992                  NaN
   2.33999991                  NaN
   2.34999990                  NaN
   2.35999990                  NaN
   2.36999989                  NaN
   2.37999988                  NaN
   2.38999987                  NaN
   2.39999986                  NaN
   2.40999985                  NaN
   2.41999984                  NaN
   2.42999983                  NaN
   2.44000006                  NaN
   2.45000005                  NaN
   2.46000004                  NaN
   2.47000003                  NaN
   2.48000002                  NaN
   2.49000001                  NaN
   2.50000000                  NaN
   2.50999999                  NaN
   2.51999998                  NaN
   2.52999997                  NaN
   2.53999996                  NaN
   2.54999995                  NaN
   2.55999994                  NaN
   2.56999993                  NaN
   2.57999992                  NaN
   2.58999991                  NaN
   2.59999990                  NaN
   2.60999990                  NaN
   2.61999989                  NaN
   2.62999988                  NaN
   2.63999987                  NaN
   2.64999986                  NaN
   2.65999985                  NaN
   2.66999984                  NaN
   2.67999983                  NaN
   2.69000006                  NaN
   2.70000005                  NaN
   2.71000004                  NaN
   2.72000003                  NaN
   2.73000002                  NaN
   2.74000001                  NaN
   2.75000000                  NaN
   2.75999999                  NaN
   2.76999998                  NaN
   2.77999997                  NaN
   2.78999996                  NaN
   2.79999995                  NaN
   2.80999994                  NaN
   2.81999993                  NaN
   2.82999992                  NaN
   2.83999991                  NaN
   2.84999990                  NaN
   2.85999990                  NaN
   2.86999989                  NaN
   2.87999988                  NaN
   2.88999987                  NaN
   2.89999986                  NaN
   2.90999985                  NaN
   2.91999984                  NaN
   2.92999983                  NaN
   2.93999982                  NaN
   2.95000005                  NaN
   2.96000004                  NaN
   2.97000003                  NaN
   2.98000002                  NaN
   2.99000001                  NaN
   3.00000000                  NaN
   3.00999999                  NaN
   3.01999998                  NaN
   3.02999997                  NaN
   3.03999996                  NaN
   3.04999995                  NaN
   3.05999994                  NaN
   3.06999993                  NaN
   3.07999992                  NaN
   3.08999991                  NaN
   3.09999990                  NaN
   3.10999990                  NaN
   3.11999989                  NaN
   3.12999988                  NaN
   3.13999987                  NaN
   3.14999986                  NaN
   3.15999985                  NaN
   3.16999984                  NaN
   3.17999983                  NaN
   3.18999982                  NaN
   3.19999981                  NaN
   3.21000004                  NaN
   3.22000003                  NaN
   3.23000002                  NaN
   3.24000001                  NaN
   3.25000000                  NaN
   3.25999999                  NaN
   3.26999998                  NaN
   3.27999997                  NaN
   3.28999996                  NaN
   3.29999995                  NaN
   3.30999994                  NaN
   3.31999993                  NaN
   3.32999992                  NaN
   3.33999991                  NaN
   3.34999990                  NaN
   3.35999990                  NaN
   3.36999989                  NaN
   3.37999988                  NaN
   3.38999987                  NaN
   3.39999986                  NaN
   3.40999985                  NaN
   3.41999984                  NaN
   3.42999983                  NaN
   3.43999982                  NaN
   3.44999981                  NaN
   3.46000004                  NaN
   3.47000003                  NaN
   3.48000002                  NaN
   3.49000001                  NaN
   3.50000000                  NaN
   3.50999999                  NaN
   3.51999998                  NaN
   3.52999997                  NaN
   3.53999996                  NaN
   3.54999995                  NaN
   3.55999994                  NaN
   3.56999993                  NaN
   3.57999992                  NaN
   3.58999991                  NaN
   3.59999990                  NaN
   3.60999990                  NaN
   3.61999989                  NaN
   3.62999988                  NaN
   3.63999987                  NaN
   3.64999986                  NaN
   3.65999985                  NaN
   3.66999984                  NaN
   3.67999983                  NaN
   3.68999982                  NaN
   3.69999981                  NaN
   3.70999980                  NaN
   3.72000003                  NaN
   3.73000002                  NaN
   3.74000001                  NaN
   3.75000000                  NaN
   3.75999999                  NaN
   3.76999998                  NaN
   3.77999997                  NaN
   3.78999996                  NaN
   3.79999995                  NaN
   3.80999994                  NaN
   3.81999993                  NaN
   3.82999992                  NaN
   3.83999991                  NaN
   3.84999990                  NaN
   3.85999990                  NaN
   3.86999989                  NaN
   3.87999988                  NaN
   3.88999987                  NaN
   3.89999986                  NaN
   3.90999985                  NaN
   3.91999984                  NaN
   3.92999983                  NaN
   3.93999982                  NaN
   3.94999981                  NaN
   3.95999980                  NaN
   3.97000003                  NaN
   3.98000002                  NaN
   3.99000001                  NaN
   4.00000000                  NaN
   4.00999975                  NaN
   4.01999998                  NaN
   4.02999973                  NaN
   4.03999996                  NaN
   4.04999971                  NaN
   4.05999994                  NaN
   4.06999969                  NaN
   4.07999992                  NaN
   4.08999968                  NaN
   4.09999990                  NaN
   4.11000013                  NaN
   4.11999989                  NaN
   4.13000011                  NaN
   4.13999987                  NaN
   4.15000010                  NaN
   4.15999985                  NaN
   4.17000008                  NaN
   4.17999983                  NaN
   4.19000006                  NaN
   4.19999981                  NaN
   4.21000004                  NaN
   4.21999979                  NaN
   4.23000002                  NaN
   4.23999977                  NaN
   4.25000000                  NaN
   4.25999975                  NaN
   4.26999998                  NaN
   4.27999973                  NaN
   4.28999996                  NaN
   4.29999971                  NaN
   4.30999994                  NaN
   4.31999969                  NaN
   4.32999992                  NaN
   4.33999968                  NaN
   4.34999990                  NaN
   4.36000013                  NaN
   4.36999989                  NaN
   4.38000011                  NaN
   4.38999987                  NaN
   4.40000010                  NaN
   4.40999985                  NaN
   4.42000008                  NaN
   4.42999983                  NaN
   4.44000006                  NaN
   4.44999981                  NaN
   4.46000004                  NaN
   4.46999979                  NaN
   4.48000002                  NaN
   4.48999977                  NaN
   4.50000000                  NaN
   4.50999975                  NaN
   4.51999998                  NaN
   4.52999973                  NaN
   4.53999996                  NaN
   4.54999971                  NaN
   4.55999994                  NaN
   4.56999969                  NaN
   4.57999992                  NaN
   4.58999968                  NaN
   4.59999990                  NaN
   4.61000013                  NaN
   4.61999989                  NaN
   4.63000011                  NaN
   4.63999987                  NaN
   4.65000010                  NaN
   4.65999985                  NaN
   4.67000008                  NaN
   4.67999983                  NaN
   4.69000006                  NaN
   4.69999981                  NaN
   4.71000004                  NaN
   4.71999979                  NaN
   4.73000002                  NaN
   4.73999977                  NaN
   4.75000000                  NaN
   4.75999975                  NaN
   4.76999998                  NaN
   4.77999973                  NaN
   4.78999996                  NaN
   4.79999971                  NaN
   4.80999994                  NaN
   4.81999969                  NaN
   4.82999992                  NaN
   4.83999968                  NaN
   4.84999990                  NaN
   4.85999966                  NaN
   4.86999989                  NaN
   4.88000011                  NaN
   4.88999987                  NaN
   4.90000010                  NaN
   4.90999985                  NaN
   4.92000008                  NaN
   4.92999983                  NaN
   4.94000006                  NaN
   4.94999981                  NaN
   4.96000004                  NaN
   4.96999979                  NaN
   4.98000002                  NaN
   4.98999977                  NaN
   5.00000000                  NaN
