  0.628318548                  NaN
   1.25663710                  NaN
   1.88495564                  NaN
   2.51327419                  NaN
   3.14159274                  NaN
   3.76991129                  NaN
   4.39822960                  NaN
   5.02654839                  NaN
   5.65486717                  NaN
   6.28318548                  NaN
   6.91150379                  NaN
   7.53982258                  NaN
   8.16814137                  NaN
   8.79645920                  NaN
   9.42477798                  NaN
   10.0530968                  NaN
   10.6814156                  NaN
   11.3097343                  NaN
   11.9380522                  NaN
   12.5663710                  NaN
   13.1946898                  NaN
   13.8230076                  NaN
   14.4513264                  NaN
   15.0796452                  NaN
   15.7079639                  NaN
   16.3362827                  NaN
   16.9646015                  NaN
   17.5929184                  NaN
   18.2212372                  NaN
   18.8495560                  NaN
   19.4778748                  NaN
   20.1061935                  NaN
   20.7345123                  NaN
   21.3628311                  NaN
   21.9911499                  NaN
   22.6194687                  NaN
   23.2477856                  NaN
   23.8761044                  NaN
   24.5044231                  NaN
   25.1327419                  NaN
   25.7610607                  NaN
   26.3893795                  NaN
   27.0176983                  NaN
   27.6460152                  NaN
   28.2743340                  NaN
   28.9026527                  NaN
   29.5309715                  NaN
   30.1592903                  NaN
   30.7876091                  NaN
   31.4159279                  NaN
   32.0442467                  NaN
   32.6725655                  NaN
   33.3008842                  NaN
   33.9292030                  NaN
   34.5575218                  NaN
   35.1858368                  NaN
   35.8141556                  NaN
   36.4424744                  NaN
   37.0707932                  NaN
   37.6991119                  NaN
   38.3274307                  NaN
   38.9557495                  NaN
   39.5840683                  NaN
   40.2123871                  NaN
   40.8407059                  NaN
   41.4690247                  NaN
   42.0973434                  NaN
   42.7256622                  NaN
   43.3539810                  NaN
   43.9822998                  NaN
   44.6106186                  NaN
   45.2389374                  NaN
   45.8672523                  NaN
   46.4955711                  NaN
   47.1238899                  NaN
   47.7522087                  NaN
   48.3805275                  NaN
   49.0088463                  NaN
   49.6371651                  NaN
   50.2654839                  NaN
   50.8938026                  NaN
   51.5221214                  NaN
   52.1504402                  NaN
   52.7787590                  NaN
   53.4070778                  NaN
   54.0353966                  NaN
   54.6637154                  NaN
   55.2920303                  NaN
   55.9203491                  NaN
   56.5486679                  NaN
   57.1769867                  NaN
   57.8053055                  NaN
   58.4336243                  NaN
   59.0619431                  NaN
   59.6902618                  NaN
   60.3185806                  NaN
   60.9468994                  NaN
   61.5752182                  NaN
   62.2035370                  NaN
   62.8318558                  NaN
   63.4601746                  NaN
   64.0884933                  NaN
   64.7168121                  NaN
   65.3451309                  NaN
   65.9734497                  NaN
   66.6017685                  NaN
   67.2300873                  NaN
   67.8584061                  NaN
   68.4867249                  NaN
   69.1150436                  NaN
   69.7433624                  NaN
   70.3716736                  NaN
   70.9999924                  NaN
   71.6283112                  NaN
   72.2566299                  NaN
   72.8849487                  NaN
   73.5132675                  NaN
   74.1415863                  NaN
   74.7699051                  NaN
   75.3982239                  NaN
   76.0265427                  NaN
   76.6548615                  NaN
   77.2831802                  NaN
   77.9114990                  NaN
   78.5398178                  NaN
   79.1681366                  NaN
   79.7964554                  NaN
   80.4247742                  NaN
   81.0530930                  NaN
   81.6814117                  NaN
   82.3097305                  NaN
   82.9380493                  NaN
   83.5663681                  NaN
   84.1946869                  NaN
   84.8230057                  NaN
   85.4513245                  NaN
   86.0796432                  NaN
   86.7079620                  NaN
   87.3362808                  NaN
   87.9645996                  NaN
   88.5929184                  NaN
   89.2212372                  NaN
   89.8495560                  NaN
   90.4778748                  NaN
   91.1061859                  NaN
   91.7345047                  NaN
   92.3628235                  NaN
   92.9911423                  NaN
   93.6194611                  NaN
   94.2477798                  NaN
   94.8760986                  NaN
   95.5044174                  NaN
   96.1327362                  NaN
   96.7610550                  NaN
   97.3893738                  NaN
   98.0176926                  NaN
   98.6460114                  NaN
   99.2743301                  NaN
   99.9026489                  NaN
   100.530968                  NaN
   101.159286                  NaN
   101.787605                  NaN
   102.415924                  NaN
   103.044243                  NaN
   103.672562                  NaN
   104.300880                  NaN
   104.929199                  NaN
   105.557518                  NaN
   106.185837                  NaN
   106.814156                  NaN
   107.442474                  NaN
   108.070793                  NaN
   108.699112                  NaN
   109.327431                  NaN
   109.955750                  NaN
   110.584061                  NaN
   111.212379                  NaN
   111.840698                  NaN
   112.469017                  NaN
   113.097336                  NaN
   113.725655                  NaN
   114.353973                  NaN
   114.982292                  NaN
   115.610611                  NaN
   116.238930                  NaN
   116.867249                  NaN
   117.495567                  NaN
   118.123886                  NaN
   118.752205                  NaN
   119.380524                  NaN
   120.008842                  NaN
   120.637161                  NaN
   121.265480                  NaN
   121.893799                  NaN
   122.522118                  NaN
   123.150436                  NaN
   123.778755                  NaN
   124.407074                  NaN
   125.035393                  NaN
   125.663712                  NaN
   126.292030                  NaN
   126.920349                  NaN
   127.548668                  NaN
   128.176987                  NaN
   128.805298                  NaN
   129.433624                  NaN
   130.061935                  NaN
   130.690262                  NaN
   131.318573                  NaN
   131.946899                  NaN
   132.575211                  NaN
   133.203537                  NaN
   133.831848                  NaN
   134.460175                  NaN
   135.088486                  NaN
   135.716812                  NaN
   136.345123                  NaN
   136.973450                  NaN
   137.601761                  NaN
   138.230087                  NaN
   138.858398                  NaN
   139.486725                  NaN
   140.115036                  NaN
   140.743347                  NaN
   141.371674                  NaN
   141.999985                  NaN
   142.628311                  NaN
   143.256622                  NaN
   143.884949                  NaN
   144.513260                  NaN
   145.141586                  NaN
   145.769897                  NaN
   146.398224                  NaN
   147.026535                  NaN
   147.654861                  NaN
   148.283173                  NaN
   148.911499                  NaN
   149.539810                  NaN
   150.168137                  NaN
   150.796448                  NaN
   151.424774                  NaN
   152.053085                  NaN
   152.681412                  NaN
   153.309723                  NaN
   153.938049                  NaN
   154.566360                  NaN
   155.194687                  NaN
   155.822998                  NaN
   156.451324                  NaN
   157.079636                  NaN
   157.707962                  NaN
   158.336273                  NaN
   158.964600                  NaN
   159.592911                  NaN
   160.221237                  NaN
   160.849548                  NaN
   161.477859                  NaN
   162.106186                  NaN
   162.734497                  NaN
   163.362823                  NaN
   163.991135                  NaN
   164.619461                  NaN
   165.247772                  NaN
   165.876099                  NaN
   166.504410                  NaN
   167.132736                  NaN
   167.761047                  NaN
   168.389374                  NaN
   169.017685                  NaN
   169.646011                  NaN
   170.274323                  NaN
   170.902649                  NaN
   171.530960                  NaN
   172.159286                  NaN
   172.787598                  NaN
   173.415924                  NaN
   174.044235                  NaN
   174.672562                  NaN
   175.300873                  NaN
   175.929199                  NaN
   176.557510                  NaN
   177.185837                  NaN
   177.814148                  NaN
   178.442474                  NaN
   179.070786                  NaN
   179.699112                  NaN
   180.327423                  NaN
   180.955750                  NaN
   181.584061                  NaN
   182.212372                  NaN
   182.840698                  NaN
   183.469009                  NaN
   184.097336                  NaN
   184.725647                  NaN
   185.353973                  NaN
   185.982285                  NaN
   186.610611                  NaN
   187.238922                  NaN
   187.867249                  NaN
   188.495560                  NaN
   189.123886                  NaN
   189.752197                  NaN
   190.380524                  NaN
   191.008835                  NaN
   191.637161                  NaN
   192.265472                  NaN
   192.893799                  NaN
   193.522110                  NaN
   194.150436                  NaN
   194.778748                  NaN
   195.407074                  NaN
   196.035385                  NaN
   196.663712                  NaN
   197.292023                  NaN
   197.920349                  NaN
   198.548660                  NaN
   199.176987                  NaN
   199.805298                  NaN
   200.433624                  NaN
   201.061935                  NaN
   201.690247                  NaN
   202.318573                  NaN
   202.946884                  NaN
   203.575211                  NaN
   204.203522                  NaN
   204.831848                  NaN
   205.460159                  NaN
   206.088486                  NaN
   206.716797                  NaN
   207.345123                  NaN
   207.973434                  NaN
   208.601761                  NaN
   209.230072                  NaN
   209.858398                  NaN
   210.486710                  NaN
   211.115036                  NaN
   211.743347                  NaN
   212.371674                  NaN
   212.999985                  NaN
   213.628311                  NaN
   214.256622                  NaN
   214.884949                  NaN
   215.513260                  NaN
   216.141586                  NaN
   216.769897                  NaN
   217.398224                  NaN
   218.026535                  NaN
   218.654861                  NaN
   219.283173                  NaN
   219.911499                  NaN
   220.539810                  NaN
   221.168121                  NaN
   221.796448                  NaN
   222.424759                  NaN
   223.053085                  NaN
   223.681396                  NaN
   224.309723                  NaN
   224.938034                  NaN
   225.566360                  NaN
   226.194672                  NaN
   226.822998                  NaN
   227.451309                  NaN
   228.079636                  NaN
   228.707947                  NaN
   229.336273                  NaN
   229.964584                  NaN
   230.592911                  NaN
   231.221222                  NaN
   231.849548                  NaN
   232.477859                  NaN
   233.106186                  NaN
   233.734497                  NaN
   234.362823                  NaN
   234.991135                  NaN
   235.619461                  NaN
   236.247772                  NaN
   236.876099                  NaN
   237.504410                  NaN
   238.132736                  NaN
   238.761047                  NaN
   239.389374                  NaN
   240.017685                  NaN
   240.646011                  NaN
   241.274323                  NaN
   241.902634                  NaN
   242.530960                  NaN
   243.159271                  NaN
   243.787598                  NaN
   244.415909                  NaN
   245.044235                  NaN
   245.672546                  NaN
   246.300873                  NaN
   246.929184                  NaN
   247.557510                  NaN
   248.185822                  NaN
   248.814148                  NaN
   249.442459                  NaN
   250.070786                  NaN
   250.699097                  NaN
   251.327423                  NaN
   251.955734                  NaN
   252.584061                  NaN
   253.212372                  NaN
   253.840698                  NaN
   254.469009                  NaN
   255.097336                  NaN
   255.725647                  NaN
   256.353973                  NaN
   256.982300                  NaN
   257.610596                  NaN
   258.238922                  NaN
   258.867249                  NaN
   259.495575                  NaN
   260.123871                  NaN
   260.752197                  NaN
   261.380524                  NaN
   262.008820                  NaN
   262.637146                  NaN
   263.265472                  NaN
   263.893799                  NaN
   264.522095                  NaN
   265.150421                  NaN
   265.778748                  NaN
   266.407074                  NaN
   267.035370                  NaN
   267.663696                  NaN
   268.292023                  NaN
   268.920349                  NaN
   269.548645                  NaN
   270.176971                  NaN
   270.805298                  NaN
   271.433624                  NaN
   272.061920                  NaN
   272.690247                  NaN
   273.318573                  NaN
   273.946899                  NaN
   274.575195                  NaN
   275.203522                  NaN
   275.831848                  NaN
   276.460175                  NaN
   277.088470                  NaN
   277.716797                  NaN
   278.345123                  NaN
   278.973450                  NaN
   279.601746                  NaN
   280.230072                  NaN
   280.858398                  NaN
   281.486694                  NaN
   282.115021                  NaN
   282.743347                  NaN
   283.371674                  NaN
   283.999969                  NaN
   284.628296                  NaN
   285.256622                  NaN
   285.884949                  NaN
   286.513245                  NaN
   287.141571                  NaN
   287.769897                  NaN
   288.398224                  NaN
   289.026520                  NaN
   289.654846                  NaN
   290.283173                  NaN
   290.911499                  NaN
   291.539795                  NaN
   292.168121                  NaN
   292.796448                  NaN
   293.424774                  NaN
   294.053070                  NaN
   294.681396                  NaN
   295.309723                  NaN
   295.938049                  NaN
   296.566345                  NaN
   297.194672                  NaN
   297.822998                  NaN
   298.451324                  NaN
   299.079620                  NaN
   299.707947                  NaN
   300.336273                  NaN
   300.964600                  NaN
   301.592896                  NaN
   302.221222                  NaN
   302.849548                  NaN
   303.477844                  NaN
   304.106171                  NaN
   304.734497                  NaN
   305.362823                  NaN
   305.991119                  NaN
   306.619446                  NaN
   307.247772                  NaN
   307.876099                  NaN
   308.504395                  NaN
   309.132721                  NaN
   309.761047                  NaN
   310.389374                  NaN
   311.017670                  NaN
   311.645996                  NaN
   312.274323                  NaN
   312.902649                  NaN
   313.530945                  NaN
   314.159271                  NaN
