   9.99999978E-03  0.162866548       1.00000000       0.00000000    
   1.99999996E-02  0.170956910       1.00000000       6.75382980E-39
   2.99999993E-02  0.179610848       1.00000000       5.66407923E-26
   3.99999991E-02  0.188885003       1.00000000       1.83540883E-19
   4.99999970E-02  0.198816583       1.00000000       1.48599384E-15
   5.99999987E-02  0.209446311       1.00000000       5.99156629E-13
   7.00000003E-02  0.220803082       1.00000000       4.35012859E-11
   7.99999982E-02  0.232913092       1.00000000       1.08172316E-09
   8.99999961E-02  0.245790705       1.00000000       1.31663276E-08
   9.99999940E-02  0.259443313       1.00000000       9.71919576E-08
  0.109999999      0.273865819       1.00000000       4.98677252E-07
  0.119999997      0.289043278       1.00000000       1.94771746E-06
  0.129999995      0.304947108       1.00000000       6.16697798E-06
  0.140000001      0.321537852       1.00000000       1.65574311E-05
  0.149999991      0.338762313       1.00000000       3.89579182E-05
  0.159999996      0.356556475       1.00000000       8.23431401E-05
  0.170000002      0.374844074       1.00000000       1.59328250E-04
  0.179999992      0.393540025       1.00000000       2.86407099E-04
  0.189999998      0.412550151       1.00000000       4.83881362E-04
  0.199999988      0.431774735       1.00000000       7.75524066E-04
  0.209999993      0.451109588       1.00000000       1.18799822E-03
  0.219999999      0.470449328       1.00000000       1.75015058E-03
  0.229999989      0.489689171       1.00000000       2.49217171E-03
  0.239999995      0.508728147       1.00000000       3.44481505E-03
  0.250000000      0.527470291       1.00000000       4.63855453E-03
  0.259999990      0.545827627       1.00000000       6.10291352E-03
  0.269999981      0.563721180       1.00000000       7.86578096E-03
  0.280000001      0.581082821       1.00000000       9.95298009E-03
  0.289999992      0.597855270       1.00000000       1.23877525E-02
  0.299999982      0.613993466       1.00000000       1.51906069E-02
  0.310000002      0.629463732       1.00000000       1.83789656E-02
  0.319999993      0.644244134       1.00000000       2.19672415E-02
  0.329999983      0.658323169       1.00000000       2.59665921E-02
  0.340000004      0.671699643       1.00000000       3.03852558E-02
  0.349999994      0.684380412       1.00000000       3.52282748E-02
  0.359999985      0.696380556       1.00000000       4.04979922E-02
  0.370000005      0.707720935       1.00000000       4.61939871E-02
  0.379999995      0.718427718       1.00000000       5.23133688E-02
  0.389999986      0.728530526       1.00000000       5.88508137E-02
  0.399999976      0.738062024       1.00000000       6.57991245E-02
  0.409999996      0.747056127       1.00000000       7.31489360E-02
  0.419999987      0.755547702       1.00000000       8.08894932E-02
  0.429999977      0.763571382       1.00000000       8.90083611E-02
  0.439999998      0.771161318       1.00000000       9.74919423E-02
  0.449999988      0.778350174       1.00000000      0.106325462    
  0.459999979      0.785169482       1.00000000      0.115493372    
  0.469999999      0.791648507       1.00000000      0.124979198    
  0.479999989      0.797814786       1.00000000      0.134766072    
  0.489999980      0.803693652       1.00000000      0.144836515    
  0.500000000      0.809308350       1.00000000      0.155172944    
  0.509999990      0.814679980       1.00000000      0.165757284    
  0.519999981      0.819827616       1.00000000      0.176571637    
  0.529999971      0.824768543       1.00000000      0.187597796    
  0.539999962      0.829518139       1.00000000      0.198818222    
  0.550000012      0.834090114       1.00000000      0.210215062    
  0.560000002      0.838496864       1.00000000      0.221770599    
  0.569999993      0.842749178       1.00000000      0.233467698    
  0.579999983      0.846856892       1.00000000      0.245289624    
  0.589999974      0.850828469       1.00000000      0.257219791    
  0.599999964      0.854671776       1.00000000      0.269242197    
  0.610000014      0.858393610       1.00000000      0.281341285    
  0.620000005      0.862000108       1.00000000      0.293501884    
  0.629999995      0.865496755       1.00000000      0.305709302    
  0.639999986      0.868888617       1.00000000      0.317949772    
  0.649999976      0.872180104       1.00000000      0.330209345    
  0.659999967      0.875375509       1.00000000      0.342475355    
  0.669999957      0.878478467       1.00000000      0.354735047    
  0.680000007      0.881492615       1.00000000      0.366976887    
  0.689999998      0.884421051       1.00000000      0.379188925    
  0.699999988      0.887266874       1.00000000      0.391360909    
  0.709999979      0.890033007       1.00000000      0.403482080    
  0.719999969      0.892722011       1.00000000      0.415543050    
  0.729999959      0.895336449       1.00000000      0.427534372    
  0.740000010      0.897878766       1.00000000      0.439447820    
  0.750000000      0.900351167       1.00000000      0.451274455    
  0.759999990      0.902755976       1.00000000      0.463007182    
  0.769999981      0.905095279       1.00000000      0.474638551    
  0.779999971      0.907371044       1.00000000      0.486162007    
  0.789999962      0.909585238       1.00000000      0.497570783    
  0.799999952      0.911739707       1.00000000      0.508859873    
  0.810000002      0.913836300       1.00000000      0.520023286    
  0.819999993      0.915876806       1.00000000      0.531056464    
  0.829999983      0.917862773       1.00000000      0.541954398    
  0.839999974      0.919795930       1.00000000      0.552712858    
  0.849999964      0.921677828       1.00000000      0.563328683    
  0.859999955      0.923510015       1.00000000      0.573798001    
  0.870000005      0.925293922       1.00000000      0.584118009    
  0.879999995      0.927030981       1.00000000      0.594285667    
  0.889999986      0.928722620       1.00000000      0.604298770    
  0.899999976      0.930370092       1.00000000      0.614154875    
  0.909999967      0.931974709       1.00000000      0.623852611    
  0.919999957      0.933537841       1.00000000      0.633390248    
  0.930000007      0.935060501       1.00000000      0.642766118    
  0.939999998      0.936544061       1.00000000      0.651979923    
  0.949999988      0.937989533       1.00000000      0.661030054    
  0.959999979      0.939397991       1.00000000      0.669916987    
  0.969999969      0.940770566       1.00000000      0.678639233    
  0.979999959      0.942108274       1.00000000      0.687198043    
  0.989999950      0.943412066       1.00000000      0.695592284    
   1.00000000      0.944683015       1.00000000      0.703822374    
   1.00999999      0.945921957       1.00000000      0.711889207    
   1.01999998      0.947129846       1.00000000      0.719793141    
   1.02999997      0.948307574       1.00000000      0.727535248    
   1.03999996      0.949455917       1.00000000      0.735115767    
   1.04999995      0.950575769       1.00000000      0.742536068    
   1.05999994      0.951667905       1.00000000      0.749797285    
   1.06999993      0.952733099       1.00000000      0.756900370    
   1.07999992      0.953772068       1.00000000      0.763847649    
   1.09000003      0.954785585       1.00000000      0.770639181    
   1.10000002      0.955774367       1.00000000      0.777278125    
   1.11000001      0.956739008       1.00000000      0.783764482    
   1.12000000      0.957680225       1.00000000      0.790101290    
   1.13000000      0.958598673       1.00000000      0.796289563    
   1.13999999      0.959495008       1.00000000      0.802331924    
   1.14999998      0.960369766       1.00000000      0.808229089    
   1.15999997      0.961223483       1.00000000      0.813984394    
   1.16999996      0.962056816       1.00000000      0.819598913    
   1.17999995      0.962870359       1.00000000      0.825075209    
   1.18999994      0.963664472       1.00000000      0.830415130    
   1.19999993      0.964439809       1.00000000      0.835621119    
   1.20999992      0.965196788       1.00000000      0.840694904    
   1.22000003      0.965936005       1.00000000      0.845639050    
   1.23000002      0.966657817       1.00000000      0.850455523    
   1.24000001      0.967362702       1.00000000      0.855146825    
   1.25000000      0.968051195       1.00000000      0.859715104    
   1.25999999      0.968723655       1.00000000      0.864162505    
   1.26999998      0.969380498       1.00000000      0.868491173    
   1.27999997      0.970022082       1.00000000      0.872703850    
   1.28999996      0.970648885       1.00000000      0.876802146    
   1.29999995      0.971261263       1.00000000      0.880788803    
   1.30999994      0.971859574       1.00000000      0.884666026    
   1.31999993      0.972444236       1.00000000      0.888436019    
   1.32999992      0.973015547       1.00000000      0.892100632    
   1.33999991      0.973573804       1.00000000      0.895662606    
   1.35000002      0.974119425       1.00000000      0.899123907    
   1.36000001      0.974652648       1.00000000      0.902486801    
   1.37000000      0.975173891       1.00000000      0.905753076    
   1.38000000      0.975683331       1.00000000      0.908925653    
   1.38999999      0.976181388       1.00000000      0.912006140    
   1.39999998      0.976668239       1.00000000      0.914996922    
   1.40999997      0.977144182       1.00000000      0.917899430    
   1.41999996      0.977609634       1.00000000      0.920716405    
   1.42999995      0.978064656       1.00000000      0.923449993    
   1.43999994      0.978509605       1.00000000      0.926101625    
   1.44999993      0.978944659       1.00000000      0.928673148    
   1.45999992      0.979370117       1.00000000      0.931167543    
   1.46999991      0.979786277       1.00000000      0.933585465    
   1.48000002      0.980193257       1.00000000      0.935929954    
   1.49000001      0.980591357       1.00000000      0.938202322    
   1.50000000      0.980980694       1.00000000      0.940404177    
   1.50999999      0.981361568       1.00000000      0.942537665    
   1.51999998      0.981734157       1.00000000      0.944604635    
   1.52999997      0.982098699       1.00000000      0.946606398    
   1.53999996      0.982455313       1.00000000      0.948545456    
   1.54999995      0.982804239       1.00000000      0.950422645    
   1.55999994      0.983145595       1.00000000      0.952239811    
   1.56999993      0.983479679       1.00000000      0.953998804    
   1.57999992      0.983806551       1.00000000      0.955700994    
   1.58999991      0.984126449       1.00000000      0.957348228    
   1.59999990      0.984439492       1.00000000      0.958941758    
   1.61000001      0.984745860       1.00000000      0.960483313    
   1.62000000      0.985045731       1.00000000      0.961973727    
   1.63000000      0.985339224       1.00000000      0.963415444    
   1.63999999      0.985626519       1.00000000      0.964809060    
   1.64999998      0.985907733       1.00000000      0.966156065    
   1.65999997      0.986183047       1.00000000      0.967458010    
   1.66999996      0.986452520       1.00000000      0.968716204    
   1.67999995      0.986716390       1.00000000      0.969931841    
   1.68999994      0.986974657       1.00000000      0.971106052    
   1.69999993      0.987227619       1.00000000      0.972240210    
   1.70999992      0.987475216       1.00000000      0.973335147    
   1.71999991      0.987717688       1.00000000      0.974392831    
   1.73000002      0.987955093       1.00000000      0.975413382    
   1.74000001      0.988187611       1.00000000      0.976398945    
   1.75000000      0.988415301       1.00000000      0.977349818    
   1.75999999      0.988638282       1.00000000      0.978267372    
   1.76999998      0.988856673       1.00000000      0.979152322    
   1.77999997      0.989070535       1.00000000      0.980005860    
   1.78999996      0.989280045       1.00000000      0.980829120    
   1.79999995      0.989485264       1.00000000      0.981622875    
   1.80999994      0.989686251       1.00000000      0.982388198    
   1.81999993      0.989883125       1.00000000      0.983125806    
   1.82999992      0.990076005       1.00000000      0.983836591    
   1.83999991      0.990264952       1.00000000      0.984521747    
   1.84999990      0.990450025       1.00000000      0.985181391    
   1.86000001      0.990631402       1.00000000      0.985817134    
   1.87000000      0.990809083       1.00000000      0.986429214    
   1.88000000      0.990983188       1.00000000      0.987018585    
   1.88999999      0.991153777       1.00000000      0.987585843    
   1.89999998      0.991320908       1.00000000      0.988132000    
   1.90999997      0.991484642       1.00000000      0.988657534    
   1.91999996      0.991645157       1.00000000      0.989163101    
   1.92999995      0.991802394       1.00000000      0.989649534    
   1.93999994      0.991956532       1.00000000      0.990117252    
   1.94999993      0.992107630       1.00000000      0.990567088    
   1.95999992      0.992255628       1.00000000      0.990999579    
   1.96999991      0.992400706       1.00000000      0.991415262    
   1.97999990      0.992542922       1.00000000      0.991814613    
   1.99000001      0.992682338       1.00000000      0.992198467    
   2.00000000      0.992818952       1.00000000      0.992567301    
   2.00999999      0.992952883       1.00000000      0.992921293    
   2.01999998      0.993084133       1.00000000      0.993261456    
   2.02999997      0.993212819       1.00000000      0.993587732    
   2.03999996      0.993339002       1.00000000      0.993901014    
   2.04999995      0.993462682       1.00000000      0.994201660    
   2.05999994      0.993583918       1.00000000      0.994490206    
   2.06999993      0.993702769       1.00000000      0.994766772    
   2.07999992      0.993819296       1.00000000      0.995032132    
   2.08999991      0.993933558       1.00000000      0.995286405    
   2.09999990      0.994045615       1.00000000      0.995530248    
   2.10999990      0.994155467       1.00000000      0.995763779    
   2.11999989      0.994263172       1.00000000      0.995987594    
   2.12999988      0.994368851       1.00000000      0.996201932    
   2.13999987      0.994472384       1.00000000      0.996407151    
   2.14999986      0.994573951       1.00000000      0.996603608    
   2.15999985      0.994673610       1.00000000      0.996791601    
   2.16999984      0.994771302       1.00000000      0.996971488    
   2.18000007      0.994867086       1.00000000      0.997143507    
   2.19000006      0.994961023       1.00000000      0.997308075    
   2.20000005      0.995053172       1.00000000      0.997465312    
   2.21000004      0.995143592       1.00000000      0.997615576    
   2.22000003      0.995232224       1.00000000      0.997759163    
   2.23000002      0.995319188       1.00000000      0.997896314    
   2.24000001      0.995404482       1.00000000      0.998027205    
   2.25000000      0.995488107       1.00000000      0.998152196    
   2.25999999      0.995570183       1.00000000      0.998271346    
   2.26999998      0.995650649       1.00000000      0.998385072    
   2.27999997      0.995729625       1.00000000      0.998493493    
   2.28999996      0.995807111       1.00000000      0.998596787    
   2.29999995      0.995883107       1.00000000      0.998695135    
   2.30999994      0.995957673       1.00000000      0.998788893    
   2.31999993      0.996030807       1.00000000      0.998878121    
   2.32999992      0.996102571       1.00000000      0.998962998    
   2.33999991      0.996172965       1.00000000      0.999043882    
   2.34999990      0.996242046       1.00000000      0.999120593    
   2.35999990      0.996309876       1.00000000      0.999193549    
   2.36999989      0.996376336       1.00000000      0.999262869    
   2.37999988      0.996441603       1.00000000      0.999328732    
   2.38999987      0.996505618       1.00000000      0.999391258    
   2.39999986      0.996568501       1.00000000      0.999450505    
   2.40999985      0.996630132       1.00000000      0.999506533    
   2.41999984      0.996690631       1.00000000      0.999559760    
   2.42999983      0.996749997       1.00000000      0.999610245    
   2.44000006      0.996808290       1.00000000      0.999657929    
   2.45000005      0.996865451       1.00000000      0.999702930    
   2.46000004      0.996921599       1.00000000      0.999745667    
   2.47000003      0.996976674       1.00000000      0.999785841    
   2.48000002      0.997030675       1.00000000      0.999823809    
   2.49000001      0.997083724       1.00000000      0.999859691    
   2.50000000      0.997135818       1.00000000      0.999893427    
   2.50999999      0.997186899       1.00000000      0.999925256    
   2.51999998      0.997237086       1.00000000      0.999955177    
   2.52999997      0.997286320       1.00000000      0.999983311    
   2.53999996      0.997334659       1.00000000       1.00000978    
   2.54999995      0.997382045       1.00000000       1.00003457    
   2.55999994      0.997428596       1.00000000       1.00005782    
   2.56999993      0.997474313       1.00000000       1.00007963    
   2.57999992      0.997519195       1.00000000       1.00009990    
   2.58999991      0.997563243       1.00000000       1.00011885    
   2.59999990      0.997606456       1.00000000       1.00013661    
   2.60999990      0.997648954       1.00000000       1.00015318    
   2.61999989      0.997690618       1.00000000       1.00016844    
   2.62999988      0.997731507       1.00000000       1.00018275    
   2.63999987      0.997771680       1.00000000       1.00019598    
   2.64999986      0.997811079       1.00000000       1.00020826    
   2.65999985      0.997849822       1.00000000       1.00021958    
   2.66999984      0.997887790       1.00000000       1.00023007    
   2.67999983      0.997925103       1.00000000       1.00023961    
   2.69000006      0.997961760       1.00000000       1.00024843    
   2.70000005      0.997997701       1.00000000       1.00025642    
   2.71000004      0.998033047       1.00000000       1.00026381    
   2.72000003      0.998067737       1.00000000       1.00027049    
   2.73000002      0.998101771       1.00000000       1.00027645    
   2.74000001      0.998135209       1.00000000       1.00028193    
   2.75000000      0.998168051       1.00000000       1.00028682    
   2.75999999      0.998200297       1.00000000       1.00029123    
   2.76999998      0.998231947       1.00000000       1.00029504    
   2.77999997      0.998263001       1.00000000       1.00029850    
   2.78999996      0.998293579       1.00000000       1.00030148    
   2.79999995      0.998323560       1.00000000       1.00030398    
   2.80999994      0.998353004       1.00000000       1.00030613    
   2.81999993      0.998381913       1.00000000       1.00030792    
   2.82999992      0.998410285       1.00000000       1.00030947    
   2.83999991      0.998438179       1.00000000       1.00031066    
   2.84999990      0.998465538       1.00000000       1.00031149    
   2.85999990      0.998492479       1.00000000       1.00031221    
   2.86999989      0.998518884       1.00000000       1.00031257    
   2.87999988      0.998544812       1.00000000       1.00031269    
   2.88999987      0.998570263       1.00000000       1.00031269    
   2.89999986      0.998595297       1.00000000       1.00031245    
   2.90999985      0.998619854       1.00000000       1.00031197    
   2.91999984      0.998643994       1.00000000       1.00031149    
   2.92999983      0.998667717       1.00000000       1.00031078    
   2.93999982      0.998691022       1.00000000       1.00030994    
   2.95000005      0.998713911       1.00000000       1.00030899    
   2.96000004      0.998736382       1.00000000       1.00030792    
   2.97000003      0.998758435       1.00000000       1.00030673    
   2.98000002      0.998780072       1.00000000       1.00030553    
   2.99000001      0.998801410       1.00000000       1.00030422    
   3.00000000      0.998822331       1.00000000       1.00030291    
   3.00999999      0.998842835       1.00000000       1.00030148    
   3.01999998      0.998863041       1.00000000       1.00030005    
   3.02999997      0.998882830       1.00000000       1.00029850    
   3.03999996      0.998902321       1.00000000       1.00029707    
   3.04999995      0.998921454       1.00000000       1.00029552    
   3.05999994      0.998940229       1.00000000       1.00029397    
   3.06999993      0.998958707       1.00000000       1.00029242    
   3.07999992      0.998976827       1.00000000       1.00029087    
   3.08999991      0.998994589       1.00000000       1.00028944    
   3.09999990      0.999012113       1.00000000       1.00028789    
   3.10999990      0.999029279       1.00000000       1.00028646    
   3.11999989      0.999046206       1.00000000       1.00028491    
   3.12999988      0.999062777       1.00000000       1.00028348    
   3.13999987      0.999079049       1.00000000       1.00028217    
   3.14999986      0.999095082       1.00000000       1.00028074    
   3.15999985      0.999110758       1.00000000       1.00027943    
   3.16999984      0.999126196       1.00000000       1.00027812    
   3.17999983      0.999141395       1.00000000       1.00027680    
   3.18999982      0.999156296       1.00000000       1.00027561    
   3.19999981      0.999170959       1.00000000       1.00027454    
   3.21000004      0.999185324       1.00000000       1.00027335    
   3.22000003      0.999199450       1.00000000       1.00027239    
   3.23000002      0.999213338       1.00000000       1.00027132    
   3.24000001      0.999226987       1.00000000       1.00027037    
   3.25000000      0.999240339       1.00000000       1.00026953    
   3.25999999      0.999253511       1.00000000       1.00026870    
   3.26999998      0.999266446       1.00000000       1.00026786    
   3.27999997      0.999279141       1.00000000       1.00026715    
   3.28999996      0.999291599       1.00000000       1.00026655    
   3.29999995      0.999303877       1.00000000       1.00026596    
   3.30999994      0.999315917       1.00000000       1.00026536    
   3.31999993      0.999327719       1.00000000       1.00026488    
   3.32999992      0.999339342       1.00000000       1.00026441    
   3.33999991      0.999350727       1.00000000       1.00026393    
   3.34999990      0.999361932       1.00000000       1.00026357    
   3.35999990      0.999372959       1.00000000       1.00026333    
   3.36999989      0.999383748       1.00000000       1.00026309    
   3.37999988      0.999394417       1.00000000       1.00026286    
   3.38999987      0.999404848       1.00000000       1.00026274    
   3.39999986      0.999415100       1.00000000       1.00026262    
   3.40999985      0.999425113       1.00000000       1.00026250    
   3.41999984      0.999435008       1.00000000       1.00026250    
   3.42999983      0.999444723       1.00000000       1.00026250    
   3.43999982      0.999454260       1.00000000       1.00026250    
   3.44999981      0.999463618       1.00000000       1.00026250    
   3.46000004      0.999472797       1.00000000       1.00026262    
   3.47000003      0.999481857       1.00000000       1.00026274    
   3.48000002      0.999490678       1.00000000       1.00026286    
   3.49000001      0.999499381       1.00000000       1.00026298    
   3.50000000      0.999507964       1.00000000       1.00026321    
   3.50999999      0.999516308       1.00000000       1.00026345    
   3.51999998      0.999524593       1.00000000       1.00026357    
   3.52999997      0.999532640       1.00000000       1.00026381    
   3.53999996      0.999540627       1.00000000       1.00026393    
   3.54999995      0.999548376       1.00000000       1.00026417    
   3.55999994      0.999556065       1.00000000       1.00026429    
   3.56999993      0.999563575       1.00000000       1.00026453    
   3.57999992      0.999570906       1.00000000       1.00026464    
   3.58999991      0.999578178       1.00000000       1.00026476    
   3.59999990      0.999585271       1.00000000       1.00026488    
   3.60999990      0.999592245       1.00000000       1.00026500    
   3.61999989      0.999599099       1.00000000       1.00026500    
   3.62999988      0.999605775       1.00000000       1.00026500    
   3.63999987      0.999612391       1.00000000       1.00026500    
   3.64999986      0.999618828       1.00000000       1.00026488    
   3.65999985      0.999625146       1.00000000       1.00026476    
   3.66999984      0.999631405       1.00000000       1.00026453    
   3.67999983      0.999637485       1.00000000       1.00026429    
   3.68999982      0.999643445       1.00000000       1.00026393    
   3.69999981      0.999649286       1.00000000       1.00026345    
   3.70999980      0.999655068       1.00000000       1.00026298    
   3.72000003      0.999660671       1.00000000       1.00026238    
   3.73000002      0.999666214       1.00000000       1.00026178    
   3.74000001      0.999671638       1.00000000       1.00026095    
   3.75000000      0.999676943       1.00000000       1.00026011    
   3.75999999      0.999682128       1.00000000       1.00025904    
   3.76999998      0.999687254       1.00000000       1.00025797    
   3.77999997      0.999692202       1.00000000       1.00025678    
   3.78999996      0.999697089       1.00000000       1.00025535    
   3.79999995      0.999701917       1.00000000       1.00025380    
   3.80999994      0.999706566       1.00000000       1.00025213    
   3.81999993      0.999711156       1.00000000       1.00025034    
   3.82999992      0.999715626       1.00000000       1.00024843    
   3.83999991      0.999720037       1.00000000       1.00024629    
   3.84999990      0.999724329       1.00000000       1.00024402    
   3.85999990      0.999728560       1.00000000       1.00024152    
   3.86999989      0.999732673       1.00000000       1.00023890    
   3.87999988      0.999736667       1.00000000       1.00023603    
   3.88999987      0.999740601       1.00000000       1.00023293    
   3.89999986      0.999744475       1.00000000       1.00022972    
   3.90999985      0.999748230       1.00000000       1.00022626    
   3.91999984      0.999751866       1.00000000       1.00022256    
   3.92999983      0.999755442       1.00000000       1.00021863    
   3.93999982      0.999758959       1.00000000       1.00021458    
   3.94999981      0.999762356       1.00000000       1.00021005    
   3.95999980      0.999765694       1.00000000       1.00020552    
   3.97000003      0.999768913       1.00000000       1.00020051    
   3.98000002      0.999772072       1.00000000       1.00019538    
   3.99000001      0.999775171       1.00000000       1.00018990    
   4.00000000      0.999778152       1.00000000       1.00018418    
   4.00999975      0.999781072       1.00000000       1.00017822    
   4.01999998      0.999783933       1.00000000       1.00017190    
   4.02999973      0.999786675       1.00000000       1.00016534    
   4.03999996      0.999789357       1.00000000       1.00015843    
   4.04999971      0.999791980       1.00000000       1.00015116    
   4.05999994      0.999794483       1.00000000       1.00014353    
   4.06999969      0.999796927       1.00000000       1.00013566    
   4.07999992      0.999799311       1.00000000       1.00012743    
   4.08999968      0.999801636       1.00000000       1.00011885    
   4.09999990      0.999803841       1.00000000       1.00010991    
   4.11000013      0.999805987       1.00000000       1.00010061    
   4.11999989      0.999808073       1.00000000       1.00009096    
   4.13000011      0.999810100       1.00000000       1.00008082    
   4.13999987      0.999812007       1.00000000       1.00007045    
   4.15000010      0.999813855       1.00000000       1.00005960    
   4.15999985      0.999815702       1.00000000       1.00004840    
   4.17000008      0.999817371       1.00000000       1.00003684    
   4.17999983      0.999819040       1.00000000       1.00002480    
   4.19000006      0.999820650       1.00000000       1.00001228    
   4.19999981      0.999822140       1.00000000      0.999999464    
   4.21000004      0.999823570       1.00000000      0.999986112    
   4.21999979      0.999824941       1.00000000      0.999972403    
   4.23000002      0.999826252       1.00000000      0.999958277    
   4.23999977      0.999827504       1.00000000      0.999943674    
   4.25000000      0.999828696       1.00000000      0.999928594    
   4.25999975      0.999829769       1.00000000      0.999913096    
   4.26999998      0.999830842       1.00000000      0.999897122    
   4.27999973      0.999831796       1.00000000      0.999880672    
   4.28999996      0.999832690       1.00000000      0.999863744    
   4.29999971      0.999833524       1.00000000      0.999846399    
   4.30999994      0.999834299       1.00000000      0.999828517    
   4.31999969      0.999835014       1.00000000      0.999810219    
   4.32999992      0.999835610       1.00000000      0.999791384    
   4.33999968      0.999836206       1.00000000      0.999772072    
   4.34999990      0.999836683       1.00000000      0.999752343    
   4.36000013      0.999837160       1.00000000      0.999732077    
   4.36999989      0.999837518       1.00000000      0.999711275    
   4.38000011      0.999837816       1.00000000      0.999689996    
   4.38999987      0.999838054       1.00000000      0.999668300    
   4.40000010      0.999838233       1.00000000      0.999646008    
   4.40999985      0.999838352       1.00000000      0.999623299    
   4.42000008      0.999838412       1.00000000      0.999600053    
   4.42999983      0.999838412       1.00000000      0.999576330    
   4.44000006      0.999838293       1.00000000      0.999552071    
   4.44999981      0.999838173       1.00000000      0.999527335    
   4.46000004      0.999837935       1.00000000      0.999502122    
   4.46999979      0.999837637       1.00000000      0.999476433    
   4.48000002      0.999837339       1.00000000      0.999450266    
   4.48999977      0.999836922       1.00000000      0.999423563    
   4.50000000      0.999836445       1.00000000      0.999396384    
   4.50999975      0.999835908       1.00000000      0.999368787    
   4.51999998      0.999835312       1.00000000      0.999340653    
   4.52999973      0.999834657       1.00000000      0.999312043    
   4.53999996      0.999833941       1.00000000      0.999283016    
   4.54999971      0.999833107       1.00000000      0.999253511    
   4.55999994      0.999832273       1.00000000      0.999223530    
   4.56999969      0.999831319       1.00000000      0.999193072    
   4.57999992      0.999830365       1.00000000      0.999162197    
   4.58999968      0.999829292       1.00000000      0.999130905    
   4.59999990      0.999828160       1.00000000      0.999099195    
   4.61000013      0.999826968       1.00000000      0.999067008    
   4.61999989      0.999825716       1.00000000      0.999034464    
   4.63000011      0.999824405       1.00000000      0.999001443    
   4.63999987      0.999823034       1.00000000      0.998968065    
   4.65000010      0.999821603       1.00000000      0.998934329    
   4.65999985      0.999820054       1.00000000      0.998900175    
   4.67000008      0.999818504       1.00000000      0.998865604    
   4.67999983      0.999816835       1.00000000      0.998830736    
   4.69000006      0.999815106       1.00000000      0.998795450    
   4.69999981      0.999813318       1.00000000      0.998759866    
   4.71000004      0.999811411       1.00000000      0.998723924    
   4.71999979      0.999809504       1.00000000      0.998687625    
   4.73000002      0.999807477       1.00000000      0.998651028    
   4.73999977      0.999805450       1.00000000      0.998614132    
   4.75000000      0.999803305       1.00000000      0.998576939    
   4.75999975      0.999801099       1.00000000      0.998539448    
   4.76999998      0.999798775       1.00000000      0.998501718    
   4.77999973      0.999796450       1.00000000      0.998463690    
   4.78999996      0.999794066       1.00000000      0.998425364    
   4.79999971      0.999791563       1.00000000      0.998386860    
   4.80999994      0.999789000       1.00000000      0.998348057    
   4.81999969      0.999786377       1.00000000      0.998309016    
   4.82999992      0.999783695       1.00000000      0.998269796    
   4.83999968      0.999780953       1.00000000      0.998230338    
   4.84999990      0.999778152       1.00000000      0.998190701    
   4.85999966      0.999775290       1.00000000      0.998150826    
   4.86999989      0.999772370       1.00000000      0.998110831    
   4.88000011      0.999769449       1.00000000      0.998070598    
   4.88999987      0.999766409       1.00000000      0.998030245    
   4.90000010      0.999763310       1.00000000      0.997989655    
   4.90999985      0.999760211       1.00000000      0.997949004    
   4.92000008      0.999757051       1.00000000      0.997908175    
   4.92999983      0.999753833       1.00000000      0.997867167    
   4.94000006      0.999750614       1.00000000      0.997826099    
   4.94999981      0.999747336       1.00000000      0.997784853    
   4.96000004      0.999743998       1.00000000      0.997743547    
   4.96999979      0.999740660       1.00000000      0.997702122    
   4.98000002      0.999737322       1.00000000      0.997660577    
   4.98999977      0.999733925       1.00000000      0.997618973    
   5.00000000      0.999730527       1.00000000      0.997577310    
