   9.99999978E-03  0.385971338    
   1.99999996E-02  0.401267380    
   2.99999993E-02  0.415407032    
   3.99999991E-02  0.428790987    
   4.99999970E-02  0.441797733    
   5.99999987E-02  0.454784423    
   7.00000003E-02  0.468032181    
   7.99999982E-02  0.481766939    
   8.99999961E-02  0.496138573    
   9.99999940E-02  0.511245966    
  0.109999999      0.527133465    
  0.119999997      0.543803036    
  0.129999995      0.561217070    
  0.140000001      0.579308808    
  0.149999991      0.597983658    
  0.159999996      0.617126405    
  0.170000002      0.636606872    
  0.179999992      0.656282246    
  0.189999998      0.676004946    
  0.199999988      0.695624352    
  0.209999993      0.714993119    
  0.219999999      0.733970940    
  0.229999989      0.752428412    
  0.239999995      0.770248830    
  0.250000000      0.787331939    
  0.259999990      0.803594947    
  0.269999981      0.818973660    
  0.280000001      0.833422720    
  0.289999992      0.846914947    
  0.299999982      0.859439850    
  0.310000002      0.871003211    
  0.319999993      0.881624162    
  0.329999983      0.891334057    
  0.340000004      0.900172710    
  0.349999994      0.908188403    
  0.359999985      0.915434241    
  0.370000005      0.921966314    
  0.379999995      0.927842021    
  0.389999986      0.933120072    
  0.399999976      0.937856913    
  0.409999996      0.942107320    
  0.419999987      0.945923209    
  0.429999977      0.949352801    
  0.439999998      0.952440798    
  0.449999988      0.955228090    
  0.459999979      0.957751393    
  0.469999999      0.960043609    
  0.479999989      0.962133765    
  0.489999980      0.964047909    
  0.500000000      0.965808034    
  0.509999990      0.967433989    
  0.519999981      0.968942285    
  0.529999971      0.970347166    
  0.539999962      0.971661329    
  0.550000012      0.972895145    
  0.560000002      0.974057317    
  0.569999993      0.975155234    
  0.579999983      0.976195455    
  0.589999974      0.977183223    
  0.599999964      0.978123426    
  0.610000014      0.979019523    
  0.620000005      0.979874909    
  0.629999995      0.980692327    
  0.639999986      0.981474400    
  0.649999976      0.982223272    
  0.659999967      0.982940555    
  0.669999957      0.983627915    
  0.680000007      0.984287143    
  0.689999998      0.984919250    
  0.699999988      0.985525727    
  0.709999979      0.986107647    
  0.719999969      0.986665905    
  0.729999959      0.987201571    
  0.740000010      0.987715721    
  0.750000000      0.988209009    
  0.759999990      0.988682330    
  0.769999981      0.989136577    
  0.779999971      0.989572465    
  0.789999962      0.989990890    
  0.799999952      0.990392148    
  0.810000002      0.990777314    
  0.819999993      0.991146743    
  0.829999983      0.991501212    
  0.839999974      0.991841435    
  0.849999964      0.992167830    
  0.859999955      0.992480934    
  0.870000005      0.992781281    
  0.879999995      0.993069530    
  0.889999986      0.993346035    
  0.899999976      0.993611276    
  0.909999967      0.993865728    
  0.919999957      0.994109929    
  0.930000007      0.994344175    
  0.939999998      0.994569004    
  0.949999988      0.994784653    
  0.959999979      0.994991601    
  0.969999969      0.995190084    
  0.979999959      0.995380580    
  0.989999950      0.995563388    
   1.00000000      0.995738804    
   1.00999999      0.995907068    
   1.01999998      0.996068537    
   1.02999997      0.996223509    
   1.03999996      0.996372163    
   1.04999995      0.996514857    
   1.05999994      0.996651888    
   1.06999993      0.996783316    
   1.07999992      0.996909499    
   1.09000003      0.997030616    
   1.10000002      0.997146785    
   1.11000001      0.997258365    
   1.12000000      0.997365475    
   1.13000000      0.997468293    
   1.13999999      0.997566998    
   1.14999998      0.997661769    
   1.15999997      0.997752666    
   1.16999996      0.997840047    
   1.17999995      0.997923911    
   1.18999994      0.998004436    
   1.19999993      0.998081744    
   1.20999992      0.998156011    
   1.22000003      0.998227298    
   1.23000002      0.998295724    
   1.24000001      0.998361528    
   1.25000000      0.998424649    
   1.25999999      0.998485327    
   1.26999998      0.998543620    
   1.27999997      0.998599529    
   1.28999996      0.998653293    
   1.29999995      0.998704910    
   1.30999994      0.998754561    
   1.31999993      0.998802245    
   1.32999992      0.998847961    
   1.33999991      0.998892009    
   1.35000002      0.998934269    
   1.36000001      0.998974919    
   1.37000000      0.999013960    
   1.38000000      0.999051511    
   1.38999999      0.999087512    
   1.39999998      0.999122143    
   1.40999997      0.999155462    
   1.41999996      0.999187410    
   1.42999995      0.999218225    
   1.43999994      0.999247789    
   1.44999993      0.999276221    
   1.45999992      0.999303579    
   1.46999991      0.999329805    
   1.48000002      0.999355078    
   1.49000001      0.999379337    
   1.50000000      0.999402702    
   1.50999999      0.999425173    
   1.51999998      0.999446750    
   1.52999997      0.999467492    
   1.53999996      0.999487400    
   1.54999995      0.999506593    
   1.55999994      0.999525070    
   1.56999993      0.999542832    
   1.57999992      0.999559939    
   1.58999991      0.999576330    
   1.59999990      0.999592125    
   1.61000001      0.999607325    
   1.62000000      0.999621928    
   1.63000000      0.999635994    
   1.63999999      0.999649525    
   1.64999998      0.999662519    
   1.65999997      0.999675035    
   1.66999996      0.999687076    
   1.67999995      0.999698699    
   1.68999994      0.999709845    
   1.69999993      0.999720514    
   1.70999992      0.999730885    
   1.71999991      0.999740839    
   1.73000002      0.999750376    
   1.74000001      0.999759555    
   1.75000000      0.999768436    
   1.75999999      0.999776900    
   1.76999998      0.999785125    
   1.77999997      0.999792993    
   1.78999996      0.999800622    
   1.79999995      0.999807954    
   1.80999994      0.999814987    
   1.81999993      0.999821723    
   1.82999992      0.999828279    
   1.83999991      0.999834538    
   1.84999990      0.999840558    
   1.86000001      0.999846399    
   1.87000000      0.999852002    
   1.88000000      0.999857426    
   1.88999999      0.999862611    
   1.89999998      0.999867618    
   1.90999997      0.999872446    
   1.91999996      0.999877095    
   1.92999995      0.999881566    
   1.93999994      0.999885857    
   1.94999993      0.999889970    
   1.95999992      0.999893963    
   1.96999991      0.999897838    
   1.97999990      0.999901533    
   1.99000001      0.999905109    
   2.00000000      0.999908507    
   2.00999999      0.999911845    
   2.01999998      0.999915004    
   2.02999997      0.999918103    
   2.03999996      0.999921024    
   2.04999995      0.999923885    
   2.05999994      0.999926627    
   2.06999993      0.999929249    
   2.07999992      0.999931812    
   2.08999991      0.999934256    
   2.09999990      0.999936640    
   2.10999990      0.999938905    
   2.11999989      0.999941111    
   2.12999988      0.999943256    
   2.13999987      0.999945283    
   2.14999986      0.999947250    
   2.15999985      0.999949098    
   2.16999984      0.999950945    
   2.18000007      0.999952734    
   2.19000006      0.999954402    
   2.20000005      0.999956071    
   2.21000004      0.999957621    
   2.22000003      0.999959171    
   2.23000002      0.999960601    
   2.24000001      0.999961972    
   2.25000000      0.999963343    
   2.25999999      0.999964654    
   2.26999998      0.999965966    
   2.27999997      0.999967158    
   2.28999996      0.999968350    
   2.29999995      0.999969482    
   2.30999994      0.999970555    
   2.31999993      0.999971628    
   2.32999992      0.999972641    
   2.33999991      0.999973595    
   2.34999990      0.999974549    
   2.35999990      0.999975443    
   2.36999989      0.999976337    
   2.37999988      0.999977171    
   2.38999987      0.999978006    
   2.39999986      0.999978781    
   2.40999985      0.999979556    
   2.41999984      0.999980271    
   2.42999983      0.999980986    
   2.44000006      0.999981701    
   2.45000005      0.999982297    
   2.46000004      0.999982953    
   2.47000003      0.999983609    
   2.48000002      0.999984145    
   2.49000001      0.999984741    
   2.50000000      0.999985278    
   2.50999999      0.999985814    
   2.51999998      0.999986351    
   2.52999997      0.999986827    
   2.53999996      0.999987304    
   2.54999995      0.999987781    
   2.55999994      0.999988198    
   2.56999993      0.999988675    
   2.57999992      0.999989092    
   2.58999991      0.999989450    
   2.59999990      0.999989867    
   2.60999990      0.999990225    
   2.61999989      0.999990582    
   2.62999988      0.999990940    
   2.63999987      0.999991298    
   2.64999986      0.999991655    
   2.65999985      0.999991953    
   2.66999984      0.999992251    
   2.67999983      0.999992549    
   2.69000006      0.999992847    
   2.70000005      0.999993086    
   2.71000004      0.999993384    
   2.72000003      0.999993622    
   2.73000002      0.999993920    
   2.74000001      0.999994159    
   2.75000000      0.999994397    
   2.75999999      0.999994636    
   2.76999998      0.999994814    
   2.77999997      0.999995053    
   2.78999996      0.999995291    
   2.79999995      0.999995470    
   2.80999994      0.999995649    
   2.81999993      0.999995887    
   2.82999992      0.999996066    
   2.83999991      0.999996245    
   2.84999990      0.999996424    
   2.85999990      0.999996603    
   2.86999989      0.999996722    
   2.87999988      0.999996901    
   2.88999987      0.999997079    
   2.89999986      0.999997199    
   2.90999985      0.999997377    
   2.91999984      0.999997497    
   2.92999983      0.999997675    
   2.93999982      0.999997795    
   2.95000005      0.999997914    
   2.96000004      0.999998033    
   2.97000003      0.999998212    
   2.98000002      0.999998331    
   2.99000001      0.999998450    
   3.00000000      0.999998569    
   3.00999999      0.999998689    
   3.01999998      0.999998808    
   3.02999997      0.999998927    
   3.03999996      0.999999046    
   3.04999995      0.999999106    
   3.05999994      0.999999225    
   3.06999993      0.999999344    
   3.07999992      0.999999464    
   3.08999991      0.999999523    
   3.09999990      0.999999642    
   3.10999990      0.999999762    
   3.11999989      0.999999821    
   3.12999988      0.999999940    
   3.13999987       1.00000000    
   3.14999986       1.00000012    
   3.15999985       1.00000024    
   3.16999984       1.00000036    
   3.17999983       1.00000048    
   3.18999982       1.00000048    
   3.19999981       1.00000060    
   3.21000004       1.00000072    
   3.22000003       1.00000083    
   3.23000002       1.00000083    
   3.24000001       1.00000095    
   3.25000000       1.00000107    
   3.25999999       1.00000107    
   3.26999998       1.00000119    
   3.27999997       1.00000131    
   3.28999996       1.00000143    
   3.29999995       1.00000143    
   3.30999994       1.00000155    
   3.31999993       1.00000167    
   3.32999992       1.00000179    
   3.33999991       1.00000179    
   3.34999990       1.00000191    
   3.35999990       1.00000203    
   3.36999989       1.00000203    
   3.37999988       1.00000215    
   3.38999987       1.00000226    
   3.39999986       1.00000238    
   3.40999985       1.00000238    
   3.41999984       1.00000250    
   3.42999983       1.00000262    
   3.43999982       1.00000274    
   3.44999981       1.00000274    
   3.46000004       1.00000286    
   3.47000003       1.00000298    
   3.48000002       1.00000298    
   3.49000001       1.00000310    
   3.50000000       1.00000322    
   3.50999999       1.00000334    
   3.51999998       1.00000334    
   3.52999997       1.00000346    
   3.53999996       1.00000358    
   3.54999995       1.00000370    
   3.55999994       1.00000370    
   3.56999993       1.00000381    
   3.57999992       1.00000393    
   3.58999991       1.00000405    
   3.59999990       1.00000405    
   3.60999990       1.00000417    
   3.61999989       1.00000429    
   3.62999988       1.00000441    
   3.63999987       1.00000453    
   3.64999986       1.00000453    
   3.65999985       1.00000465    
   3.66999984       1.00000477    
   3.67999983       1.00000489    
   3.68999982       1.00000489    
   3.69999981       1.00000501    
   3.70999980       1.00000513    
   3.72000003       1.00000525    
   3.73000002       1.00000536    
   3.74000001       1.00000536    
   3.75000000       1.00000548    
   3.75999999       1.00000560    
   3.76999998       1.00000572    
   3.77999997       1.00000572    
   3.78999996       1.00000584    
   3.79999995       1.00000596    
   3.80999994       1.00000608    
   3.81999993       1.00000608    
   3.82999992       1.00000620    
   3.83999991       1.00000632    
   3.84999990       1.00000644    
   3.85999990       1.00000644    
   3.86999989       1.00000656    
   3.87999988       1.00000668    
   3.88999987       1.00000668    
   3.89999986       1.00000679    
   3.90999985       1.00000691    
   3.91999984       1.00000691    
   3.92999983       1.00000703    
   3.93999982       1.00000703    
   3.94999981       1.00000715    
   3.95999980       1.00000715    
   3.97000003       1.00000727    
   3.98000002       1.00000727    
   3.99000001       1.00000739    
   4.00000000       1.00000739    
   4.00999975       1.00000739    
   4.01999998       1.00000751    
   4.02999973       1.00000751    
   4.03999996       1.00000751    
   4.04999971       1.00000751    
   4.05999994       1.00000763    
   4.06999969       1.00000763    
   4.07999992       1.00000763    
   4.08999968       1.00000763    
   4.09999990       1.00000751    
   4.11000013       1.00000751    
   4.11999989       1.00000751    
   4.13000011       1.00000751    
   4.13999987       1.00000739    
   4.15000010       1.00000739    
   4.15999985       1.00000727    
   4.17000008       1.00000727    
   4.17999983       1.00000715    
   4.19000006       1.00000703    
   4.19999981       1.00000691    
   4.21000004       1.00000679    
   4.21999979       1.00000668    
   4.23000002       1.00000644    
   4.23999977       1.00000632    
   4.25000000       1.00000608    
   4.25999975       1.00000596    
   4.26999998       1.00000572    
   4.27999973       1.00000548    
   4.28999996       1.00000525    
   4.29999971       1.00000489    
   4.30999994       1.00000465    
   4.31999969       1.00000429    
   4.32999992       1.00000393    
   4.33999968       1.00000358    
   4.34999990       1.00000322    
   4.36000013       1.00000274    
   4.36999989       1.00000226    
   4.38000011       1.00000179    
   4.38999987       1.00000131    
   4.40000010       1.00000072    
   4.40999985       1.00000012    
   4.42000008      0.999999523    
   4.42999983      0.999998868    
   4.44000006      0.999998212    
   4.44999981      0.999997437    
   4.46000004      0.999996662    
   4.46999979      0.999995828    
   4.48000002      0.999994993    
   4.48999977      0.999994099    
   4.50000000      0.999993086    
   4.50999975      0.999992073    
   4.51999998      0.999991000    
   4.52999973      0.999989867    
   4.53999996      0.999988675    
   4.54999971      0.999987423    
   4.55999994      0.999986053    
   4.56999969      0.999984682    
   4.57999992      0.999983191    
   4.58999968      0.999981642    
   4.59999990      0.999980032    
   4.61000013      0.999978304    
   4.61999989      0.999976516    
   4.63000011      0.999974608    
   4.63999987      0.999972582    
   4.65000010      0.999970496    
   4.65999985      0.999968290    
   4.67000008      0.999965966    
   4.67999983      0.999963522    
   4.69000006      0.999960959    
   4.69999981      0.999958277    
   4.71000004      0.999955416    
   4.71999979      0.999952435    
   4.73000002      0.999949276    
   4.73999977      0.999945939    
   4.75000000      0.999942422    
   4.75999975      0.999938726    
   4.76999998      0.999934852    
   4.77999973      0.999930799    
   4.78999996      0.999926507    
   4.79999971      0.999921918    
   4.80999994      0.999917150    
   4.81999969      0.999912143    
   4.82999992      0.999906838    
   4.83999968      0.999901235    
   4.84999990      0.999895275    
   4.85999966      0.999889076    
   4.86999989      0.999882460    
   4.88000011      0.999875486    
   4.88999987      0.999868155    
   4.90000010      0.999860346    
   4.90999985      0.999852121    
   4.92000008      0.999843478    
   4.92999983      0.999834299    
   4.94000006      0.999824584    
   4.94999981      0.999814332    
   4.96000004      0.999803543    
   4.96999979      0.999792218    
   4.98000002      0.999780357    
   4.98999977      0.999768078    
   5.00000000      0.999755561    
