   9.99999978E-03   1.00000000    
   1.99999996E-02   1.00000000    
   2.99999993E-02   1.00000000    
   3.99999991E-02   1.00000000    
   4.99999970E-02   1.00000000    
   5.99999987E-02   1.00000000    
   7.00000003E-02   1.00000000    
   7.99999982E-02   1.00000000    
   8.99999961E-02   1.00000000    
   9.99999940E-02   1.00000000    
  0.109999999       1.00000000    
  0.119999997       1.00000000    
  0.129999995       1.00000000    
  0.140000001       1.00000000    
  0.149999991       1.00000000    
  0.159999996       1.00000000    
  0.170000002       1.00000000    
  0.179999992       1.00000000    
  0.189999998       1.00000000    
  0.199999988       1.00000000    
  0.209999993       1.00000000    
  0.219999999       1.00000000    
  0.229999989       1.00000000    
  0.239999995       1.00000000    
  0.250000000       1.00000000    
  0.259999990       1.00000000    
  0.269999981       1.00000000    
  0.280000001       1.00000000    
  0.289999992       1.00000000    
  0.299999982       1.00000000    
  0.310000002       1.00000000    
  0.319999993       1.00000000    
  0.329999983       1.00000000    
  0.340000004       1.00000000    
  0.349999994       1.00000000    
  0.359999985       1.00000000    
  0.370000005       1.00000000    
  0.379999995       1.00000000    
  0.389999986       1.00000000    
  0.399999976       1.00000000    
  0.409999996       1.00000000    
  0.419999987       1.00000000    
  0.429999977       1.00000000    
  0.439999998       1.00000000    
  0.449999988       1.00000000    
  0.459999979       1.00000000    
  0.469999999       1.00000000    
  0.479999989       1.00000000    
  0.489999980       1.00000000    
  0.500000000       1.00000000    
  0.509999990       1.00000000    
  0.519999981       1.00000000    
  0.529999971       1.00000000    
  0.539999962       1.00000000    
  0.550000012       1.00000000    
  0.560000002       1.00000000    
  0.569999993       1.00000000    
  0.579999983       1.00000000    
  0.589999974       1.00000000    
  0.599999964       1.00000000    
  0.610000014       1.00000000    
  0.620000005       1.00000000    
  0.629999995       1.00000000    
  0.639999986       1.00000000    
  0.649999976       1.00000000    
  0.659999967       1.00000000    
  0.669999957       1.00000000    
  0.680000007       1.00000000    
  0.689999998       1.00000000    
  0.699999988       1.00000000    
  0.709999979       1.00000000    
  0.719999969       1.00000000    
  0.729999959       1.00000000    
  0.740000010       1.00000000    
  0.750000000       1.00000000    
  0.759999990       1.00000000    
  0.769999981       1.00000000    
  0.779999971       1.00000000    
  0.789999962       1.00000000    
  0.799999952       1.00000000    
  0.810000002       1.00000000    
  0.819999993       1.00000000    
  0.829999983       1.00000000    
  0.839999974       1.00000000    
  0.849999964       1.00000000    
  0.859999955       1.00000000    
  0.870000005       1.00000000    
  0.879999995       1.00000000    
  0.889999986       1.00000000    
  0.899999976       1.00000000    
  0.909999967       1.00000000    
  0.919999957       1.00000000    
  0.930000007       1.00000000    
  0.939999998       1.00000000    
  0.949999988       1.00000000    
  0.959999979       1.00000000    
  0.969999969       1.00000000    
  0.979999959       1.00000000    
  0.989999950       1.00000000    
   1.00000000       1.00000000    
   1.00999999       1.00000000    
   1.01999998       1.00000000    
   1.02999997       1.00000000    
   1.03999996       1.00000000    
   1.04999995       1.00000000    
   1.05999994       1.00000000    
   1.06999993       1.00000000    
   1.07999992       1.00000000    
   1.09000003       1.00000000    
   1.10000002       1.00000000    
   1.11000001       1.00000000    
   1.12000000       1.00000000    
   1.13000000       1.00000000    
   1.13999999       1.00000000    
   1.14999998       1.00000000    
   1.15999997       1.00000000    
   1.16999996       1.00000000    
   1.17999995       1.00000000    
   1.18999994       1.00000000    
   1.19999993       1.00000000    
   1.20999992       1.00000000    
   1.22000003       1.00000000    
   1.23000002       1.00000000    
   1.24000001       1.00000000    
   1.25000000       1.00000000    
   1.25999999       1.00000000    
   1.26999998       1.00000000    
   1.27999997       1.00000000    
   1.28999996       1.00000000    
   1.29999995       1.00000000    
   1.30999994       1.00000000    
   1.31999993       1.00000000    
   1.32999992       1.00000000    
   1.33999991       1.00000000    
   1.35000002       1.00000000    
   1.36000001       1.00000000    
   1.37000000       1.00000000    
   1.38000000       1.00000000    
   1.38999999       1.00000000    
   1.39999998       1.00000000    
   1.40999997       1.00000000    
   1.41999996       1.00000000    
   1.42999995       1.00000000    
   1.43999994       1.00000000    
   1.44999993       1.00000000    
   1.45999992       1.00000000    
   1.46999991       1.00000000    
   1.48000002       1.00000000    
   1.49000001       1.00000000    
   1.50000000       1.00000000    
   1.50999999       1.00000000    
   1.51999998       1.00000000    
   1.52999997       1.00000000    
   1.53999996       1.00000000    
   1.54999995       1.00000000    
   1.55999994       1.00000000    
   1.56999993       1.00000000    
   1.57999992       1.00000000    
   1.58999991       1.00000000    
   1.59999990       1.00000000    
   1.61000001       1.00000000    
   1.62000000       1.00000000    
   1.63000000       1.00000000    
   1.63999999       1.00000000    
   1.64999998       1.00000000    
   1.65999997       1.00000000    
   1.66999996       1.00000000    
   1.67999995       1.00000000    
   1.68999994       1.00000000    
   1.69999993       1.00000000    
   1.70999992       1.00000000    
   1.71999991       1.00000000    
   1.73000002       1.00000000    
   1.74000001       1.00000000    
   1.75000000       1.00000000    
   1.75999999       1.00000000    
   1.76999998       1.00000000    
   1.77999997       1.00000000    
   1.78999996       1.00000000    
   1.79999995       1.00000000    
   1.80999994       1.00000000    
   1.81999993       1.00000000    
   1.82999992       1.00000000    
   1.83999991       1.00000000    
   1.84999990       1.00000000    
   1.86000001       1.00000000    
   1.87000000       1.00000000    
   1.88000000       1.00000000    
   1.88999999       1.00000000    
   1.89999998       1.00000000    
   1.90999997       1.00000000    
   1.91999996       1.00000000    
   1.92999995       1.00000000    
   1.93999994       1.00000000    
   1.94999993       1.00000000    
   1.95999992       1.00000000    
   1.96999991       1.00000000    
   1.97999990       1.00000000    
   1.99000001       1.00000000    
   2.00000000       1.00000000    
   2.00999999       1.00000000    
   2.01999998       1.00000000    
   2.02999997       1.00000000    
   2.03999996       1.00000000    
   2.04999995       1.00000000    
   2.05999994       1.00000000    
   2.06999993       1.00000000    
   2.07999992       1.00000000    
   2.08999991       1.00000000    
   2.09999990       1.00000000    
   2.10999990       1.00000000    
   2.11999989       1.00000000    
   2.12999988       1.00000000    
   2.13999987       1.00000000    
   2.14999986       1.00000000    
   2.15999985       1.00000000    
   2.16999984       1.00000000    
   2.18000007       1.00000000    
   2.19000006       1.00000000    
   2.20000005       1.00000000    
   2.21000004       1.00000000    
   2.22000003       1.00000000    
   2.23000002       1.00000000    
   2.24000001       1.00000000    
   2.25000000       1.00000000    
   2.25999999       1.00000000    
   2.26999998       1.00000000    
   2.27999997       1.00000000    
   2.28999996       1.00000000    
   2.29999995       1.00000000    
   2.30999994       1.00000000    
   2.31999993       1.00000000    
   2.32999992       1.00000000    
   2.33999991       1.00000000    
   2.34999990       1.00000000    
   2.35999990       1.00000000    
   2.36999989       1.00000000    
   2.37999988       1.00000000    
   2.38999987       1.00000000    
   2.39999986       1.00000000    
   2.40999985       1.00000000    
   2.41999984       1.00000000    
   2.42999983       1.00000000    
   2.44000006       1.00000000    
   2.45000005       1.00000000    
   2.46000004       1.00000000    
   2.47000003       1.00000000    
   2.48000002       1.00000000    
   2.49000001       1.00000000    
   2.50000000       1.00000000    
   2.50999999       1.00000000    
   2.51999998       1.00000000    
   2.52999997       1.00000000    
   2.53999996       1.00000000    
   2.54999995       1.00000000    
   2.55999994       1.00000000    
   2.56999993       1.00000000    
   2.57999992       1.00000000    
   2.58999991       1.00000000    
   2.59999990       1.00000000    
   2.60999990       1.00000000    
   2.61999989       1.00000000    
   2.62999988       1.00000000    
   2.63999987       1.00000000    
   2.64999986       1.00000000    
   2.65999985       1.00000000    
   2.66999984       1.00000000    
   2.67999983       1.00000000    
   2.69000006       1.00000000    
   2.70000005       1.00000000    
   2.71000004       1.00000000    
   2.72000003       1.00000000    
   2.73000002       1.00000000    
   2.74000001       1.00000000    
   2.75000000       1.00000000    
   2.75999999       1.00000000    
   2.76999998       1.00000000    
   2.77999997       1.00000000    
   2.78999996       1.00000000    
   2.79999995       1.00000000    
   2.80999994       1.00000000    
   2.81999993       1.00000000    
   2.82999992       1.00000000    
   2.83999991       1.00000000    
   2.84999990       1.00000000    
   2.85999990       1.00000000    
   2.86999989       1.00000000    
   2.87999988       1.00000000    
   2.88999987       1.00000000    
   2.89999986       1.00000000    
   2.90999985       1.00000000    
   2.91999984       1.00000000    
   2.92999983       1.00000000    
   2.93999982       1.00000000    
   2.95000005       1.00000000    
   2.96000004       1.00000000    
   2.97000003       1.00000000    
   2.98000002       1.00000000    
   2.99000001       1.00000000    
   3.00000000       1.00000000    
   3.00999999       1.00000000    
   3.01999998       1.00000000    
   3.02999997       1.00000000    
   3.03999996       1.00000000    
   3.04999995       1.00000000    
   3.05999994       1.00000000    
   3.06999993       1.00000000    
   3.07999992       1.00000000    
   3.08999991       1.00000000    
   3.09999990       1.00000000    
   3.10999990       1.00000000    
   3.11999989       1.00000000    
   3.12999988       1.00000000    
   3.13999987       1.00000000    
   3.14999986       1.00000000    
   3.15999985       1.00000000    
   3.16999984       1.00000000    
   3.17999983       1.00000000    
   3.18999982       1.00000000    
   3.19999981       1.00000000    
   3.21000004       1.00000000    
   3.22000003       1.00000000    
   3.23000002       1.00000000    
   3.24000001       1.00000000    
   3.25000000       1.00000000    
   3.25999999       1.00000000    
   3.26999998       1.00000000    
   3.27999997       1.00000000    
   3.28999996       1.00000000    
   3.29999995       1.00000000    
   3.30999994       1.00000000    
   3.31999993       1.00000000    
   3.32999992       1.00000000    
   3.33999991       1.00000000    
   3.34999990       1.00000000    
   3.35999990       1.00000000    
   3.36999989       1.00000000    
   3.37999988       1.00000000    
   3.38999987       1.00000000    
   3.39999986       1.00000000    
   3.40999985       1.00000000    
   3.41999984       1.00000000    
   3.42999983       1.00000000    
   3.43999982       1.00000000    
   3.44999981       1.00000000    
   3.46000004       1.00000000    
   3.47000003       1.00000000    
   3.48000002       1.00000000    
   3.49000001       1.00000000    
   3.50000000       1.00000000    
   3.50999999       1.00000000    
   3.51999998       1.00000000    
   3.52999997       1.00000000    
   3.53999996       1.00000000    
   3.54999995       1.00000000    
   3.55999994       1.00000000    
   3.56999993       1.00000000    
   3.57999992       1.00000000    
   3.58999991       1.00000000    
   3.59999990       1.00000000    
   3.60999990       1.00000000    
   3.61999989       1.00000000    
   3.62999988       1.00000000    
   3.63999987       1.00000000    
   3.64999986       1.00000000    
   3.65999985       1.00000000    
   3.66999984       1.00000000    
   3.67999983       1.00000000    
   3.68999982       1.00000000    
   3.69999981       1.00000000    
   3.70999980       1.00000000    
   3.72000003       1.00000000    
   3.73000002       1.00000000    
   3.74000001       1.00000000    
   3.75000000       1.00000000    
   3.75999999       1.00000000    
   3.76999998       1.00000000    
   3.77999997       1.00000000    
   3.78999996       1.00000000    
   3.79999995       1.00000000    
   3.80999994       1.00000000    
   3.81999993       1.00000000    
   3.82999992       1.00000000    
   3.83999991       1.00000000    
   3.84999990       1.00000000    
   3.85999990       1.00000000    
   3.86999989       1.00000000    
   3.87999988       1.00000000    
   3.88999987       1.00000000    
   3.89999986       1.00000000    
   3.90999985       1.00000000    
   3.91999984       1.00000000    
   3.92999983       1.00000000    
   3.93999982       1.00000000    
   3.94999981       1.00000000    
   3.95999980       1.00000000    
   3.97000003       1.00000000    
   3.98000002       1.00000000    
   3.99000001       1.00000000    
   4.00000000       1.00000000    
   4.00999975       1.00000000    
   4.01999998       1.00000000    
   4.02999973       1.00000000    
   4.03999996       1.00000000    
   4.04999971       1.00000000    
   4.05999994       1.00000000    
   4.06999969       1.00000000    
   4.07999992       1.00000000    
   4.08999968       1.00000000    
   4.09999990       1.00000000    
   4.11000013       1.00000000    
   4.11999989       1.00000000    
   4.13000011       1.00000000    
   4.13999987       1.00000000    
   4.15000010       1.00000000    
   4.15999985       1.00000000    
   4.17000008       1.00000000    
   4.17999983       1.00000000    
   4.19000006       1.00000000    
   4.19999981       1.00000000    
   4.21000004       1.00000000    
   4.21999979       1.00000000    
   4.23000002       1.00000000    
   4.23999977       1.00000000    
   4.25000000       1.00000000    
   4.25999975       1.00000000    
   4.26999998       1.00000000    
   4.27999973       1.00000000    
   4.28999996       1.00000000    
   4.29999971       1.00000000    
   4.30999994       1.00000000    
   4.31999969       1.00000000    
   4.32999992       1.00000000    
   4.33999968       1.00000000    
   4.34999990       1.00000000    
   4.36000013       1.00000000    
   4.36999989       1.00000000    
   4.38000011       1.00000000    
   4.38999987       1.00000000    
   4.40000010       1.00000000    
   4.40999985       1.00000000    
   4.42000008       1.00000000    
   4.42999983       1.00000000    
   4.44000006       1.00000000    
   4.44999981       1.00000000    
   4.46000004       1.00000000    
   4.46999979       1.00000000    
   4.48000002       1.00000000    
   4.48999977       1.00000000    
   4.50000000       1.00000000    
   4.50999975       1.00000000    
   4.51999998       1.00000000    
   4.52999973       1.00000000    
   4.53999996       1.00000000    
   4.54999971       1.00000000    
   4.55999994       1.00000000    
   4.56999969       1.00000000    
   4.57999992       1.00000000    
   4.58999968       1.00000000    
   4.59999990       1.00000000    
   4.61000013       1.00000000    
   4.61999989       1.00000000    
   4.63000011       1.00000000    
   4.63999987       1.00000000    
   4.65000010       1.00000000    
   4.65999985       1.00000000    
   4.67000008       1.00000000    
   4.67999983       1.00000000    
   4.69000006       1.00000000    
   4.69999981       1.00000000    
   4.71000004       1.00000000    
   4.71999979       1.00000000    
   4.73000002       1.00000000    
   4.73999977       1.00000000    
   4.75000000       1.00000000    
   4.75999975       1.00000000    
   4.76999998       1.00000000    
   4.77999973       1.00000000    
   4.78999996       1.00000000    
   4.79999971       1.00000000    
   4.80999994       1.00000000    
   4.81999969       1.00000000    
   4.82999992       1.00000000    
   4.83999968       1.00000000    
   4.84999990       1.00000000    
   4.85999966       1.00000000    
   4.86999989       1.00000000    
   4.88000011       1.00000000    
   4.88999987       1.00000000    
   4.90000010       1.00000000    
   4.90999985       1.00000000    
   4.92000008       1.00000000    
   4.92999983       1.00000000    
   4.94000006       1.00000000    
   4.94999981       1.00000000    
   4.96000004       1.00000000    
   4.96999979       1.00000000    
   4.98000002       1.00000000    
   4.98999977       1.00000000    
   5.00000000       1.00000000    
