   9.99999978E-03   0.00000000    
   1.99999996E-02   2.75113685E-34
   2.99999993E-02   1.46291693E-22
   3.99999991E-02   1.11243113E-16
   4.99999970E-02   3.64848695E-13
   5.99999987E-02   7.83077700E-11
   7.00000003E-02   3.53782736E-09
   7.99999982E-02   6.03927717E-08
   8.99999961E-02   5.39286077E-07
   9.99999940E-02   3.06281095E-06
  0.109999999       1.25287552E-05
  0.119999997       4.01071957E-05
  0.129999995       1.06410967E-04
  0.140000001       2.43778137E-04
  0.149999991       4.96899185E-04
  0.159999996       9.21630184E-04
  0.170000002       1.58228399E-03
  0.179999992       2.54811812E-03
  0.189999998       3.88943683E-03
  0.199999988       5.67413121E-03
  0.209999993       7.96460453E-03
  0.219999999       1.08156353E-02
  0.229999989       1.42727112E-02
  0.239999995       1.83715709E-02
  0.250000000       2.31375638E-02
  0.259999990       2.85862461E-02
  0.269999981       3.47237624E-02
  0.280000001       4.15479727E-02
  0.289999992       4.90486026E-02
  0.299999982       5.72093353E-02
  0.310000002       6.60079494E-02
  0.319999993       7.54176900E-02
  0.329999983       8.54077786E-02
  0.340000004       9.59452167E-02
  0.349999994      0.106994003    
  0.359999985      0.118517660    
  0.370000005      0.130477712    
  0.379999995      0.142836392    
  0.389999986      0.155554995    
  0.399999976      0.168596357    
  0.409999996      0.181922808    
  0.419999987      0.195498332    
  0.429999977      0.209287450    
  0.439999998      0.223257825    
  0.449999988      0.237375602    
  0.459999979      0.251610845    
  0.469999999      0.265933901    
  0.479999989      0.280317336    
  0.489999980      0.294734329    
  0.500000000      0.309161693    
  0.509999990      0.323574781    
  0.519999981      0.337953299    
  0.529999971      0.352276623    
  0.539999962      0.366526604    
  0.550000012      0.380686104    
  0.560000002      0.394739568    
  0.569999993      0.408671886    
  0.579999983      0.422470003    
  0.589999974      0.436122447    
  0.599999964      0.449618101    
  0.610000014      0.462947041    
  0.620000005      0.476100236    
  0.629999995      0.489070117    
  0.639999986      0.501849413    
  0.649999976      0.514432251    
  0.659999967      0.526813269    
  0.669999957      0.538987875    
  0.680000007      0.550952554    
  0.689999998      0.562703252    
  0.699999988      0.574237764    
  0.709999979      0.585554779    
  0.719999969      0.596651614    
  0.729999959      0.607528090    
  0.740000010      0.618183136    
  0.750000000      0.628616989    
  0.759999990      0.638829947    
  0.769999981      0.648821771    
  0.779999971      0.658594131    
  0.789999962      0.668148339    
  0.799999952      0.677485585    
  0.810000002      0.686607599    
  0.819999993      0.695516706    
  0.829999983      0.704214334    
  0.839999974      0.712704003    
  0.849999964      0.720987082    
  0.859999955      0.729066849    
  0.870000005      0.736946046    
  0.879999995      0.744627476    
  0.889999986      0.752114534    
  0.899999976      0.759409964    
  0.909999967      0.766516984    
  0.919999957      0.773438931    
  0.930000007      0.780179083    
  0.939999998      0.786740601    
  0.949999988      0.793127477    
  0.959999979      0.799342692    
  0.969999969      0.805389524    
  0.979999959      0.811271727    
  0.989999950      0.816992402    
   1.00000000      0.822555423    
   1.00999999      0.827964067    
   1.01999998      0.833221614    
   1.02999997      0.838331342    
   1.03999996      0.843297005    
   1.04999995      0.848121405    
   1.05999994      0.852808714    
   1.06999993      0.857361436    
   1.07999992      0.861782670    
   1.09000003      0.866076648    
   1.10000002      0.870245457    
   1.11000001      0.874292552    
   1.12000000      0.878221869    
   1.13000000      0.882035017    
   1.13999999      0.885735393    
   1.14999998      0.889326334    
   1.15999997      0.892810702    
   1.16999996      0.896191120    
   1.17999995      0.899469852    
   1.18999994      0.902650416    
   1.19999993      0.905735552    
   1.20999992      0.908727229    
   1.22000003      0.911628246    
   1.23000002      0.914440870    
   1.24000001      0.917168021    
   1.25000000      0.919811785    
   1.25999999      0.922374368    
   1.26999998      0.924858570    
   1.27999997      0.927266240    
   1.28999996      0.929599583    
   1.29999995      0.931860566    
   1.30999994      0.934051812    
   1.31999993      0.936174631    
   1.32999992      0.938231409    
   1.33999991      0.940224349    
   1.35000002      0.942154765    
   1.36000001      0.944024682    
   1.37000000      0.945836067    
   1.38000000      0.947590649    
   1.38999999      0.949289680    
   1.39999998      0.950935245    
   1.40999997      0.952528834    
   1.41999996      0.954071999    
   1.42999995      0.955566227    
   1.43999994      0.957013369    
   1.44999993      0.958413780    
   1.45999992      0.959770441    
   1.46999991      0.961083353    
   1.48000002      0.962354481    
   1.49000001      0.963584781    
   1.50000000      0.964776099    
   1.50999999      0.965928912    
   1.51999998      0.967044830    
   1.52999997      0.968125045    
   1.53999996      0.969170332    
   1.54999995      0.970182002    
   1.55999994      0.971161067    
   1.56999993      0.972108841    
   1.57999992      0.973025262    
   1.58999991      0.973912597    
   1.59999990      0.974771321    
   1.61000001      0.975601971    
   1.62000000      0.976405859    
   1.63000000      0.977183580    
   1.63999999      0.977936149    
   1.64999998      0.978663921    
   1.65999997      0.979368269    
   1.66999996      0.980049729    
   1.67999995      0.980708659    
   1.68999994      0.981346488    
   1.69999993      0.981963336    
   1.70999992      0.982559919    
   1.71999991      0.983137190    
   1.73000002      0.983695686    
   1.74000001      0.984235525    
   1.75000000      0.984757841    
   1.75999999      0.985263050    
   1.76999998      0.985751688    
   1.77999997      0.986224234    
   1.78999996      0.986681342    
   1.79999995      0.987123549    
   1.80999994      0.987550974    
   1.81999993      0.987964451    
   1.82999992      0.988364339    
   1.83999991      0.988751113    
   1.84999990      0.989125133    
   1.86000001      0.989486754    
   1.87000000      0.989836514    
   1.88000000      0.990174711    
   1.88999999      0.990501702    
   1.89999998      0.990817904    
   1.90999997      0.991123676    
   1.91999996      0.991419435    
   1.92999995      0.991705298    
   1.93999994      0.991981804    
   1.94999993      0.992249072    
   1.95999992      0.992507458    
   1.96999991      0.992757440    
   1.97999990      0.992999077    
   1.99000001      0.993232608    
   2.00000000      0.993458509    
   2.00999999      0.993677020    
   2.01999998      0.993888259    
   2.02999997      0.994092345    
   2.03999996      0.994289637    
   2.04999995      0.994480431    
   2.05999994      0.994664907    
   2.06999993      0.994843304    
   2.07999992      0.995015740    
   2.08999991      0.995182455    
   2.09999990      0.995343685    
   2.10999990      0.995499492    
   2.11999989      0.995650172    
   2.12999988      0.995795786    
   2.13999987      0.995936692    
   2.14999986      0.996072650    
   2.15999985      0.996204317    
   2.16999984      0.996331513    
   2.18000007      0.996454477    
   2.19000006      0.996573329    
   2.20000005      0.996688366    
   2.21000004      0.996799469    
   2.22000003      0.996906936    
   2.23000002      0.997010827    
   2.24000001      0.997111201    
   2.25000000      0.997208238    
   2.25999999      0.997301996    
   2.26999998      0.997392714    
   2.27999997      0.997480452    
   2.28999996      0.997565150    
   2.29999995      0.997647107    
   2.30999994      0.997726381    
   2.31999993      0.997802973    
   2.32999992      0.997877002    
   2.33999991      0.997948587    
   2.34999990      0.998017848    
   2.35999990      0.998084784    
   2.36999989      0.998149395    
   2.37999988      0.998211980    
   2.38999987      0.998272419    
   2.39999986      0.998330832    
   2.40999985      0.998387396    
   2.41999984      0.998441935    
   2.42999983      0.998494804    
   2.44000006      0.998546004    
   2.45000005      0.998595297    
   2.46000004      0.998643100    
   2.47000003      0.998689294    
   2.48000002      0.998733878    
   2.49000001      0.998777032    
   2.50000000      0.998818815    
   2.50999999      0.998859107    
   2.51999998      0.998898149    
   2.52999997      0.998935938    
   2.53999996      0.998972416    
   2.54999995      0.999007702    
   2.55999994      0.999041855    
   2.56999993      0.999074817    
   2.57999992      0.999106824    
   2.58999991      0.999137700    
   2.59999990      0.999167562    
   2.60999990      0.999196410    
   2.61999989      0.999224424    
   2.62999988      0.999251425    
   2.63999987      0.999277592    
   2.64999986      0.999302924    
   2.65999985      0.999327421    
   2.66999984      0.999351084    
   2.67999983      0.999374032    
   2.69000006      0.999396205    
   2.70000005      0.999417663    
   2.71000004      0.999438465    
   2.72000003      0.999458611    
   2.73000002      0.999478042    
   2.74000001      0.999496937    
   2.75000000      0.999515116    
   2.75999999      0.999532759    
   2.76999998      0.999549866    
   2.77999997      0.999566436    
   2.78999996      0.999582469    
   2.79999995      0.999598026    
   2.80999994      0.999613047    
   2.81999993      0.999627650    
   2.82999992      0.999641716    
   2.83999991      0.999655366    
   2.84999990      0.999668658    
   2.85999990      0.999681473    
   2.86999989      0.999693930    
   2.87999988      0.999706030    
   2.88999987      0.999717712    
   2.89999986      0.999729037    
   2.90999985      0.999740064    
   2.91999984      0.999750733    
   2.92999983      0.999761045    
   2.93999982      0.999771118    
   2.95000005      0.999780834    
   2.96000004      0.999790311    
   2.97000003      0.999799490    
   2.98000002      0.999808431    
   2.99000001      0.999817073    
   3.00000000      0.999825478    
   3.00999999      0.999833643    
   3.01999998      0.999841571    
   3.02999997      0.999849260    
   3.03999996      0.999856770    
   3.04999995      0.999864042    
   3.05999994      0.999871135    
   3.06999993      0.999878049    
   3.07999992      0.999884725    
   3.08999991      0.999891281    
   3.09999990      0.999897659    
   3.10999990      0.999903858    
   3.11999989      0.999909878    
   3.12999988      0.999915719    
   3.13999987      0.999921441    
   3.14999986      0.999927044    
   3.15999985      0.999932468    
   3.16999984      0.999937773    
   3.17999983      0.999942958    
   3.18999982      0.999948025    
   3.19999981      0.999952912    
   3.21000004      0.999957740    
   3.22000003      0.999962449    
   3.23000002      0.999966979    
   3.24000001      0.999971509    
   3.25000000      0.999975860    
   3.25999999      0.999980152    
   3.26999998      0.999984324    
   3.27999997      0.999988437    
   3.28999996      0.999992430    
   3.29999995      0.999996305    
   3.30999994       1.00000012    
   3.31999993       1.00000393    
   3.32999992       1.00000763    
   3.33999991       1.00001121    
   3.34999990       1.00001478    
   3.35999990       1.00001812    
   3.36999989       1.00002146    
   3.37999988       1.00002491    
   3.38999987       1.00002801    
   3.39999986       1.00003123    
   3.40999985       1.00003433    
   3.41999984       1.00003743    
   3.42999983       1.00004041    
   3.43999982       1.00004339    
   3.44999981       1.00004613    
   3.46000004       1.00004900    
   3.47000003       1.00005174    
   3.48000002       1.00005448    
   3.49000001       1.00005710    
   3.50000000       1.00005972    
   3.50999999       1.00006223    
   3.51999998       1.00006461    
   3.52999997       1.00006711    
   3.53999996       1.00006950    
   3.54999995       1.00007176    
   3.55999994       1.00007403    
   3.56999993       1.00007617    
   3.57999992       1.00007844    
   3.58999991       1.00008047    
   3.59999990       1.00008249    
   3.60999990       1.00008452    
   3.61999989       1.00008643    
   3.62999988       1.00008821    
   3.63999987       1.00009012    
   3.64999986       1.00009179    
   3.65999985       1.00009358    
   3.66999984       1.00009513    
   3.67999983       1.00009680    
   3.68999982       1.00009823    
   3.69999981       1.00009966    
   3.70999980       1.00010109    
   3.72000003       1.00010240    
   3.73000002       1.00010359    
   3.74000001       1.00010478    
   3.75000000       1.00010586    
   3.75999999       1.00010693    
   3.76999998       1.00010777    
   3.77999997       1.00010872    
   3.78999996       1.00010943    
   3.79999995       1.00011015    
   3.80999994       1.00011075    
   3.81999993       1.00011122    
   3.82999992       1.00011170    
   3.83999991       1.00011206    
   3.84999990       1.00011218    
   3.85999990       1.00011241    
   3.86999989       1.00011241    
   3.87999988       1.00011230    
   3.88999987       1.00011206    
   3.89999986       1.00011182    
   3.90999985       1.00011134    
   3.91999984       1.00011075    
   3.92999983       1.00011015    
   3.93999982       1.00010931    
   3.94999981       1.00010836    
   3.95999980       1.00010717    
   3.97000003       1.00010598    
   3.98000002       1.00010455    
   3.99000001       1.00010300    
   4.00000000       1.00010133    
   4.00999975       1.00009954    
   4.01999998       1.00009751    
   4.02999973       1.00009525    
   4.03999996       1.00009286    
   4.04999971       1.00009036    
   4.05999994       1.00008750    
   4.06999969       1.00008464    
   4.07999992       1.00008142    
   4.08999968       1.00007808    
   4.09999990       1.00007451    
   4.11000013       1.00007069    
   4.11999989       1.00006676    
   4.13000011       1.00006247    
   4.13999987       1.00005794    
   4.15000010       1.00005329    
   4.15999985       1.00004828    
   4.17000008       1.00004303    
   4.17999983       1.00003755    
   4.19000006       1.00003183    
   4.19999981       1.00002575    
   4.21000004       1.00001943    
   4.21999979       1.00001276    
   4.23000002       1.00000584    
   4.23999977      0.999998569    
   4.25000000      0.999991000    
   4.25999975      0.999983132    
   4.26999998      0.999974906    
   4.27999973      0.999966323    
   4.28999996      0.999957442    
   4.29999971      0.999948204    
   4.30999994      0.999938548    
   4.31999969      0.999928594    
   4.32999992      0.999918222    
   4.33999968      0.999907434    
   4.34999990      0.999896288    
   4.36000013      0.999884725    
   4.36999989      0.999872744    
   4.38000011      0.999860346    
   4.38999987      0.999847531    
   4.40000010      0.999834239    
   4.40999985      0.999820530    
   4.42000008      0.999806345    
   4.42999983      0.999791682    
   4.44000006      0.999776602    
   4.44999981      0.999760985    
   4.46000004      0.999744892    
   4.46999979      0.999728262    
   4.48000002      0.999711215    
   4.48999977      0.999693573    
   4.50000000      0.999675453    
   4.50999975      0.999656737    
   4.51999998      0.999637544    
   4.52999973      0.999617755    
   4.53999996      0.999597430    
   4.54999971      0.999576449    
   4.55999994      0.999554992    
   4.56999969      0.999532878    
   4.57999992      0.999510229    
   4.58999968      0.999486923    
   4.59999990      0.999463022    
   4.61000013      0.999438465    
   4.61999989      0.999413311    
   4.63000011      0.999387503    
   4.63999987      0.999361038    
   4.65000010      0.999333858    
   4.65999985      0.999306083    
   4.67000008      0.999277592    
   4.67999983      0.999248385    
   4.69000006      0.999218464    
   4.69999981      0.999187827    
   4.71000004      0.999156415    
   4.71999979      0.999124348    
   4.73000002      0.999091387    
   4.73999977      0.999057770    
   4.75000000      0.999023259    
   4.75999975      0.998987973    
   4.76999998      0.998951793    
   4.77999973      0.998914778    
   4.78999996      0.998876929    
   4.79999971      0.998838067    
   4.80999994      0.998798311    
   4.81999969      0.998757541    
   4.82999992      0.998715758    
   4.83999968      0.998672962    
   4.84999990      0.998629034    
   4.85999966      0.998583972    
   4.86999989      0.998537660    
   4.88000011      0.998490155    
   4.88999987      0.998441279    
   4.90000010      0.998391032    
   4.90999985      0.998339355    
   4.92000008      0.998286128    
   4.92999983      0.998231351    
   4.94000006      0.998174906    
   4.94999981      0.998116732    
   4.96000004      0.998056829    
   4.96999979      0.997995257    
   4.98000002      0.997932076    
   4.98999977      0.997867584    
   5.00000000      0.997802317    
