  0.628318548      0.586712956    
   1.25663710      0.164379537    
   1.88495564       4.56487536E-02
   2.51327419       9.57164168E-03
   3.14159274       1.90095603E-03
   3.76991129      -8.87095928E-04
   4.39822960      -1.01757795E-03
   5.02654839      -1.08518451E-03
   5.65486717      -8.13893974E-04
   6.28318548      -6.92728907E-04
   6.91150379      -5.16513363E-04
   7.53982258      -4.29369509E-04
   8.16814137      -3.30543146E-04
   8.79645920      -2.77097337E-04
   9.42477798      -2.20297836E-04
   10.0530968      -1.86623074E-04
   10.6814156      -1.51982531E-04
   11.3097343      -1.29545107E-04
   11.9380522      -1.07215252E-04
   12.5663710      -9.16272402E-05
   13.1946898      -7.66876619E-05
   13.8230076      -6.56460179E-05
   14.4513264      -5.54538565E-05
   15.0796452      -4.75975685E-05
   15.7079639      -4.05770261E-05
   16.3362827      -3.49886541E-05
   16.9646015      -3.01149266E-05
   17.5929184      -2.61320529E-05
   18.2212372      -2.27111595E-05
   18.8495560      -1.98524813E-05
   19.4778748      -1.74137404E-05
   20.1061935      -1.53375149E-05
   20.7345123      -1.35661148E-05
   21.3628311      -1.20357872E-05
   21.9911499      -1.07237629E-05
   22.6194687      -9.57811426E-06
   23.2477856      -8.58835301E-06
   23.8761044      -7.71772829E-06
   24.5044231      -6.95884410E-06
   25.1327419      -6.28798807E-06
   25.7610607      -5.69788790E-06
   26.3893795      -5.17437729E-06
   27.0176983      -4.70987834E-06
   27.6460152      -4.29658394E-06
   28.2743340      -3.92696711E-06
   28.9026527      -3.59717887E-06
   29.5309715      -3.30018520E-06
   30.1592903      -3.03441720E-06
   30.7876091      -2.79363121E-06
   31.4159279      -2.57750321E-06
   32.0442467      -2.38067332E-06
   32.6725655      -2.20343054E-06
   33.3008842      -2.04129901E-06
   33.9292030      -1.89481716E-06
   34.5575218      -1.76031244E-06
   35.1858368      -1.63838695E-06
   35.8141556      -1.52605571E-06
   36.4424744      -1.42390104E-06
   37.0707932      -1.32950481E-06
   37.6991119      -1.24339022E-06
   38.3274307      -1.16360206E-06
   38.9557495      -1.09059647E-06
   39.5840683      -1.02278682E-06
   40.2123871      -9.60566695E-07
   40.8407059      -9.02644388E-07
   41.4690247      -8.49350272E-07
   42.0973434      -7.99632289E-07
   42.7256622      -7.53772383E-07
   43.3539810      -7.10903805E-07
   43.9822998      -6.71268481E-07
   44.6106186      -6.34147000E-07
   45.2389374      -5.99749001E-07
   45.8672523      -5.67473762E-07
   46.4955711      -5.37505912E-07
   47.1238899      -5.09337951E-07
   47.7522087      -4.83131771E-07
   48.3805275      -4.58460818E-07
   49.0088463      -4.35461970E-07
   49.6371651      -4.13776434E-07
   50.2654839      -3.93529263E-07
   50.8938026      -3.74408046E-07
   51.5221214      -3.56524197E-07
   52.1504402      -3.39610779E-07
   52.7787590      -3.23768290E-07
   53.4070778      -3.08765266E-07
   54.0353966      -2.94689016E-07
   54.6637154      -2.81343091E-07
   55.2920303      -2.68802523E-07
   55.9203491      -2.56898602E-07
   56.5486679      -2.45697038E-07
   57.1769867      -2.35051630E-07
   57.8053055      -2.25021267E-07
   58.4336243      -2.15478394E-07
   59.0619431      -2.06475306E-07
   59.6902618      -1.97900590E-07
   60.3185806      -1.89801312E-07
   60.9468994      -1.82079475E-07
   61.5752182      -1.74777142E-07
   62.2035370      -1.67807684E-07
   62.8318558      -1.61210437E-07
   63.4601746      -1.54908321E-07
   64.0884933      -1.48934760E-07
   64.7168121      -1.43224497E-07
   65.3451309      -1.37805500E-07
   65.9734497      -1.32621153E-07
   66.6017685      -1.27696921E-07
   67.2300873      -1.22980964E-07
   67.8584061      -1.18498519E-07
   68.4867249      -1.14201612E-07
   69.1150436      -1.10113206E-07
   69.7433624      -1.06191237E-07
   70.3716736      -1.02456625E-07
   70.9999924      -9.88713964E-08
   71.6283112      -9.54546522E-08
   72.2566299      -9.21713763E-08
   72.8849487      -8.90402134E-08
   73.5132675      -8.60297860E-08
   74.1415863      -8.31560101E-08
   74.7699051      -8.03911462E-08
   75.3982239      -7.77497462E-08
   76.0265427      -7.52070264E-08
   76.6548615      -7.27757197E-08
   77.2831802      -7.04339982E-08
   77.9114990      -6.81932306E-08
   78.5398178      -6.60338628E-08
   79.1681366      -6.39658992E-08
   79.7964554      -6.19716047E-08
   80.4247742      -6.00609837E-08
   81.0530930      -5.82174380E-08
   81.6814117      -5.64496077E-08
   82.3097305      -5.47431682E-08
   82.9380493      -5.31056230E-08
   83.5663681      -5.15240117E-08
   84.1946869      -5.00053829E-08
   84.8230057      -4.85383680E-08
   85.4513245      -4.71284238E-08
   86.0796432      -4.57653186E-08
   86.7079620      -4.44551915E-08
   87.3362808      -4.31880380E-08
   87.9645996      -4.19690878E-08
   88.5929184      -4.07897005E-08
   89.2212372      -3.96543101E-08
   89.8495560      -3.85552994E-08
   90.4778748      -3.74968749E-08
   91.1061859      -3.64718744E-08
   91.7345047      -3.54841632E-08
   92.3628235      -3.45269200E-08
   92.9911423      -3.36048060E-08
   93.6194611      -3.27104317E-08
   94.2477798      -3.18481170E-08
   94.8760986      -3.10117230E-08
   95.5044174      -3.02047738E-08
   96.1327362      -2.94220399E-08
   96.7610550      -2.86660224E-08
   97.3893738      -2.79325150E-08
   98.0176926      -2.72241323E-08
   98.6460114      -2.65362132E-08
   99.2743301      -2.58717137E-08
   99.9026489      -2.52263135E-08
   100.530968      -2.46022864E-08
   101.159286      -2.39958808E-08
   101.787605      -2.34097115E-08
   102.415924      -2.28397994E-08
   103.044243      -2.22884182E-08
   103.672562      -2.17522711E-08
   104.300880      -2.12336317E-08
   104.929199      -2.07290896E-08
   105.557518      -2.02405772E-08
   106.185837      -1.97651389E-08
   106.814156      -1.93047072E-08
   107.442474      -1.88566673E-08
   108.070793      -1.84223836E-08
   108.699112      -1.79994686E-08
   109.327431      -1.75899686E-08
   109.955750      -1.71908141E-08
   110.584061      -1.68039378E-08
   111.212379      -1.64270659E-08
   111.840698      -1.60613354E-08
   112.469017      -1.57050408E-08
   113.097336      -1.53594328E-08
   113.725655      -1.50223514E-08
   114.353973      -1.46951606E-08
   114.982292      -1.43764964E-08
   115.610611      -1.40666998E-08
   116.238930      -1.37647476E-08
   116.867249      -1.34713218E-08
   117.495567      -1.31852858E-08
   118.123886      -1.29073214E-08
   118.752205      -1.26360646E-08
   119.380524      -1.23723112E-08
   120.008842      -1.21150379E-08
   120.637161      -1.18648700E-08
   121.265480      -1.16206138E-08
   121.893799      -1.13830652E-08
   122.522118      -1.11512009E-08
   123.150436      -1.09255893E-08
   123.778755      -1.07052074E-08
   124.407074      -1.04907940E-08
   125.035393      -1.02813829E-08
   125.663712      -1.00774287E-08
   126.292030      -9.87824933E-09
   126.920349      -9.68429958E-09
   127.548668      -9.49461310E-09
   128.176987      -9.30998567E-09
   128.805298      -9.12956466E-09
   129.433624      -8.95374797E-09
   130.061935      -8.78179662E-09
   130.690262      -8.61433591E-09
   131.318573      -8.45045633E-09
   131.946899      -8.29084001E-09
   132.575211      -8.13463430E-09
   133.203537      -7.98235078E-09
   133.831848      -7.83336418E-09
   134.460175      -7.68812924E-09
   135.088486      -7.54602070E-09
   135.716812      -7.40726591E-09
   136.345123      -7.27158067E-09
   136.973450      -7.13919235E-09
   137.601761      -7.00958935E-09
   138.230087      -6.88311275E-09
   138.858398      -6.75925094E-09
   139.486725      -6.63845867E-09
   140.115036      -6.51999699E-09
   140.743347      -6.40449116E-09
   141.371674      -6.29131591E-09
   141.999985      -6.18075546E-09
   142.628311      -6.07252559E-09
   143.256622      -5.96679683E-09
   143.884949      -5.86317128E-09
   144.513260      -5.76199000E-09
   145.141586      -5.66279823E-09
   145.769897      -5.56576651E-09
   146.398224      -5.47078116E-09
   147.026535      -5.37795586E-09
   147.654861      -5.28689270E-09
   148.283173      -5.19793275E-09
   148.911499      -5.11067810E-09
   149.539810      -5.02535613E-09
   150.168137      -4.94179631E-09
   150.796448      -4.85999863E-09
   151.424774      -4.77973572E-09
   152.053085      -4.70129180E-09
   152.681412      -4.62432581E-09
   153.309723      -4.54912197E-09
   153.938049      -4.47516868E-09
   154.566360      -4.40292069E-09
   155.194687      -4.33198011E-09
   155.822998      -4.26263114E-09
   156.451324      -4.19453272E-09
   157.079636      -4.12785539E-09
   157.707962      -4.06248546E-09
   158.336273      -3.99836608E-09
   158.964600      -3.93544042E-09
   159.592911      -3.87393584E-09
   160.221237      -3.81345444E-09
   160.849548      -3.75428044E-09
   161.477859      -3.69618647E-09
   162.106186      -3.63920094E-09
   162.734497      -3.58329544E-09
   163.362823      -3.52852680E-09
   163.991135      -3.47472451E-09
   164.619461      -3.42200224E-09
   165.247772      -3.37024630E-09
   165.876099      -3.31951355E-09
   166.504410      -3.26963345E-09
   167.132736      -3.22080496E-09
   167.761047      -3.17274385E-09
   168.389374      -3.12567749E-09
   169.017685      -3.07943537E-09
   169.646011      -3.03410275E-09
   170.274323      -2.98953751E-09
   170.902649      -2.94585334E-09
   171.530960      -2.90287971E-09
   172.159286      -2.86078716E-09
   172.787598      -2.81937673E-09
   173.415924      -2.77873369E-09
   174.044235      -2.73882961E-09
   174.672562      -2.69966449E-09
   175.300873      -2.66109623E-09
   175.929199      -2.62335220E-09
   176.557510      -2.58620503E-09
   177.185837      -2.54971155E-09
   177.814148      -2.51390020E-09
   178.442474      -2.47865728E-09
   179.070786      -2.44406806E-09
   179.699112      -2.41004727E-09
   180.327423      -2.37662334E-09
   180.955750      -2.34382469E-09
   181.584061      -2.31153763E-09
   182.212372      -2.27981900E-09
   182.840698      -2.24861196E-09
   183.469009      -2.21800178E-09
   184.097336      -2.18787477E-09
   184.725647      -2.15825935E-09
   185.353973      -2.12912710E-09
   185.982285      -2.10050644E-09
   186.610611      -2.07236894E-09
   187.238922      -2.04468620E-09
   187.867249      -2.01748662E-09
   188.495560      -1.99068495E-09
   189.123886      -1.96436645E-09
   189.752197      -1.93850269E-09
   190.380524      -1.91300842E-09
   191.008835      -1.88799731E-09
   191.637161      -1.86332727E-09
   192.265472      -1.83911197E-09
   192.893799      -1.81526616E-09
   193.522110      -1.79184667E-09
   194.150436      -1.76873982E-09
   194.778748      -1.74600245E-09
   195.407074      -1.72363457E-09
   196.035385      -1.70169301E-09
   196.663712      -1.68000724E-09
   197.292023      -1.65874781E-09
   197.920349      -1.63774416E-09
   198.548660      -1.61716684E-09
   199.176987      -1.59681690E-09
   199.805298      -1.57683644E-09
   200.433624      -1.55714019E-09
   201.061935      -1.53778501E-09
   201.690247      -1.51871404E-09
   202.318573      -1.49995572E-09
   202.946884      -1.48142476E-09
   203.575211      -1.46326329E-09
   204.203522      -1.44530077E-09
   204.831848      -1.42767931E-09
   205.460159      -1.41025680E-09
   206.088486      -1.39317535E-09
   206.716797      -1.37629286E-09
   207.345123      -1.35969458E-09
   207.973434      -1.34335210E-09
   208.601761      -1.32722278E-09
   209.230072      -1.31137767E-09
   209.858398      -1.29571731E-09
   210.486710      -1.28032696E-09
   211.115036      -1.26513555E-09
   211.743347      -1.25019994E-09
   212.371674      -1.23546329E-09
   212.999985      -1.22096822E-09
   213.628311      -1.20664367E-09
   214.256622      -1.19257493E-09
   214.884949      -1.17867671E-09
   215.513260      -1.16500587E-09
   216.141586      -1.15151977E-09
   216.769897      -1.13821841E-09
   217.398224      -1.12513021E-09
   218.026535      -1.11219833E-09
   218.654861      -1.09947962E-09
   219.283173      -1.08693143E-09
   219.911499      -1.07456799E-09
   220.539810      -1.06236087E-09
   221.168121      -1.05033848E-09
   221.796448      -1.03848663E-09
   222.424759      -1.02680531E-09
   223.053085      -1.01528030E-09
   223.681396      -1.00392583E-09
   224.309723      -9.92727678E-10
   224.938034      -9.81671633E-10
   225.566360      -9.70800329E-10
   226.194672      -9.60042712E-10
   226.822998      -9.49441414E-10
   227.451309      -9.38996436E-10
   228.079636      -9.28693566E-10
   228.707947      -9.18547016E-10
   229.336273      -9.08499942E-10
   229.964584      -8.98623398E-10
   230.592911      -8.88860541E-10
   231.221222      -8.79254003E-10
   231.849548      -8.69761152E-10
   232.477859      -8.60396199E-10
   233.106186      -8.51159143E-10
   233.734497      -8.42035774E-10
   234.362823      -8.33040303E-10
   234.991135      -8.24172730E-10
   235.619461      -8.15418844E-10
   236.247772      -8.06778644E-10
   236.876099      -7.98252131E-10
   237.504410      -7.89839305E-10
   238.132736      -7.81540166E-10
   238.761047      -7.73340503E-10
   239.389374      -7.65240316E-10
   240.017685      -7.57268026E-10
   240.646011      -7.49395213E-10
   241.274323      -7.41636086E-10
   241.902634      -7.33948013E-10
   242.530960      -7.26359417E-10
   243.159271      -7.18884507E-10
   243.787598      -7.11509074E-10
   244.415909      -7.04218905E-10
   245.044235      -6.97014002E-10
   245.672546      -6.89922786E-10
   246.300873      -6.82909729E-10
   246.929184      -6.75981937E-10
   247.557510      -6.69153621E-10
   248.185822      -6.62396360E-10
   248.814148      -6.55731469E-10
   249.442459      -6.49144738E-10
   250.070786      -6.42650377E-10
   250.699097      -6.36227071E-10
   251.327423      -6.29903241E-10
   251.955734      -6.23629148E-10
   252.584061      -6.17454532E-10
   253.212372      -6.11350970E-10
   253.840698      -6.05318462E-10
   254.469009      -5.99364114E-10
   255.097336      -5.93480820E-10
   255.725647      -5.87661475E-10
   256.353973      -5.81927395E-10
   256.982300      -5.76250159E-10
   257.610596      -5.70651082E-10
   258.238922      -5.65115954E-10
   258.867249      -5.59651880E-10
   259.495575      -5.54244650E-10
   260.123871      -5.48915580E-10
   260.752197      -5.43636247E-10
   261.380524      -5.38435074E-10
   262.008820      -5.33283639E-10
   262.637146      -5.28203259E-10
   263.265472      -5.23172616E-10
   263.893799      -5.18213028E-10
   264.522095      -5.13310283E-10
   265.150421      -5.08464382E-10
   265.778748      -5.03661113E-10
   266.407074      -4.98936004E-10
   267.035370      -4.94260632E-10
   267.663696      -4.89642105E-10
   268.292023      -4.85066209E-10
   268.920349      -4.80547158E-10
   269.548645      -4.76084949E-10
   270.176971      -4.71665373E-10
   270.805298      -4.67309746E-10
   271.433624      -4.62989647E-10
   272.061920      -4.58733496E-10
   272.690247      -4.54512872E-10
   273.318573      -4.50356197E-10
   273.946899      -4.46235049E-10
   274.575195      -4.42170744E-10
   275.203522      -4.38141967E-10
   275.831848      -4.34170033E-10
   276.460175      -4.30230074E-10
   277.088470      -4.26346958E-10
   277.716797      -4.22495816E-10
   278.345123      -4.18697965E-10
   278.973450      -4.14935641E-10
   279.601746      -4.11219503E-10
   280.230072      -4.07542444E-10
   280.858398      -4.03911571E-10
   281.486694      -4.00316225E-10
   282.115021      -3.96759958E-10
   282.743347      -3.93242772E-10
   283.371674      -3.89771770E-10
   283.999969      -3.86332744E-10
   284.628296      -3.82932797E-10
   285.256622      -3.79564824E-10
   285.884949      -3.76243037E-10
   286.513245      -3.72953224E-10
   287.141571      -3.69702491E-10
   287.769897      -3.66483732E-10
   288.398224      -3.63300501E-10
   289.026520      -3.60149244E-10
   289.654846      -3.57037067E-10
   290.283173      -3.53953311E-10
   290.911499      -3.50905083E-10
   291.539795      -3.47892382E-10
   292.168121      -3.44908102E-10
   292.796448      -3.41955797E-10
   293.424774      -3.39037243E-10
   294.053070      -3.36148887E-10
   294.681396      -3.33290728E-10
   295.309723      -3.30464545E-10
   295.938049      -3.27666783E-10
   296.566345      -3.24899219E-10
   297.194672      -3.22160076E-10
   297.822998      -3.19449356E-10
   298.451324      -3.16767057E-10
   299.079620      -3.14114956E-10
   299.707947      -3.11487725E-10
   300.336273      -3.08890691E-10
   300.964600      -3.06318526E-10
   301.592896      -3.03774783E-10
   302.221222      -3.01255909E-10
   302.849548      -2.98763680E-10
   303.477844      -2.96297209E-10
   304.106171      -2.93855607E-10
   304.734497      -2.91439761E-10
   305.362823      -2.89048785E-10
   305.991119      -2.86681789E-10
   306.619446      -2.84338775E-10
   307.247772      -2.82020629E-10
   307.876099      -2.79724688E-10
   308.504395      -2.77453616E-10
   309.132721      -2.75204748E-10
   309.761047      -2.72978307E-10
   310.389374      -2.70774514E-10
   311.017670      -2.68593592E-10
   311.645996      -2.66433764E-10
   312.274323      -2.64295918E-10
   312.902649      -2.62179389E-10
   313.530945      -2.60084065E-10
   314.159271      -2.58009725E-10
