  0.628318548      -3.96621037    
   1.25663710      -1.77685630    
   1.88495564     -0.795605063    
   2.51327419     -0.352402806    
   3.14159274     -0.172790587    
   3.76991129      -8.29821229E-02
   4.39822960      -4.54213619E-02
   5.02654839      -2.37310827E-02
   5.65486717      -1.47185922E-02
   6.28318548      -8.39623809E-03
   6.91150379      -5.90947270E-03
   7.53982258      -3.63509357E-03
   8.16814137      -2.82703340E-03
   8.79645920      -1.81852281E-03
   9.42477798      -1.50451064E-03
   10.0530968      -9.77233052E-04
   10.6814156      -8.36297870E-04
   11.3097343      -5.31017780E-04
   11.9380522      -4.64126468E-04
   12.5663710      -2.78003514E-04
   13.1946898      -2.48476863E-04
   13.8230076      -1.32523477E-04
   14.4513264      -1.23485923E-04
   15.0796452      -5.06788492E-05
   15.7079639      -5.28544188E-05
   16.3362827      -7.03334808E-06
   16.9646015      -1.48341060E-05
   17.5929184       1.41710043E-05
   18.2212372       4.12017107E-06
   18.8495560       2.27279961E-05
   19.4778748       1.23567879E-05
   20.1061935       2.45757401E-05
   20.7345123       1.49384141E-05
   21.3628311       2.32085586E-05
   21.9911499       1.47335231E-05
   22.6194687       2.05822289E-05
   23.2477856       1.33737922E-05
   23.8761044       1.76876783E-05
   24.5044231       1.16899610E-05
   25.1327419       1.49887055E-05
   25.7610607       1.00415200E-05
   26.3893795       1.26492232E-05
   27.0176983       8.58306885E-06
   27.6460152       1.06915832E-05
   28.2743340       7.35186040E-06
   28.9026527       9.08225775E-06
   29.5309715       6.32554293E-06
   30.1592903       7.76164234E-06
   30.7876091       5.47617674E-06
   31.4159279       6.67385757E-06
   32.0442467       4.77023423E-06
   32.6725655       5.77419996E-06
   33.3008842       4.17698175E-06
   33.9292030       5.02076000E-06
   34.5575218       3.67499888E-06
   35.1858368       4.38746065E-06
   35.8141556       3.24845314E-06
   36.4424744       3.85101885E-06
   37.0707932       2.87964940E-06
   37.6991119       3.39280814E-06
   38.3274307       2.55927444E-06
   38.9557495       2.99792737E-06
   39.5840683       2.28360295E-06
   40.2123871       2.65799463E-06
   40.8407059       2.04239041E-06
   41.4690247       2.36369669E-06
   42.0973434       1.83004886E-06
   42.7256622       2.10758299E-06
   43.3539810       1.64378434E-06
   43.9822998       1.88406557E-06
   44.6106186       1.48080289E-06
   45.2389374       1.68848783E-06
   45.8672523       1.33644789E-06
   46.4955711       1.51712447E-06
   47.1238899       1.20978802E-06
   47.7522087       1.36671588E-06
   48.3805275       1.09570101E-06
   49.0088463       1.23400241E-06
   49.6371651       9.95583832E-07
   50.2654839       1.11665577E-06
   50.8938026       9.05711204E-07
   51.5221214       1.01234764E-06
   52.1504402       8.26083124E-07
   52.7787590       9.20146704E-07
   53.4070778       7.54836947E-07
   54.0353966       8.38190317E-07
   54.6637154       6.90808520E-07
   55.2920303       7.64383003E-07
   55.9203491       6.33765012E-07
   56.5486679       6.98957592E-07
   57.1769867       5.82309440E-07
   57.8053055       6.40284270E-07
   58.4336243       5.35976142E-07
   59.0619431       5.87198883E-07
   59.6902618       4.93600965E-07
   60.3185806       5.39934263E-07
   60.9468994       4.55882400E-07
   61.5752182       4.97093424E-07
   62.2035370       4.21423465E-07
   62.8318558       4.58210707E-07
   63.4601746       3.90224159E-07
   64.0884933       4.23053280E-07
   64.7168121       3.61818820E-07
   65.3451309       3.91388312E-07
   65.9734497       3.35508958E-07
   66.6017685       3.62517312E-07
   67.2300873       3.12225893E-07
   67.8584061       3.36207449E-07
   68.4867249       2.90572643E-07
   69.1150436       3.12109478E-07
   69.7433624       2.70782039E-07
   70.3716736       2.90223397E-07
   70.9999924       2.52504833E-07
   71.6283112       2.70316377E-07
   72.2566299       2.35857442E-07
   72.8849487       2.52039172E-07
   73.5132675       2.20723450E-07
   74.1415863       2.35275365E-07
   74.7699051       2.06637196E-07
   75.3982239       2.19792128E-07
   76.0265427       1.93482265E-07
   76.6548615       2.05589458E-07
   77.2831802       1.81491487E-07
   77.9114990       1.92434527E-07
   78.5398178       1.70548446E-07
   79.1681366       1.80560164E-07
   79.7964554       1.60303898E-07
   80.4247742       1.69500709E-07
   81.0530930       1.50757842E-07
   81.6814117       1.59023330E-07
   82.3097305       1.41910277E-07
   82.9380493       1.49593689E-07
   83.5663681       1.33819412E-07
   84.1946869       1.40746124E-07
   84.8230057       1.26252417E-07
   85.4513245       1.32480636E-07
   86.0796432       1.19209290E-07
   86.7079620       1.24971848E-07
   87.3362808       1.12631824E-07
   87.9645996       1.17928721E-07
   88.5929184       1.06461812E-07
   89.2212372       1.11351255E-07
   89.8495560       1.00757461E-07
   90.4778748       1.05239451E-07
   91.1061859       9.54023562E-08
   91.7345047       9.94768925E-08
   92.3628235       9.04547051E-08
   92.9911423       9.41799954E-08
   93.6194611       8.57398845E-08
   94.2477798       8.92323442E-08
   94.8760986       8.14325176E-08
   95.5044174       8.45757313E-08
   96.1327362       7.71833584E-08
   96.7610550       8.02101567E-08
   97.3893738       7.34580681E-08
   98.0176926       7.60774128E-08
   98.6460114       6.97909854E-08
   99.2743301       7.22939149E-08
   99.9026489       6.63567334E-08
   100.530968       6.87432475E-08
   101.159286       6.32135198E-08
   101.787605       6.53672032E-08
   102.415924       6.02158252E-08
   103.044243       6.22239895E-08
   103.672562       5.74218575E-08
   104.300880       5.92553988E-08
   104.929199       5.47152013E-08
   105.557518       5.63741196E-08
   106.185837       5.22413757E-08
   106.814156       5.37838787E-08
   107.442474       4.98548616E-08
   108.070793       5.12809493E-08
   108.699112       4.76138666E-08
   109.327431       4.89817467E-08
   109.955750       4.55183908E-08
   110.584061       4.67407517E-08
   111.212379       4.35102265E-08
   111.840698       4.47034836E-08
   112.469017       4.16184776E-08
   113.097336       4.26953193E-08
   113.725655       3.98722477E-08
   114.353973       4.08326741E-08
   114.982292       3.81551217E-08
   115.610611       3.90573405E-08
   116.238930       3.65544111E-08
   116.867249       3.73984221E-08
   117.495567       3.50701157E-08
   118.123886       3.58268153E-08
   118.752205       3.35858203E-08
   119.380524       3.43425199E-08
   120.008842       3.22179403E-08
   120.637161       3.28873284E-08
   121.265480       3.09082679E-08
   121.893799       3.15631041E-08
   122.522118       2.96859071E-08
   123.150436       3.02825356E-08
   123.778755       2.85217538E-08
   124.407074       2.90747266E-08
   125.035393       2.74158083E-08
   125.663712       2.78960215E-08
   126.292030       2.63244146E-08
   126.920349       2.68046279E-08
   127.548668       2.53057806E-08
   128.176987       2.57568900E-08
   128.805298       2.43599061E-08
   129.433624       2.47528078E-08
   130.061935       2.34285835E-08
   130.690262       2.38214852E-08
   131.318573       2.25700205E-08
   131.946899       2.29192665E-08
   132.575211       2.17405614E-08
   133.203537       2.20752554E-08
   133.831848       2.09256541E-08
   134.460175       2.12312443E-08
   135.088486       2.01689545E-08
   135.716812       2.04599928E-08
   136.345123       1.94413587E-08
   136.973450       1.97178451E-08
   137.601761       1.87428668E-08
   138.230087       1.90048013E-08
   138.858398       1.80880306E-08
   139.486725       1.83208613E-08
   140.115036       1.74477464E-08
   140.743347       1.76805770E-08
   141.371674       1.68365659E-08
   141.999985       1.70402927E-08
   142.628311       1.62835931E-08
   143.256622       1.64582161E-08
   143.884949       1.57160684E-08
   144.513260       1.58761395E-08
   145.141586       1.51776476E-08
   145.769897       1.53449946E-08
   146.398224       1.46683306E-08
   147.026535       1.48211257E-08
   147.654861       1.41808414E-08
   148.283173       1.43190846E-08
   148.911499       1.37151801E-08
   149.539810       1.38388714E-08
   150.168137       1.32567948E-08
   150.796448       1.33950380E-08
   151.424774       1.28347892E-08
   152.053085       1.29366526E-08
   152.681412       1.24127837E-08
   153.309723       1.25219231E-08
   153.938049       1.20198820E-08
   154.566360       1.21217454E-08
   155.194687       1.16269803E-08
   155.822998       1.17288437E-08
   156.451324       1.12777343E-08
   157.079636       1.13577698E-08
   157.707962       1.09284883E-08
   158.336273       1.09939720E-08
   158.964600       1.05865183E-08
   159.592911       1.06520019E-08
   160.221237       1.02518243E-08
   160.849548       1.03173079E-08
   161.477859       9.94623406E-09
   162.106186       1.00117177E-08
   162.734497       9.64064384E-09
   163.362823       9.69885150E-09
   163.991135       9.35688149E-09
   164.619461       9.40781320E-09
   165.247772       9.06584319E-09
   165.876099       9.10949893E-09
   166.504410       8.81118467E-09
   167.132736       8.84756446E-09
   167.761047       8.54197424E-09
   168.389374       8.58562998E-09
   169.017685       8.30186764E-09
   169.646011       8.33097147E-09
   170.274323       8.05448508E-09
   170.902649       8.08358891E-09
   171.530960       7.82165444E-09
   172.159286       7.85075827E-09
   172.787598       7.59609975E-09
   173.415924       7.62156560E-09
   174.044235       7.37782102E-09
   174.672562       7.40328687E-09
   175.300873       7.17773219E-09
   175.929199       7.19592208E-09
   176.557510       6.98128133E-09
   177.185837       6.99219527E-09
   177.814148       6.78119250E-09
   178.442474       6.79574441E-09
   179.070786       6.59929356E-09
   179.699112       6.61384547E-09
   180.327423       6.41739462E-09
   180.955750       6.42467057E-09
   181.584061       6.23913365E-09
   182.212372       6.24277163E-09
   182.840698       6.07178663E-09
   183.469009       6.07542461E-09
   184.097336       5.90807758E-09
   184.725647       5.91535354E-09
   185.353973       5.74800652E-09
   185.982285       5.75164449E-09
   186.610611       5.59884938E-09
   187.238922       5.59884938E-09
   187.867249       5.44969225E-09
   188.495560       5.45333023E-09
   189.123886       5.30417310E-09
   189.752197       5.30781108E-09
   190.380524       5.16956788E-09
   191.008835       5.16956788E-09
   191.637161       5.03496267E-09
   192.265472       5.03860065E-09
   192.893799       4.90763341E-09
   193.522110       4.90399543E-09
   194.150436       4.78030415E-09
   194.778748       4.78030415E-09
   195.407074       4.65661287E-09
   196.035385       4.66025085E-09
   196.663712       4.54019755E-09
   197.292023       4.54019755E-09
   197.920349       4.43105819E-09
   198.548660       4.42742021E-09
   199.176987       4.31828084E-09
   199.805298       4.31464287E-09
   200.433624       4.21277946E-09
   201.061935       4.20550350E-09
   201.690247       4.10364009E-09
   202.318573       4.10364009E-09
   202.946884       4.00541467E-09
   203.575211       4.00177669E-09
   204.203522       3.91082722E-09
   204.831848       3.90355126E-09
   205.460159       3.81987775E-09
   206.088486       3.80896381E-09
   206.716797       3.72710929E-09
   207.345123       3.71619535E-09
   207.973434       3.63979780E-09
   208.601761       3.62706487E-09
   209.230072       3.55248631E-09
   209.858398       3.54157237E-09
   210.486710       3.46699380E-09
   211.115036       3.45789886E-09
   211.743347       3.38695827E-09
   212.371674       3.37422534E-09
   212.999985       3.30692274E-09
   213.628311       3.29600880E-09
   214.256622       3.23234417E-09
   214.884949       3.21779225E-09
   215.513260       3.15776560E-09
   216.141586       3.14685167E-09
   216.769897       3.08682502E-09
   217.398224       3.07409209E-09
   218.026535       3.01588443E-09
   218.654861       3.00497049E-09
   219.283173       2.94676283E-09
   219.911499       2.93584890E-09
   220.539810       2.87764124E-09
   221.168121       2.86854629E-09
   221.796448       2.81215762E-09
   222.424759       2.80306267E-09
   223.053085       2.75213097E-09
   223.681396       2.74121703E-09
   224.309723       2.69210432E-09
   224.938034       2.68119038E-09
   225.566360       2.63207767E-09
   226.194672       2.62116373E-09
   226.822998       2.57387001E-09
   227.451309       2.56295607E-09
   228.079636       2.51930032E-09
   228.707947       2.50656740E-09
   229.336273       2.46473064E-09
   229.964584       2.45199772E-09
   230.592911       2.41197995E-09
   231.221222       2.39924702E-09
   231.849548       2.35741027E-09
   232.477859       2.34831532E-09
   233.106186       2.30829755E-09
   233.734497       2.29920261E-09
   234.362823       2.25918484E-09
   234.991135       2.25008989E-09
   235.619461       2.21189111E-09
   236.247772       2.20097718E-09
   236.876099       2.16641638E-09
   237.504410       2.15368345E-09
   238.132736       2.12003215E-09
   238.761047       2.10911821E-09
   239.389374       2.07728590E-09
   240.017685       2.06546247E-09
   240.646011       2.03363015E-09
   241.274323       2.02180672E-09
   241.902634       1.99179340E-09
   242.530960       1.98087946E-09
   243.159271       1.95177563E-09
   243.787598       1.94086169E-09
   244.415909       1.91084837E-09
   245.044235       1.89993443E-09
   245.672546       1.87174010E-09
   246.300873       1.86173565E-09
   246.929184       1.83445081E-09
   247.557510       1.82444637E-09
   248.185822       1.79807103E-09
   248.814148       1.78806658E-09
   249.442459       1.76169124E-09
   250.070786       1.75259629E-09
   250.699097       1.72713044E-09
   251.327423       1.71712600E-09
   251.955734       1.69347913E-09
   252.584061       1.68256520E-09
   253.212372       1.66073733E-09
   253.840698       1.64982339E-09
   254.469009       1.62799552E-09
   255.097336       1.61799107E-09
   255.725647       1.59616320E-09
   256.353973       1.58524927E-09
   256.982300       1.56524038E-09
   257.610596       1.55432645E-09
   258.238922       1.53431756E-09
   258.867249       1.52431312E-09
   259.495575       1.50521373E-09
   260.123871       1.49520929E-09
   260.752197       1.47610990E-09
   261.380524       1.46701495E-09
   262.008820       1.44882506E-09
   262.637146       1.43791112E-09
   263.265472       1.42063072E-09
   263.893799       1.41062628E-09
   264.522095       1.39607437E-09
   265.150421       1.38470568E-09
   265.778748       1.36969902E-09
   266.407074       1.35878508E-09
   267.035370       1.34377842E-09
   267.663696       1.33377398E-09
   268.292023       1.31876732E-09
   268.920349       1.30876288E-09
   269.548645       1.29466571E-09
   270.176971       1.28466127E-09
   270.805298       1.27056410E-09
   271.433624       1.26055966E-09
   272.061920       1.24737198E-09
   272.690247       1.23782229E-09
   273.318573       1.22463462E-09
   273.946899       1.21508492E-09
   274.575195       1.20235200E-09
   275.203522       1.19325705E-09
   275.831848       1.18052412E-09
   276.460175       1.17142918E-09
   277.088470       1.15960574E-09
   277.716797       1.15051080E-09
   278.345123       1.13868737E-09
   278.973450       1.13004717E-09
   279.601746       1.11867848E-09
   280.230072       1.11003828E-09
   280.858398       1.09866960E-09
   281.486694       1.08957465E-09
   282.115021       1.07911546E-09
   282.743347       1.07047526E-09
   283.371674       1.06001607E-09
   283.999969       1.05183062E-09
   284.628296       1.04137143E-09
   285.256622       1.03318598E-09
   285.884949       1.02318154E-09
   286.513245       1.01499609E-09
   287.141571       1.00544639E-09
   287.769897       9.97488314E-10
   288.398224       9.88393367E-10
   289.026520       9.80207915E-10
   289.654846       9.71340341E-10
   290.283173       9.63382263E-10
   290.911499       9.54514690E-10
   291.539795       9.46783985E-10
   292.168121       9.38371159E-10
   292.796448       9.30640454E-10
   293.424774       9.22227628E-10
   294.053070       9.14951670E-10
   294.681396       9.06766218E-10
   295.309723       8.99490260E-10
   295.938049       8.91304808E-10
   296.566345       8.84028850E-10
   297.194672       8.76298145E-10
   297.822998       8.69249561E-10
   298.451324       8.61973604E-10
   299.079620       8.54811333E-10
   299.707947       8.47649062E-10
   300.336273       8.40600478E-10
   300.964600       8.33438207E-10
   301.592896       8.26616997E-10
   302.221222       8.19682100E-10
   302.849548       8.12974577E-10
   303.477844       8.06267053E-10
   304.106171       7.99559530E-10
   304.734497       7.92965693E-10
   305.362823       7.86485543E-10
   305.991119       7.80005394E-10
   306.619446       7.73695774E-10
   307.247772       7.67386155E-10
   307.876099       7.61133379E-10
   308.504395       7.54937446E-10
   309.132721       7.48855200E-10
   309.761047       7.42772954E-10
   310.389374       7.36775974E-10
   311.017670       7.30835836E-10
   311.645996       7.24952542E-10
   312.274323       7.19154514E-10
   312.902649       7.13384907E-10
   313.530945       7.07686354E-10
   314.159271       7.02044201E-10
