  0.628318548       0.00000000    
   1.25663710       0.00000000    
   1.88495564       0.00000000    
   2.51327419       0.00000000    
   3.14159274       0.00000000    
   3.76991129       0.00000000    
   4.39822960       0.00000000    
   5.02654839       0.00000000    
   5.65486717       0.00000000    
   6.28318548       0.00000000    
   6.91150379       0.00000000    
   7.53982258       0.00000000    
   8.16814137       0.00000000    
   8.79645920       0.00000000    
   9.42477798       0.00000000    
   10.0530968       0.00000000    
   10.6814156       0.00000000    
   11.3097343       0.00000000    
   11.9380522       0.00000000    
   12.5663710       0.00000000    
   13.1946898       0.00000000    
   13.8230076       0.00000000    
   14.4513264       0.00000000    
   15.0796452       0.00000000    
   15.7079639       0.00000000    
   16.3362827       0.00000000    
   16.9646015       0.00000000    
   17.5929184       0.00000000    
   18.2212372       0.00000000    
   18.8495560       0.00000000    
   19.4778748       0.00000000    
   20.1061935       0.00000000    
   20.7345123       0.00000000    
   21.3628311       0.00000000    
   21.9911499       0.00000000    
   22.6194687       0.00000000    
   23.2477856       0.00000000    
   23.8761044       0.00000000    
   24.5044231       0.00000000    
   25.1327419       0.00000000    
   25.7610607       0.00000000    
   26.3893795       0.00000000    
   27.0176983       0.00000000    
   27.6460152       0.00000000    
   28.2743340       0.00000000    
   28.9026527       0.00000000    
   29.5309715       0.00000000    
   30.1592903       0.00000000    
   30.7876091       0.00000000    
   31.4159279       0.00000000    
   32.0442467       0.00000000    
   32.6725655       0.00000000    
   33.3008842       0.00000000    
   33.9292030       0.00000000    
   34.5575218       0.00000000    
   35.1858368       0.00000000    
   35.8141556       0.00000000    
   36.4424744       0.00000000    
   37.0707932       0.00000000    
   37.6991119       0.00000000    
   38.3274307       0.00000000    
   38.9557495       0.00000000    
   39.5840683       0.00000000    
   40.2123871       0.00000000    
   40.8407059       0.00000000    
   41.4690247       0.00000000    
   42.0973434       0.00000000    
   42.7256622       0.00000000    
   43.3539810       0.00000000    
   43.9822998       0.00000000    
   44.6106186       0.00000000    
   45.2389374       0.00000000    
   45.8672523       0.00000000    
   46.4955711       0.00000000    
   47.1238899       0.00000000    
   47.7522087       0.00000000    
   48.3805275       0.00000000    
   49.0088463       0.00000000    
   49.6371651       0.00000000    
   50.2654839       0.00000000    
   50.8938026       0.00000000    
   51.5221214       0.00000000    
   52.1504402       0.00000000    
   52.7787590       0.00000000    
   53.4070778       0.00000000    
   54.0353966       0.00000000    
   54.6637154       0.00000000    
   55.2920303       0.00000000    
   55.9203491       0.00000000    
   56.5486679       0.00000000    
   57.1769867       0.00000000    
   57.8053055       0.00000000    
   58.4336243       0.00000000    
   59.0619431       0.00000000    
   59.6902618       0.00000000    
   60.3185806       0.00000000    
   60.9468994       0.00000000    
   61.5752182       0.00000000    
   62.2035370       0.00000000    
   62.8318558       0.00000000    
   63.4601746       0.00000000    
   64.0884933       0.00000000    
   64.7168121       0.00000000    
   65.3451309       0.00000000    
   65.9734497       0.00000000    
   66.6017685       0.00000000    
   67.2300873       0.00000000    
   67.8584061       0.00000000    
   68.4867249       0.00000000    
   69.1150436       0.00000000    
   69.7433624       0.00000000    
   70.3716736       0.00000000    
   70.9999924       0.00000000    
   71.6283112       0.00000000    
   72.2566299       0.00000000    
   72.8849487       0.00000000    
   73.5132675       0.00000000    
   74.1415863       0.00000000    
   74.7699051       0.00000000    
   75.3982239       0.00000000    
   76.0265427       0.00000000    
   76.6548615       0.00000000    
   77.2831802       0.00000000    
   77.9114990       0.00000000    
   78.5398178       0.00000000    
   79.1681366       0.00000000    
   79.7964554       0.00000000    
   80.4247742       0.00000000    
   81.0530930       0.00000000    
   81.6814117       0.00000000    
   82.3097305       0.00000000    
   82.9380493       0.00000000    
   83.5663681       0.00000000    
   84.1946869       0.00000000    
   84.8230057       0.00000000    
   85.4513245       0.00000000    
   86.0796432       0.00000000    
   86.7079620       0.00000000    
   87.3362808       0.00000000    
   87.9645996       0.00000000    
   88.5929184       0.00000000    
   89.2212372       0.00000000    
   89.8495560       0.00000000    
   90.4778748       0.00000000    
   91.1061859       0.00000000    
   91.7345047       0.00000000    
   92.3628235       0.00000000    
   92.9911423       0.00000000    
   93.6194611       0.00000000    
   94.2477798       0.00000000    
   94.8760986       0.00000000    
   95.5044174       0.00000000    
   96.1327362       0.00000000    
   96.7610550       0.00000000    
   97.3893738       0.00000000    
   98.0176926       0.00000000    
   98.6460114       0.00000000    
   99.2743301       0.00000000    
   99.9026489       0.00000000    
   100.530968       0.00000000    
   101.159286       0.00000000    
   101.787605       0.00000000    
   102.415924       0.00000000    
   103.044243       0.00000000    
   103.672562       0.00000000    
   104.300880       0.00000000    
   104.929199       0.00000000    
   105.557518       0.00000000    
   106.185837       0.00000000    
   106.814156       0.00000000    
   107.442474       0.00000000    
   108.070793       0.00000000    
   108.699112       0.00000000    
   109.327431       0.00000000    
   109.955750       0.00000000    
   110.584061       0.00000000    
   111.212379       0.00000000    
   111.840698       0.00000000    
   112.469017       0.00000000    
   113.097336       0.00000000    
   113.725655       0.00000000    
   114.353973       0.00000000    
   114.982292       0.00000000    
   115.610611       0.00000000    
   116.238930       0.00000000    
   116.867249       0.00000000    
   117.495567       0.00000000    
   118.123886       0.00000000    
   118.752205       0.00000000    
   119.380524       0.00000000    
   120.008842       0.00000000    
   120.637161       0.00000000    
   121.265480       0.00000000    
   121.893799       0.00000000    
   122.522118       0.00000000    
   123.150436       0.00000000    
   123.778755       0.00000000    
   124.407074       0.00000000    
   125.035393       0.00000000    
   125.663712       0.00000000    
   126.292030       0.00000000    
   126.920349       0.00000000    
   127.548668       0.00000000    
   128.176987       0.00000000    
   128.805298       0.00000000    
   129.433624       0.00000000    
   130.061935       0.00000000    
   130.690262       0.00000000    
   131.318573       0.00000000    
   131.946899       0.00000000    
   132.575211       0.00000000    
   133.203537       0.00000000    
   133.831848       0.00000000    
   134.460175       0.00000000    
   135.088486       0.00000000    
   135.716812       0.00000000    
   136.345123       0.00000000    
   136.973450       0.00000000    
   137.601761       0.00000000    
   138.230087       0.00000000    
   138.858398       0.00000000    
   139.486725       0.00000000    
   140.115036       0.00000000    
   140.743347       0.00000000    
   141.371674       0.00000000    
   141.999985       0.00000000    
   142.628311       0.00000000    
   143.256622       0.00000000    
   143.884949       0.00000000    
   144.513260       0.00000000    
   145.141586       0.00000000    
   145.769897       0.00000000    
   146.398224       0.00000000    
   147.026535       0.00000000    
   147.654861       0.00000000    
   148.283173       0.00000000    
   148.911499       0.00000000    
   149.539810       0.00000000    
   150.168137       0.00000000    
   150.796448       0.00000000    
   151.424774       0.00000000    
   152.053085       0.00000000    
   152.681412       0.00000000    
   153.309723       0.00000000    
   153.938049       0.00000000    
   154.566360       0.00000000    
   155.194687       0.00000000    
   155.822998       0.00000000    
   156.451324       0.00000000    
   157.079636       0.00000000    
   157.707962       0.00000000    
   158.336273       0.00000000    
   158.964600       0.00000000    
   159.592911       0.00000000    
   160.221237       0.00000000    
   160.849548       0.00000000    
   161.477859       0.00000000    
   162.106186       0.00000000    
   162.734497       0.00000000    
   163.362823       0.00000000    
   163.991135       0.00000000    
   164.619461       0.00000000    
   165.247772       0.00000000    
   165.876099       0.00000000    
   166.504410       0.00000000    
   167.132736       0.00000000    
   167.761047       0.00000000    
   168.389374       0.00000000    
   169.017685       0.00000000    
   169.646011       0.00000000    
   170.274323       0.00000000    
   170.902649       0.00000000    
   171.530960       0.00000000    
   172.159286       0.00000000    
   172.787598       0.00000000    
   173.415924       0.00000000    
   174.044235       0.00000000    
   174.672562       0.00000000    
   175.300873       0.00000000    
   175.929199       0.00000000    
   176.557510       0.00000000    
   177.185837       0.00000000    
   177.814148       0.00000000    
   178.442474       0.00000000    
   179.070786       0.00000000    
   179.699112       0.00000000    
   180.327423       0.00000000    
   180.955750       0.00000000    
   181.584061       0.00000000    
   182.212372       0.00000000    
   182.840698       0.00000000    
   183.469009       0.00000000    
   184.097336       0.00000000    
   184.725647       0.00000000    
   185.353973       0.00000000    
   185.982285       0.00000000    
   186.610611       0.00000000    
   187.238922       0.00000000    
   187.867249       0.00000000    
   188.495560       0.00000000    
   189.123886       0.00000000    
   189.752197       0.00000000    
   190.380524       0.00000000    
   191.008835       0.00000000    
   191.637161       0.00000000    
   192.265472       0.00000000    
   192.893799       0.00000000    
   193.522110       0.00000000    
   194.150436       0.00000000    
   194.778748       0.00000000    
   195.407074       0.00000000    
   196.035385       0.00000000    
   196.663712       0.00000000    
   197.292023       0.00000000    
   197.920349       0.00000000    
   198.548660       0.00000000    
   199.176987       0.00000000    
   199.805298       0.00000000    
   200.433624       0.00000000    
   201.061935       0.00000000    
   201.690247       0.00000000    
   202.318573       0.00000000    
   202.946884       0.00000000    
   203.575211       0.00000000    
   204.203522       0.00000000    
   204.831848       0.00000000    
   205.460159       0.00000000    
   206.088486       0.00000000    
   206.716797       0.00000000    
   207.345123       0.00000000    
   207.973434       0.00000000    
   208.601761       0.00000000    
   209.230072       0.00000000    
   209.858398       0.00000000    
   210.486710       0.00000000    
   211.115036       0.00000000    
   211.743347       0.00000000    
   212.371674       0.00000000    
   212.999985       0.00000000    
   213.628311       0.00000000    
   214.256622       0.00000000    
   214.884949       0.00000000    
   215.513260       0.00000000    
   216.141586       0.00000000    
   216.769897       0.00000000    
   217.398224       0.00000000    
   218.026535       0.00000000    
   218.654861       0.00000000    
   219.283173       0.00000000    
   219.911499       0.00000000    
   220.539810       0.00000000    
   221.168121       0.00000000    
   221.796448       0.00000000    
   222.424759       0.00000000    
   223.053085       0.00000000    
   223.681396       0.00000000    
   224.309723       0.00000000    
   224.938034       0.00000000    
   225.566360       0.00000000    
   226.194672       0.00000000    
   226.822998       0.00000000    
   227.451309       0.00000000    
   228.079636       0.00000000    
   228.707947       0.00000000    
   229.336273       0.00000000    
   229.964584       0.00000000    
   230.592911       0.00000000    
   231.221222       0.00000000    
   231.849548       0.00000000    
   232.477859       0.00000000    
   233.106186       0.00000000    
   233.734497       0.00000000    
   234.362823       0.00000000    
   234.991135       0.00000000    
   235.619461       0.00000000    
   236.247772       0.00000000    
   236.876099       0.00000000    
   237.504410       0.00000000    
   238.132736       0.00000000    
   238.761047       0.00000000    
   239.389374       0.00000000    
   240.017685       0.00000000    
   240.646011       0.00000000    
   241.274323       0.00000000    
   241.902634       0.00000000    
   242.530960       0.00000000    
   243.159271       0.00000000    
   243.787598       0.00000000    
   244.415909       0.00000000    
   245.044235       0.00000000    
   245.672546       0.00000000    
   246.300873       0.00000000    
   246.929184       0.00000000    
   247.557510       0.00000000    
   248.185822       0.00000000    
   248.814148       0.00000000    
   249.442459       0.00000000    
   250.070786       0.00000000    
   250.699097       0.00000000    
   251.327423       0.00000000    
   251.955734       0.00000000    
   252.584061       0.00000000    
   253.212372       0.00000000    
   253.840698       0.00000000    
   254.469009       0.00000000    
   255.097336       0.00000000    
   255.725647       0.00000000    
   256.353973       0.00000000    
   256.982300       0.00000000    
   257.610596       0.00000000    
   258.238922       0.00000000    
   258.867249       0.00000000    
   259.495575       0.00000000    
   260.123871       0.00000000    
   260.752197       0.00000000    
   261.380524       0.00000000    
   262.008820       0.00000000    
   262.637146       0.00000000    
   263.265472       0.00000000    
   263.893799       0.00000000    
   264.522095       0.00000000    
   265.150421       0.00000000    
   265.778748       0.00000000    
   266.407074       0.00000000    
   267.035370       0.00000000    
   267.663696       0.00000000    
   268.292023       0.00000000    
   268.920349       0.00000000    
   269.548645       0.00000000    
   270.176971       0.00000000    
   270.805298       0.00000000    
   271.433624       0.00000000    
   272.061920       0.00000000    
   272.690247       0.00000000    
   273.318573       0.00000000    
   273.946899       0.00000000    
   274.575195       0.00000000    
   275.203522       0.00000000    
   275.831848       0.00000000    
   276.460175       0.00000000    
   277.088470       0.00000000    
   277.716797       0.00000000    
   278.345123       0.00000000    
   278.973450       0.00000000    
   279.601746       0.00000000    
   280.230072       0.00000000    
   280.858398       0.00000000    
   281.486694       0.00000000    
   282.115021       0.00000000    
   282.743347       0.00000000    
   283.371674       0.00000000    
   283.999969       0.00000000    
   284.628296       0.00000000    
   285.256622       0.00000000    
   285.884949       0.00000000    
   286.513245       0.00000000    
   287.141571       0.00000000    
   287.769897       0.00000000    
   288.398224       0.00000000    
   289.026520       0.00000000    
   289.654846       0.00000000    
   290.283173       0.00000000    
   290.911499       0.00000000    
   291.539795       0.00000000    
   292.168121       0.00000000    
   292.796448       0.00000000    
   293.424774       0.00000000    
   294.053070       0.00000000    
   294.681396       0.00000000    
   295.309723       0.00000000    
   295.938049       0.00000000    
   296.566345       0.00000000    
   297.194672       0.00000000    
   297.822998       0.00000000    
   298.451324       0.00000000    
   299.079620       0.00000000    
   299.707947       0.00000000    
   300.336273       0.00000000    
   300.964600       0.00000000    
   301.592896       0.00000000    
   302.221222       0.00000000    
   302.849548       0.00000000    
   303.477844       0.00000000    
   304.106171       0.00000000    
   304.734497       0.00000000    
   305.362823       0.00000000    
   305.991119       0.00000000    
   306.619446       0.00000000    
   307.247772       0.00000000    
   307.876099       0.00000000    
   308.504395       0.00000000    
   309.132721       0.00000000    
   309.761047       0.00000000    
   310.389374       0.00000000    
   311.017670       0.00000000    
   311.645996       0.00000000    
   312.274323       0.00000000    
   312.902649       0.00000000    
   313.530945       0.00000000    
   314.159271       0.00000000    
