  0.628318548       10.0297937    
   1.25663710       3.34705281    
   1.88495564      0.823512793    
   2.51327419       3.84932756E-02
   3.14159274      -8.67713690E-02
   3.76991129      -8.29292834E-02
   4.39822960      -5.35669848E-02
   5.02654839      -3.38709168E-02
   5.65486717      -2.14424580E-02
   6.28318548      -1.41023742E-02
   6.91150379      -9.68493614E-03
   7.53982258      -6.82766270E-03
   8.16814137      -4.99384059E-03
   8.79645920      -3.70984524E-03
   9.42477798      -2.83193425E-03
   10.0530968      -2.18644226E-03
   10.6814156      -1.72221521E-03
   11.3097343      -1.36980019E-03
   11.9380522      -1.10588875E-03
   12.5663710      -9.00703715E-04
   13.1946898      -7.41943484E-04
   13.8230076      -6.16068370E-04
   14.4513264      -5.16060041E-04
   15.0796452      -4.35410417E-04
   15.7079639      -3.69940884E-04
   16.3362827      -3.16343154E-04
   16.9646015      -2.72061850E-04
   17.5929184      -2.35316867E-04
   18.2212372      -2.04514654E-04
   18.8495560      -1.78641407E-04
   19.4778748      -1.56687282E-04
   20.1061935      -1.38042320E-04
   20.7345123      -1.22057361E-04
   21.3628311      -1.08346459E-04
   21.9911499      -9.64862411E-05
   22.6194687      -8.62219895E-05
   23.2477856      -7.72735657E-05
   23.8761044      -6.94665941E-05
   24.5044231      -6.26130059E-05
   25.1327419      -5.65901428E-05
   25.7610607      -5.12696279E-05
   26.3893795      -4.65633057E-05
   27.0176983      -4.23822930E-05
   27.6460152      -3.86619067E-05
   28.2743340      -3.53396754E-05
   28.9026527      -3.23675195E-05
   29.5309715      -2.97007937E-05
   30.1592903      -2.73033947E-05
   30.7876091      -2.51429447E-05
   31.4159279      -2.31920130E-05
   32.0442467      -2.14267347E-05
   32.6725655      -1.98261114E-05
   33.3008842      -1.83723387E-05
   33.9292030      -1.70492713E-05
   34.5575218      -1.58432958E-05
   35.1858368      -1.47419632E-05
   35.8141556      -1.37347888E-05
   36.4424744      -1.28120664E-05
   37.0707932      -1.19656470E-05
   37.6991119      -1.11878762E-05
   38.3274307      -1.04723804E-05
   38.9557495      -9.81309131E-06
   39.5840683      -9.20493767E-06
   40.2123871      -8.64312460E-06
   40.8407059      -8.12355574E-06
   41.4690247      -7.64241850E-06
   42.0973434      -7.19641685E-06
   42.7256622      -6.78242941E-06
   43.3539810      -6.39783684E-06
   43.9822998      -6.04007801E-06
   44.6106186      -5.70701377E-06
   45.2389374      -5.39657776E-06
   45.8672523      -5.10696555E-06
   46.4955711      -4.83651820E-06
   47.1238899      -4.58375143E-06
   47.7522087      -4.34726098E-06
   48.3805275      -4.12583904E-06
   49.0088463      -3.91834328E-06
   49.6371651      -3.72371505E-06
   50.2654839      -3.54102667E-06
   50.8938026      -3.36940502E-06
   51.5221214      -3.20805702E-06
   52.1504402      -3.05625508E-06
   52.7787590      -2.91331889E-06
   53.4070778      -2.77865183E-06
   54.0353966      -2.65167182E-06
   54.6637154      -2.53186226E-06
   55.2920303      -2.41874295E-06
   55.9203491      -2.31186641E-06
   56.5486679      -2.21083974E-06
   57.1769867      -2.11525912E-06
   57.8053055      -2.02479714E-06
   58.4336243      -1.93911546E-06
   59.0619431      -1.85791941E-06
   59.6902618      -1.78092887E-06
   60.3185806      -1.70788553E-06
   60.9468994      -1.63854565E-06
   61.5752182      -1.57269460E-06
   62.2035370      -1.51011773E-06
   62.8318558      -1.45061858E-06
   63.4601746      -1.39402619E-06
   64.0884933      -1.34016591E-06
   64.7168121      -1.28887405E-06
   65.3451309      -1.24001963E-06
   65.9734497      -1.19345714E-06
   66.6017685      -1.14906288E-06
   67.2300873      -1.10670953E-06
   67.8584061      -1.06629159E-06
   68.4867249      -1.02770173E-06
   69.1150436      -9.90839908E-07
   69.7433624      -9.55616997E-07
   70.3716736      -9.21945684E-07
   70.9999924      -8.89744115E-07
   71.6283112      -8.58937710E-07
   72.2566299      -8.29451892E-07
   72.8849487      -8.01219358E-07
   73.5132675      -7.74180080E-07
   74.1415863      -7.48270395E-07
   74.7699051      -7.23437552E-07
   75.3982239      -6.99625161E-07
   76.0265427      -6.76784111E-07
   76.6548615      -6.54867108E-07
   77.2831802      -6.33834134E-07
   77.9114990      -6.13634256E-07
   78.5398178      -5.94232915E-07
   79.1681366      -5.75593731E-07
   79.7964554      -5.57682142E-07
   80.4247742      -5.40456313E-07
   81.0530930      -5.23890776E-07
   81.6814117      -5.07960067E-07
   82.3097305      -4.92629624E-07
   82.9380493      -4.77870344E-07
   83.5663681      -4.63660399E-07
   84.1946869      -4.49974323E-07
   84.8230057      -4.36790287E-07
   85.4513245      -4.24086466E-07
   86.0796432      -4.11839210E-07
   86.7079620      -4.00033969E-07
   87.3362808      -3.88647095E-07
   87.9645996      -3.77662218E-07
   88.5929184      -3.67062967E-07
   89.2212372      -3.56831151E-07
   89.8495560      -3.46955858E-07
   90.4778748      -3.37418896E-07
   91.1061859      -3.28205715E-07
   91.7345047      -3.19307219E-07
   92.3628235      -3.10707037E-07
   92.9911423      -3.02394255E-07
   93.6194611      -2.94359779E-07
   94.2477798      -2.86587237E-07
   94.8760986      -2.79072083E-07
   95.5044174      -2.71800673E-07
   96.1327362      -2.64765731E-07
   96.7610550      -2.57954525E-07
   97.3893738      -2.51361598E-07
   98.0176926      -2.44979674E-07
   98.6460114      -2.38797838E-07
   99.2743301      -2.32809725E-07
   99.9026489      -2.27008059E-07
   100.530968      -2.21386472E-07
   101.159286      -2.15937689E-07
   101.787605      -2.10655344E-07
   102.415924      -2.05533979E-07
   103.044243      -2.00567229E-07
   103.672562      -1.95747816E-07
   104.300880      -1.91073923E-07
   104.929199      -1.86539182E-07
   105.557518      -1.82138137E-07
   106.185837      -1.77865331E-07
   106.814156      -1.73717126E-07
   107.442474      -1.69688974E-07
   108.070793      -1.65778147E-07
   108.699112      -1.61978278E-07
   109.327431      -1.58285729E-07
   109.955750      -1.54699592E-07
   110.584061      -1.51214408E-07
   111.212379      -1.47826540E-07
   111.840698      -1.44530532E-07
   112.469017      -1.41328201E-07
   113.097336      -1.38215000E-07
   113.725655      -1.35185473E-07
   114.353973      -1.32239620E-07
   114.982292      -1.29372893E-07
   115.610611      -1.26583473E-07
   116.238930      -1.23868631E-07
   116.867249      -1.21226549E-07
   117.495567      -1.18654498E-07
   118.123886      -1.16149749E-07
   118.752205      -1.13711394E-07
   119.380524      -1.11335794E-07
   120.008842      -1.09021130E-07
   120.637161      -1.06769221E-07
   121.265480      -1.04573701E-07
   121.893799      -1.02433660E-07
   122.522118      -1.00349098E-07
   123.150436      -9.83172868E-08
   123.778755      -9.63364073E-08
   124.407074      -9.44046405E-08
   125.035393      -9.25219865E-08
   125.663712      -9.06857167E-08
   126.292030      -8.88931027E-08
   126.920349      -8.71459633E-08
   127.548668      -8.54424798E-08
   128.176987      -8.37790139E-08
   128.805298      -8.21564754E-08
   129.433624      -8.05730451E-08
   130.061935      -7.90282684E-08
   130.690262      -7.75189619E-08
   131.318573      -7.60460352E-08
   131.946899      -7.46076694E-08
   132.575211      -7.32034096E-08
   133.203537      -7.18323463E-08
   133.831848      -7.04926606E-08
   134.460175      -6.91848072E-08
   135.088486      -6.79060577E-08
   135.716812      -6.66573214E-08
   136.345123      -6.54372343E-08
   136.973450      -6.42448867E-08
   137.601761      -6.30789145E-08
   138.230087      -6.19406819E-08
   138.858398      -6.08274604E-08
   139.486725      -5.97387952E-08
   140.115036      -5.86742317E-08
   140.743347      -5.76337698E-08
   141.371674      -5.66160452E-08
   141.999985      -5.56206032E-08
   142.628311      -5.46469892E-08
   143.256622      -5.36942935E-08
   143.884949      -5.27629709E-08
   144.513260      -5.18512024E-08
   145.141586      -5.09589881E-08
   145.769897      -5.00858732E-08
   146.398224      -4.92318577E-08
   147.026535      -4.83955773E-08
   147.654861      -4.75779416E-08
   148.283173      -4.67766768E-08
   148.911499      -4.59917828E-08
   149.539810      -4.52237146E-08
   150.168137      -4.44720172E-08
   150.796448      -4.37348717E-08
   151.424774      -4.30136424E-08
   152.053085      -4.23074198E-08
   152.681412      -4.16152943E-08
   153.309723      -4.09372660E-08
   153.938049      -4.02728801E-08
   154.566360      -3.96221367E-08
   155.194687      -3.89845809E-08
   155.822998      -3.83593033E-08
   156.451324      -3.77467586E-08
   157.079636      -3.71469469E-08
   157.707962      -3.65580490E-08
   158.336273      -3.59814294E-08
   158.964600      -3.54161784E-08
   159.592911      -3.48618414E-08
   160.221237      -3.43184183E-08
   160.849548      -3.37854544E-08
   161.477859      -3.32624950E-08
   162.106186      -3.27495400E-08
   162.734497      -3.22461347E-08
   163.362823      -3.17531885E-08
   163.991135      -3.12688826E-08
   164.619461      -3.07954906E-08
   165.247772      -3.03293746E-08
   165.876099      -2.98723535E-08
   166.504410      -2.94239726E-08
   167.132736      -2.89846867E-08
   167.761047      -2.85522219E-08
   168.389374      -2.81288521E-08
   169.017685      -2.77127583E-08
   169.646011      -2.73043952E-08
   170.274323      -2.69037628E-08
   170.902649      -2.65108611E-08
   171.530960      -2.61238711E-08
   172.159286      -2.57448391E-08
   172.787598      -2.53719463E-08
   173.415924      -2.50065568E-08
   174.044235      -2.46477612E-08
   174.672562      -2.42946498E-08
   175.300873      -2.39485871E-08
   175.929199      -2.36082087E-08
   176.557510      -2.32739694E-08
   177.185837      -2.29454145E-08
   177.814148      -2.26229986E-08
   178.442474      -2.23060397E-08
   179.070786      -2.19945377E-08
   179.699112      -2.16884928E-08
   180.327423      -2.13876774E-08
   180.955750      -2.10923190E-08
   181.584061      -2.08017354E-08
   182.212372      -2.05166089E-08
   182.840698      -2.02362571E-08
   183.469009      -1.99602255E-08
   184.097336      -1.96891961E-08
   184.725647      -1.94227141E-08
   185.353973      -1.91607796E-08
   185.982285      -1.89029379E-08
   186.610611      -1.86496436E-08
   187.238922      -1.84006694E-08
   187.867249      -1.81557880E-08
   188.495560      -1.79149993E-08
   189.123886      -1.76780759E-08
   189.752197      -1.74450179E-08
   190.380524      -1.72158252E-08
   191.008835      -1.69907253E-08
   191.637161      -1.67685812E-08
   192.265472      -1.65507572E-08
   192.893799      -1.63363438E-08
   193.522110      -1.61248863E-08
   194.150436      -1.59175215E-08
   194.778748      -1.57128852E-08
   195.407074      -1.55118869E-08
   196.035385      -1.53140718E-08
   196.663712      -1.51192125E-08
   197.292023      -1.49275365E-08
   197.920349      -1.47390438E-08
   198.548660      -1.45532795E-08
   199.176987      -1.43704710E-08
   199.805298      -1.41906185E-08
   200.433624      -1.40134944E-08
   201.061935      -1.38390988E-08
   201.690247      -1.36674316E-08
   202.318573      -1.34987204E-08
   202.946884      -1.33318281E-08
   203.575211      -1.31683464E-08
   204.203522      -1.30069111E-08
   204.831848      -1.28482043E-08
   205.460159      -1.26917712E-08
   206.088486      -1.25376118E-08
   206.716797      -1.23859536E-08
   207.345123      -1.22365691E-08
   207.973434      -1.20892309E-08
   208.601761      -1.19441665E-08
   209.230072      -1.18016033E-08
   209.858398      -1.16608589E-08
   210.486710      -1.15223884E-08
   211.115036      -1.13857368E-08
   211.743347      -1.12511316E-08
   212.371674      -1.11185727E-08
   212.999985      -1.09880602E-08
   213.628311      -1.08593667E-08
   214.256622      -1.07324922E-08
   214.884949      -1.06074367E-08
   215.513260      -1.04842002E-08
   216.141586      -1.03628963E-08
   216.769897      -1.02432978E-08
   217.398224      -1.01255182E-08
   218.026535      -1.00091029E-08
   218.654861      -9.89473392E-09
   219.283173      -9.78172920E-09
   219.911499      -9.67054348E-09
   220.539810      -9.56094937E-09
   221.168121      -9.45260581E-09
   221.796448      -9.34608124E-09
   222.424759      -9.24080723E-09
   223.053085      -9.13723852E-09
   223.681396      -9.03480668E-09
   224.309723      -8.93419383E-09
   224.938034      -8.83471785E-09
   225.566360      -8.73671979E-09
   226.194672      -8.64008598E-09
   226.822998      -8.54481641E-09
   227.451309      -8.45068371E-09
   228.079636      -8.35802894E-09
   228.707947      -8.26651103E-09
   229.336273      -8.17635737E-09
   229.964584      -8.08734058E-09
   230.592911      -7.99957434E-09
   231.221222      -7.91294497E-09
   231.849548      -7.82745246E-09
   232.477859      -7.74321052E-09
   233.106186      -7.65999175E-09
   233.734497      -7.57790986E-09
   234.362823      -7.49696483E-09
   234.991135      -7.41715667E-09
   235.619461      -7.33825800E-09
   236.247772      -7.26072358E-09
   236.876099      -7.18387128E-09
   237.504410      -7.10815584E-09
   238.132736      -7.03346359E-09
   238.761047      -6.95968083E-09
   239.389374      -6.88703494E-09
   240.017685      -6.81507117E-09
   240.646011      -6.74435796E-09
   241.274323      -6.67432687E-09
   241.902634      -6.60531896E-09
   242.530960      -6.53710686E-09
   243.159271      -6.46980425E-09
   243.787598      -6.40329745E-09
   244.415909      -6.33770014E-09
   245.044235      -6.27312602E-09
   245.672546      -6.20900664E-09
   246.300873      -6.14602413E-09
   246.929184      -6.08372375E-09
   247.557510      -6.02221917E-09
   248.185822      -5.96139671E-09
   248.814148      -5.90148375E-09
   249.442459      -5.84225290E-09
   250.070786      -5.78370418E-09
   250.699097      -5.72595127E-09
   251.327423      -5.66888048E-09
   251.955734      -5.61260549E-09
   252.584061      -5.55689894E-09
   253.212372      -5.50198820E-09
   253.840698      -5.44770273E-09
   254.469009      -5.39409939E-09
   255.097336      -5.34112132E-09
   255.725647      -5.28882538E-09
   256.353973      -5.23721155E-09
   256.982300      -5.18610932E-09
   257.610596      -5.13580289E-09
   258.238922      -5.08595122E-09
   258.867249      -5.03678166E-09
   259.495575      -4.98818054E-09
   260.123871      -4.94020469E-09
   260.752197      -4.89268359E-09
   261.380524      -4.84590146E-09
   262.008820      -4.79951723E-09
   262.637146      -4.75381512E-09
   263.265472      -4.70851091E-09
   263.893799      -4.66388883E-09
   264.522095      -4.61966465E-09
   265.150421      -4.57612259E-09
   265.778748      -4.53303528E-09
   266.407074      -4.49034587E-09
   267.035370      -4.44833859E-09
   267.663696      -4.40661552E-09
   268.292023      -4.36557457E-09
   268.920349      -4.32481784E-09
   269.548645      -4.28474323E-09
   270.176971      -4.24500968E-09
   270.805298      -4.20573087E-09
   271.433624      -4.16690682E-09
   272.061920      -4.12859436E-09
   272.690247      -4.09062295E-09
   273.318573      -4.05316314E-09
   273.946899      -4.01610123E-09
   274.575195      -3.97949407E-09
   275.203522      -3.94322797E-09
   275.831848      -3.90741661E-09
   276.460175      -3.87206001E-09
   277.088470      -3.83704446E-09
   277.716797      -3.80242682E-09
   278.345123      -3.76820708E-09
   278.973450      -3.73438525E-09
   279.601746      -3.70090447E-09
   280.230072      -3.66785002E-09
   280.858398      -3.63513664E-09
   281.486694      -3.60279273E-09
   282.115021      -3.57078989E-09
   282.743347      -3.53915652E-09
   283.371674      -3.50786422E-09
   283.999969      -3.47694140E-09
   284.628296      -3.44633122E-09
   285.256622      -3.41609052E-09
   285.884949      -3.38613404E-09
   286.513245      -3.35654704E-09
   287.141571      -3.32724426E-09
   287.769897      -3.29831096E-09
   288.398224      -3.26963345E-09
   289.026520      -3.24132543E-09
   289.654846      -3.21330162E-09
   290.283173      -3.18556204E-09
   290.911499      -3.15813509E-09
   291.539795      -3.13099235E-09
   292.168121      -3.10413384E-09
   292.796448      -3.07758796E-09
   293.424774      -3.05129788E-09
   294.053070      -3.02533465E-09
   294.681396      -2.99962721E-09
   295.309723      -2.97413294E-09
   295.938049      -2.94899394E-09
   296.566345      -2.92406810E-09
   297.194672      -2.89942648E-09
   297.822998      -2.87502644E-09
   298.451324      -2.85091062E-09
   299.079620      -2.82702217E-09
   299.707947      -2.80340373E-09
   300.336273      -2.77999845E-09
   300.964600      -2.75686318E-09
   301.592896      -2.73395528E-09
   302.221222      -2.71130318E-09
   302.849548      -2.68887135E-09
   303.477844      -2.66666689E-09
   304.106171      -2.64469691E-09
   304.734497      -2.62295430E-09
   305.362823      -2.60143906E-09
   305.991119      -2.58013699E-09
   306.619446      -2.55903387E-09
   307.247772      -2.53817944E-09
   307.876099      -2.51752397E-09
   308.504395      -2.49708165E-09
   309.132721      -2.47683829E-09
   309.761047      -2.45680454E-09
   310.389374      -2.43697329E-09
   311.017670      -2.41733744E-09
   311.645996      -2.39790410E-09
   312.274323      -2.37866260E-09
   312.902649      -2.35961473E-09
   313.530945      -2.34075692E-09
   314.159271      -2.32208741E-09
